The system is: Linux - 4.9.0-3-amd64 - x86_64
Compiling the C compiler identification source file "CMakeCCompilerId.c" succeeded.
Compiler: /usr/lib/ccache/cc 
Build flags: 
Id flags: 

The output was:
0


Compilation of the C compiler identification source "CMakeCCompilerId.c" produced "a.out"

The C compiler identification is GNU, found in "/var/lib/jenkins/workspace/opm-simulators-PR-builder/mpi/build-libecl/CMakeFiles/3.7.2/CompilerIdC/a.out"

Compiling the CXX compiler identification source file "CMakeCXXCompilerId.cpp" succeeded.
Compiler: /usr/lib/ccache/c++ 
Build flags: 
Id flags: 

The output was:
0


Compilation of the CXX compiler identification source "CMakeCXXCompilerId.cpp" produced "a.out"

The CXX compiler identification is GNU, found in "/var/lib/jenkins/workspace/opm-simulators-PR-builder/mpi/build-libecl/CMakeFiles/3.7.2/CompilerIdCXX/a.out"

Determining if the C compiler works passed with the following output:
Change Dir: /var/lib/jenkins/workspace/opm-simulators-PR-builder/mpi/build-libecl/CMakeFiles/CMakeTmp

Run Build Command:"/usr/bin/make" "cmTC_dfc78/fast"
/usr/bin/make -f CMakeFiles/cmTC_dfc78.dir/build.make CMakeFiles/cmTC_dfc78.dir/build
make[1]: Entering directory '/var/lib/jenkins/workspace/opm-simulators-PR-builder/mpi/build-libecl/CMakeFiles/CMakeTmp'
Building C object CMakeFiles/cmTC_dfc78.dir/testCCompiler.c.o
/usr/lib/ccache/cc     -o CMakeFiles/cmTC_dfc78.dir/testCCompiler.c.o   -c /var/lib/jenkins/workspace/opm-simulators-PR-builder/mpi/build-libecl/CMakeFiles/CMakeTmp/testCCompiler.c
Linking C executable cmTC_dfc78
/usr/bin/cmake -E cmake_link_script CMakeFiles/cmTC_dfc78.dir/link.txt --verbose=1
/usr/lib/ccache/cc       CMakeFiles/cmTC_dfc78.dir/testCCompiler.c.o  -o cmTC_dfc78 -rdynamic 
make[1]: Leaving directory '/var/lib/jenkins/workspace/opm-simulators-PR-builder/mpi/build-libecl/CMakeFiles/CMakeTmp'


Detecting C compiler ABI info compiled with the following output:
Change Dir: /var/lib/jenkins/workspace/opm-simulators-PR-builder/mpi/build-libecl/CMakeFiles/CMakeTmp

Run Build Command:"/usr/bin/make" "cmTC_77b78/fast"
/usr/bin/make -f CMakeFiles/cmTC_77b78.dir/build.make CMakeFiles/cmTC_77b78.dir/build
make[1]: Entering directory '/var/lib/jenkins/workspace/opm-simulators-PR-builder/mpi/build-libecl/CMakeFiles/CMakeTmp'
Building C object CMakeFiles/cmTC_77b78.dir/CMakeCCompilerABI.c.o
/usr/lib/ccache/cc     -o CMakeFiles/cmTC_77b78.dir/CMakeCCompilerABI.c.o   -c /usr/share/cmake-3.7/Modules/CMakeCCompilerABI.c
Linking C executable cmTC_77b78
/usr/bin/cmake -E cmake_link_script CMakeFiles/cmTC_77b78.dir/link.txt --verbose=1
/usr/lib/ccache/cc      -v CMakeFiles/cmTC_77b78.dir/CMakeCCompilerABI.c.o  -o cmTC_77b78 -rdynamic  
Using built-in specs.
COLLECT_GCC=/usr/bin/cc
COLLECT_LTO_WRAPPER=/usr/lib/gcc/x86_64-linux-gnu/6/lto-wrapper
Target: x86_64-linux-gnu
Configured with: ../src/configure -v --with-pkgversion='Debian 6.3.0-18' --with-bugurl=file:///usr/share/doc/gcc-6/README.Bugs --enable-languages=c,ada,c++,java,go,d,fortran,objc,obj-c++ --prefix=/usr --program-suffix=-6 --program-prefix=x86_64-linux-gnu- --enable-shared --enable-linker-build-id --libexecdir=/usr/lib --without-included-gettext --enable-threads=posix --libdir=/usr/lib --enable-nls --with-sysroot=/ --enable-clocale=gnu --enable-libstdcxx-debug --enable-libstdcxx-time=yes --with-default-libstdcxx-abi=new --enable-gnu-unique-object --disable-vtable-verify --enable-libmpx --enable-plugin --enable-default-pie --with-system-zlib --disable-browser-plugin --enable-java-awt=gtk --enable-gtk-cairo --with-java-home=/usr/lib/jvm/java-1.5.0-gcj-6-amd64/jre --enable-java-home --with-jvm-root-dir=/usr/lib/jvm/java-1.5.0-gcj-6-amd64 --with-jvm-jar-dir=/usr/lib/jvm-exports/java-1.5.0-gcj-6-amd64 --with-arch-directory=amd64 --with-ecj-jar=/usr/share/java/eclipse-ecj.jar --with-target-system-zlib --enable-objc-gc=auto --enable-multiarch --with-arch-32=i686 --with-abi=m64 --with-multilib-list=m32,m64,mx32 --enable-multilib --with-tune=generic --enable-checking=release --build=x86_64-linux-gnu --host=x86_64-linux-gnu --target=x86_64-linux-gnu
Thread model: posix
gcc version 6.3.0 20170516 (Debian 6.3.0-18) 
COMPILER_PATH=/usr/lib/gcc/x86_64-linux-gnu/6/:/usr/lib/gcc/x86_64-linux-gnu/6/:/usr/lib/gcc/x86_64-linux-gnu/:/usr/lib/gcc/x86_64-linux-gnu/6/:/usr/lib/gcc/x86_64-linux-gnu/
LIBRARY_PATH=/usr/lib/gcc/x86_64-linux-gnu/6/:/usr/lib/gcc/x86_64-linux-gnu/6/../../../x86_64-linux-gnu/:/usr/lib/gcc/x86_64-linux-gnu/6/../../../../lib/:/lib/x86_64-linux-gnu/:/lib/../lib/:/usr/lib/x86_64-linux-gnu/:/usr/lib/../lib/:/usr/lib/gcc/x86_64-linux-gnu/6/../../../:/lib/:/usr/lib/
COLLECT_GCC_OPTIONS='-v' '-o' 'cmTC_77b78' '-rdynamic' '-mtune=generic' '-march=x86-64'
 /usr/lib/gcc/x86_64-linux-gnu/6/collect2 -plugin /usr/lib/gcc/x86_64-linux-gnu/6/liblto_plugin.so -plugin-opt=/usr/lib/gcc/x86_64-linux-gnu/6/lto-wrapper -plugin-opt=-fresolution=/tmp/cckSTM0h.res -plugin-opt=-pass-through=-lgcc -plugin-opt=-pass-through=-lgcc_s -plugin-opt=-pass-through=-lc -plugin-opt=-pass-through=-lgcc -plugin-opt=-pass-through=-lgcc_s --sysroot=/ --build-id --eh-frame-hdr -m elf_x86_64 --hash-style=gnu -export-dynamic -dynamic-linker /lib64/ld-linux-x86-64.so.2 -pie -o cmTC_77b78 /usr/lib/gcc/x86_64-linux-gnu/6/../../../x86_64-linux-gnu/Scrt1.o /usr/lib/gcc/x86_64-linux-gnu/6/../../../x86_64-linux-gnu/crti.o /usr/lib/gcc/x86_64-linux-gnu/6/crtbeginS.o -L/usr/lib/gcc/x86_64-linux-gnu/6 -L/usr/lib/gcc/x86_64-linux-gnu/6/../../../x86_64-linux-gnu -L/usr/lib/gcc/x86_64-linux-gnu/6/../../../../lib -L/lib/x86_64-linux-gnu -L/lib/../lib -L/usr/lib/x86_64-linux-gnu -L/usr/lib/../lib -L/usr/lib/gcc/x86_64-linux-gnu/6/../../.. CMakeFiles/cmTC_77b78.dir/CMakeCCompilerABI.c.o -lgcc --as-needed -lgcc_s --no-as-needed -lc -lgcc --as-needed -lgcc_s --no-as-needed /usr/lib/gcc/x86_64-linux-gnu/6/crtendS.o /usr/lib/gcc/x86_64-linux-gnu/6/../../../x86_64-linux-gnu/crtn.o
COLLECT_GCC_OPTIONS='-v' '-o' 'cmTC_77b78' '-rdynamic' '-mtune=generic' '-march=x86-64'
make[1]: Leaving directory '/var/lib/jenkins/workspace/opm-simulators-PR-builder/mpi/build-libecl/CMakeFiles/CMakeTmp'


Parsed C implicit link information from above output:
  link line regex: [^( *|.*[/\])(ld|([^/\]+-)?ld|collect2)[^/\]*( |$)]
  ignore line: [Change Dir: /var/lib/jenkins/workspace/opm-simulators-PR-builder/mpi/build-libecl/CMakeFiles/CMakeTmp]
  ignore line: []
  ignore line: [Run Build Command:"/usr/bin/make" "cmTC_77b78/fast"]
  ignore line: [/usr/bin/make -f CMakeFiles/cmTC_77b78.dir/build.make CMakeFiles/cmTC_77b78.dir/build]
  ignore line: [make[1]: Entering directory '/var/lib/jenkins/workspace/opm-simulators-PR-builder/mpi/build-libecl/CMakeFiles/CMakeTmp']
  ignore line: [Building C object CMakeFiles/cmTC_77b78.dir/CMakeCCompilerABI.c.o]
  ignore line: [/usr/lib/ccache/cc     -o CMakeFiles/cmTC_77b78.dir/CMakeCCompilerABI.c.o   -c /usr/share/cmake-3.7/Modules/CMakeCCompilerABI.c]
  ignore line: [Linking C executable cmTC_77b78]
  ignore line: [/usr/bin/cmake -E cmake_link_script CMakeFiles/cmTC_77b78.dir/link.txt --verbose=1]
  ignore line: [/usr/lib/ccache/cc      -v CMakeFiles/cmTC_77b78.dir/CMakeCCompilerABI.c.o  -o cmTC_77b78 -rdynamic  ]
  ignore line: [Using built-in specs.]
  ignore line: [COLLECT_GCC=/usr/bin/cc]
  ignore line: [COLLECT_LTO_WRAPPER=/usr/lib/gcc/x86_64-linux-gnu/6/lto-wrapper]
  ignore line: [Target: x86_64-linux-gnu]
  ignore line: [Configured with: ../src/configure -v --with-pkgversion='Debian 6.3.0-18' --with-bugurl=file:///usr/share/doc/gcc-6/README.Bugs --enable-languages=c,ada,c++,java,go,d,fortran,objc,obj-c++ --prefix=/usr --program-suffix=-6 --program-prefix=x86_64-linux-gnu- --enable-shared --enable-linker-build-id --libexecdir=/usr/lib --without-included-gettext --enable-threads=posix --libdir=/usr/lib --enable-nls --with-sysroot=/ --enable-clocale=gnu --enable-libstdcxx-debug --enable-libstdcxx-time=yes --with-default-libstdcxx-abi=new --enable-gnu-unique-object --disable-vtable-verify --enable-libmpx --enable-plugin --enable-default-pie --with-system-zlib --disable-browser-plugin --enable-java-awt=gtk --enable-gtk-cairo --with-java-home=/usr/lib/jvm/java-1.5.0-gcj-6-amd64/jre --enable-java-home --with-jvm-root-dir=/usr/lib/jvm/java-1.5.0-gcj-6-amd64 --with-jvm-jar-dir=/usr/lib/jvm-exports/java-1.5.0-gcj-6-amd64 --with-arch-directory=amd64 --with-ecj-jar=/usr/share/java/eclipse-ecj.jar --with-target-system-zlib --enable-objc-gc=auto --enable-multiarch --with-arch-32=i686 --with-abi=m64 --with-multilib-list=m32,m64,mx32 --enable-multilib --with-tune=generic --enable-checking=release --build=x86_64-linux-gnu --host=x86_64-linux-gnu --target=x86_64-linux-gnu]
  ignore line: [Thread model: posix]
  ignore line: [gcc version 6.3.0 20170516 (Debian 6.3.0-18) ]
  ignore line: [COMPILER_PATH=/usr/lib/gcc/x86_64-linux-gnu/6/:/usr/lib/gcc/x86_64-linux-gnu/6/:/usr/lib/gcc/x86_64-linux-gnu/:/usr/lib/gcc/x86_64-linux-gnu/6/:/usr/lib/gcc/x86_64-linux-gnu/]
  ignore line: [LIBRARY_PATH=/usr/lib/gcc/x86_64-linux-gnu/6/:/usr/lib/gcc/x86_64-linux-gnu/6/../../../x86_64-linux-gnu/:/usr/lib/gcc/x86_64-linux-gnu/6/../../../../lib/:/lib/x86_64-linux-gnu/:/lib/../lib/:/usr/lib/x86_64-linux-gnu/:/usr/lib/../lib/:/usr/lib/gcc/x86_64-linux-gnu/6/../../../:/lib/:/usr/lib/]
  ignore line: [COLLECT_GCC_OPTIONS='-v' '-o' 'cmTC_77b78' '-rdynamic' '-mtune=generic' '-march=x86-64']
  link line: [ /usr/lib/gcc/x86_64-linux-gnu/6/collect2 -plugin /usr/lib/gcc/x86_64-linux-gnu/6/liblto_plugin.so -plugin-opt=/usr/lib/gcc/x86_64-linux-gnu/6/lto-wrapper -plugin-opt=-fresolution=/tmp/cckSTM0h.res -plugin-opt=-pass-through=-lgcc -plugin-opt=-pass-through=-lgcc_s -plugin-opt=-pass-through=-lc -plugin-opt=-pass-through=-lgcc -plugin-opt=-pass-through=-lgcc_s --sysroot=/ --build-id --eh-frame-hdr -m elf_x86_64 --hash-style=gnu -export-dynamic -dynamic-linker /lib64/ld-linux-x86-64.so.2 -pie -o cmTC_77b78 /usr/lib/gcc/x86_64-linux-gnu/6/../../../x86_64-linux-gnu/Scrt1.o /usr/lib/gcc/x86_64-linux-gnu/6/../../../x86_64-linux-gnu/crti.o /usr/lib/gcc/x86_64-linux-gnu/6/crtbeginS.o -L/usr/lib/gcc/x86_64-linux-gnu/6 -L/usr/lib/gcc/x86_64-linux-gnu/6/../../../x86_64-linux-gnu -L/usr/lib/gcc/x86_64-linux-gnu/6/../../../../lib -L/lib/x86_64-linux-gnu -L/lib/../lib -L/usr/lib/x86_64-linux-gnu -L/usr/lib/../lib -L/usr/lib/gcc/x86_64-linux-gnu/6/../../.. CMakeFiles/cmTC_77b78.dir/CMakeCCompilerABI.c.o -lgcc --as-needed -lgcc_s --no-as-needed -lc -lgcc --as-needed -lgcc_s --no-as-needed /usr/lib/gcc/x86_64-linux-gnu/6/crtendS.o /usr/lib/gcc/x86_64-linux-gnu/6/../../../x86_64-linux-gnu/crtn.o]
    arg [/usr/lib/gcc/x86_64-linux-gnu/6/collect2] ==> ignore
    arg [-plugin] ==> ignore
    arg [/usr/lib/gcc/x86_64-linux-gnu/6/liblto_plugin.so] ==> ignore
    arg [-plugin-opt=/usr/lib/gcc/x86_64-linux-gnu/6/lto-wrapper] ==> ignore
    arg [-plugin-opt=-fresolution=/tmp/cckSTM0h.res] ==> ignore
    arg [-plugin-opt=-pass-through=-lgcc] ==> ignore
    arg [-plugin-opt=-pass-through=-lgcc_s] ==> ignore
    arg [-plugin-opt=-pass-through=-lc] ==> ignore
    arg [-plugin-opt=-pass-through=-lgcc] ==> ignore
    arg [-plugin-opt=-pass-through=-lgcc_s] ==> ignore
    arg [--sysroot=/] ==> ignore
    arg [--build-id] ==> ignore
    arg [--eh-frame-hdr] ==> ignore
    arg [-m] ==> ignore
    arg [elf_x86_64] ==> ignore
    arg [--hash-style=gnu] ==> ignore
    arg [-export-dynamic] ==> ignore
    arg [-dynamic-linker] ==> ignore
    arg [/lib64/ld-linux-x86-64.so.2] ==> ignore
    arg [-pie] ==> ignore
    arg [-o] ==> ignore
    arg [cmTC_77b78] ==> ignore
    arg [/usr/lib/gcc/x86_64-linux-gnu/6/../../../x86_64-linux-gnu/Scrt1.o] ==> ignore
    arg [/usr/lib/gcc/x86_64-linux-gnu/6/../../../x86_64-linux-gnu/crti.o] ==> ignore
    arg [/usr/lib/gcc/x86_64-linux-gnu/6/crtbeginS.o] ==> ignore
    arg [-L/usr/lib/gcc/x86_64-linux-gnu/6] ==> dir [/usr/lib/gcc/x86_64-linux-gnu/6]
    arg [-L/usr/lib/gcc/x86_64-linux-gnu/6/../../../x86_64-linux-gnu] ==> dir [/usr/lib/gcc/x86_64-linux-gnu/6/../../../x86_64-linux-gnu]
    arg [-L/usr/lib/gcc/x86_64-linux-gnu/6/../../../../lib] ==> dir [/usr/lib/gcc/x86_64-linux-gnu/6/../../../../lib]
    arg [-L/lib/x86_64-linux-gnu] ==> dir [/lib/x86_64-linux-gnu]
    arg [-L/lib/../lib] ==> dir [/lib/../lib]
    arg [-L/usr/lib/x86_64-linux-gnu] ==> dir [/usr/lib/x86_64-linux-gnu]
    arg [-L/usr/lib/../lib] ==> dir [/usr/lib/../lib]
    arg [-L/usr/lib/gcc/x86_64-linux-gnu/6/../../..] ==> dir [/usr/lib/gcc/x86_64-linux-gnu/6/../../..]
    arg [CMakeFiles/cmTC_77b78.dir/CMakeCCompilerABI.c.o] ==> ignore
    arg [-lgcc] ==> lib [gcc]
    arg [--as-needed] ==> ignore
    arg [-lgcc_s] ==> lib [gcc_s]
    arg [--no-as-needed] ==> ignore
    arg [-lc] ==> lib [c]
    arg [-lgcc] ==> lib [gcc]
    arg [--as-needed] ==> ignore
    arg [-lgcc_s] ==> lib [gcc_s]
    arg [--no-as-needed] ==> ignore
    arg [/usr/lib/gcc/x86_64-linux-gnu/6/crtendS.o] ==> ignore
    arg [/usr/lib/gcc/x86_64-linux-gnu/6/../../../x86_64-linux-gnu/crtn.o] ==> ignore
  remove lib [gcc]
  remove lib [gcc_s]
  remove lib [gcc]
  remove lib [gcc_s]
  collapse library dir [/usr/lib/gcc/x86_64-linux-gnu/6] ==> [/usr/lib/gcc/x86_64-linux-gnu/6]
  collapse library dir [/usr/lib/gcc/x86_64-linux-gnu/6/../../../x86_64-linux-gnu] ==> [/usr/lib/x86_64-linux-gnu]
  collapse library dir [/usr/lib/gcc/x86_64-linux-gnu/6/../../../../lib] ==> [/usr/lib]
  collapse library dir [/lib/x86_64-linux-gnu] ==> [/lib/x86_64-linux-gnu]
  collapse library dir [/lib/../lib] ==> [/lib]
  collapse library dir [/usr/lib/x86_64-linux-gnu] ==> [/usr/lib/x86_64-linux-gnu]
  collapse library dir [/usr/lib/../lib] ==> [/usr/lib]
  collapse library dir [/usr/lib/gcc/x86_64-linux-gnu/6/../../..] ==> [/usr/lib]
  implicit libs: [c]
  implicit dirs: [/usr/lib/gcc/x86_64-linux-gnu/6;/usr/lib/x86_64-linux-gnu;/usr/lib;/lib/x86_64-linux-gnu;/lib]
  implicit fwks: []




Detecting C [-std=c11] compiler features compiled with the following output:
Change Dir: /var/lib/jenkins/workspace/opm-simulators-PR-builder/mpi/build-libecl/CMakeFiles/CMakeTmp

Run Build Command:"/usr/bin/make" "cmTC_c2523/fast"
/usr/bin/make -f CMakeFiles/cmTC_c2523.dir/build.make CMakeFiles/cmTC_c2523.dir/build
make[1]: Entering directory '/var/lib/jenkins/workspace/opm-simulators-PR-builder/mpi/build-libecl/CMakeFiles/CMakeTmp'
Building C object CMakeFiles/cmTC_c2523.dir/feature_tests.c.o
/usr/lib/ccache/cc    -std=c11 -o CMakeFiles/cmTC_c2523.dir/feature_tests.c.o   -c /var/lib/jenkins/workspace/opm-simulators-PR-builder/mpi/build-libecl/CMakeFiles/feature_tests.c
Linking C executable cmTC_c2523
/usr/bin/cmake -E cmake_link_script CMakeFiles/cmTC_c2523.dir/link.txt --verbose=1
/usr/lib/ccache/cc       CMakeFiles/cmTC_c2523.dir/feature_tests.c.o  -o cmTC_c2523 -rdynamic 
make[1]: Leaving directory '/var/lib/jenkins/workspace/opm-simulators-PR-builder/mpi/build-libecl/CMakeFiles/CMakeTmp'


    Feature record: C_FEATURE:1c_function_prototypes
    Feature record: C_FEATURE:1c_restrict
    Feature record: C_FEATURE:1c_static_assert
    Feature record: C_FEATURE:1c_variadic_macros


Detecting C [-std=c99] compiler features compiled with the following output:
Change Dir: /var/lib/jenkins/workspace/opm-simulators-PR-builder/mpi/build-libecl/CMakeFiles/CMakeTmp

Run Build Command:"/usr/bin/make" "cmTC_39093/fast"
/usr/bin/make -f CMakeFiles/cmTC_39093.dir/build.make CMakeFiles/cmTC_39093.dir/build
make[1]: Entering directory '/var/lib/jenkins/workspace/opm-simulators-PR-builder/mpi/build-libecl/CMakeFiles/CMakeTmp'
Building C object CMakeFiles/cmTC_39093.dir/feature_tests.c.o
/usr/lib/ccache/cc    -std=c99 -o CMakeFiles/cmTC_39093.dir/feature_tests.c.o   -c /var/lib/jenkins/workspace/opm-simulators-PR-builder/mpi/build-libecl/CMakeFiles/feature_tests.c
Linking C executable cmTC_39093
/usr/bin/cmake -E cmake_link_script CMakeFiles/cmTC_39093.dir/link.txt --verbose=1
/usr/lib/ccache/cc       CMakeFiles/cmTC_39093.dir/feature_tests.c.o  -o cmTC_39093 -rdynamic 
make[1]: Leaving directory '/var/lib/jenkins/workspace/opm-simulators-PR-builder/mpi/build-libecl/CMakeFiles/CMakeTmp'


    Feature record: C_FEATURE:1c_function_prototypes
    Feature record: C_FEATURE:1c_restrict
    Feature record: C_FEATURE:0c_static_assert
    Feature record: C_FEATURE:1c_variadic_macros


Detecting C [-std=c90] compiler features compiled with the following output:
Change Dir: /var/lib/jenkins/workspace/opm-simulators-PR-builder/mpi/build-libecl/CMakeFiles/CMakeTmp

Run Build Command:"/usr/bin/make" "cmTC_9e140/fast"
/usr/bin/make -f CMakeFiles/cmTC_9e140.dir/build.make CMakeFiles/cmTC_9e140.dir/build
make[1]: Entering directory '/var/lib/jenkins/workspace/opm-simulators-PR-builder/mpi/build-libecl/CMakeFiles/CMakeTmp'
Building C object CMakeFiles/cmTC_9e140.dir/feature_tests.c.o
/usr/lib/ccache/cc    -std=c90 -o CMakeFiles/cmTC_9e140.dir/feature_tests.c.o   -c /var/lib/jenkins/workspace/opm-simulators-PR-builder/mpi/build-libecl/CMakeFiles/feature_tests.c
Linking C executable cmTC_9e140
/usr/bin/cmake -E cmake_link_script CMakeFiles/cmTC_9e140.dir/link.txt --verbose=1
/usr/lib/ccache/cc       CMakeFiles/cmTC_9e140.dir/feature_tests.c.o  -o cmTC_9e140 -rdynamic 
make[1]: Leaving directory '/var/lib/jenkins/workspace/opm-simulators-PR-builder/mpi/build-libecl/CMakeFiles/CMakeTmp'


    Feature record: C_FEATURE:1c_function_prototypes
    Feature record: C_FEATURE:0c_restrict
    Feature record: C_FEATURE:0c_static_assert
    Feature record: C_FEATURE:0c_variadic_macros
Determining if the CXX compiler works passed with the following output:
Change Dir: /var/lib/jenkins/workspace/opm-simulators-PR-builder/mpi/build-libecl/CMakeFiles/CMakeTmp

Run Build Command:"/usr/bin/make" "cmTC_79bda/fast"
/usr/bin/make -f CMakeFiles/cmTC_79bda.dir/build.make CMakeFiles/cmTC_79bda.dir/build
make[1]: Entering directory '/var/lib/jenkins/workspace/opm-simulators-PR-builder/mpi/build-libecl/CMakeFiles/CMakeTmp'
Building CXX object CMakeFiles/cmTC_79bda.dir/testCXXCompiler.cxx.o
/usr/lib/ccache/c++      -o CMakeFiles/cmTC_79bda.dir/testCXXCompiler.cxx.o -c /var/lib/jenkins/workspace/opm-simulators-PR-builder/mpi/build-libecl/CMakeFiles/CMakeTmp/testCXXCompiler.cxx
Linking CXX executable cmTC_79bda
/usr/bin/cmake -E cmake_link_script CMakeFiles/cmTC_79bda.dir/link.txt --verbose=1
/usr/lib/ccache/c++        CMakeFiles/cmTC_79bda.dir/testCXXCompiler.cxx.o  -o cmTC_79bda -rdynamic 
make[1]: Leaving directory '/var/lib/jenkins/workspace/opm-simulators-PR-builder/mpi/build-libecl/CMakeFiles/CMakeTmp'


Detecting CXX compiler ABI info compiled with the following output:
Change Dir: /var/lib/jenkins/workspace/opm-simulators-PR-builder/mpi/build-libecl/CMakeFiles/CMakeTmp

Run Build Command:"/usr/bin/make" "cmTC_eaa86/fast"
/usr/bin/make -f CMakeFiles/cmTC_eaa86.dir/build.make CMakeFiles/cmTC_eaa86.dir/build
make[1]: Entering directory '/var/lib/jenkins/workspace/opm-simulators-PR-builder/mpi/build-libecl/CMakeFiles/CMakeTmp'
Building CXX object CMakeFiles/cmTC_eaa86.dir/CMakeCXXCompilerABI.cpp.o
/usr/lib/ccache/c++      -o CMakeFiles/cmTC_eaa86.dir/CMakeCXXCompilerABI.cpp.o -c /usr/share/cmake-3.7/Modules/CMakeCXXCompilerABI.cpp
Linking CXX executable cmTC_eaa86
/usr/bin/cmake -E cmake_link_script CMakeFiles/cmTC_eaa86.dir/link.txt --verbose=1
/usr/lib/ccache/c++       -v CMakeFiles/cmTC_eaa86.dir/CMakeCXXCompilerABI.cpp.o  -o cmTC_eaa86 -rdynamic  
Using built-in specs.
COLLECT_GCC=/usr/bin/c++
COLLECT_LTO_WRAPPER=/usr/lib/gcc/x86_64-linux-gnu/6/lto-wrapper
Target: x86_64-linux-gnu
Configured with: ../src/configure -v --with-pkgversion='Debian 6.3.0-18' --with-bugurl=file:///usr/share/doc/gcc-6/README.Bugs --enable-languages=c,ada,c++,java,go,d,fortran,objc,obj-c++ --prefix=/usr --program-suffix=-6 --program-prefix=x86_64-linux-gnu- --enable-shared --enable-linker-build-id --libexecdir=/usr/lib --without-included-gettext --enable-threads=posix --libdir=/usr/lib --enable-nls --with-sysroot=/ --enable-clocale=gnu --enable-libstdcxx-debug --enable-libstdcxx-time=yes --with-default-libstdcxx-abi=new --enable-gnu-unique-object --disable-vtable-verify --enable-libmpx --enable-plugin --enable-default-pie --with-system-zlib --disable-browser-plugin --enable-java-awt=gtk --enable-gtk-cairo --with-java-home=/usr/lib/jvm/java-1.5.0-gcj-6-amd64/jre --enable-java-home --with-jvm-root-dir=/usr/lib/jvm/java-1.5.0-gcj-6-amd64 --with-jvm-jar-dir=/usr/lib/jvm-exports/java-1.5.0-gcj-6-amd64 --with-arch-directory=amd64 --with-ecj-jar=/usr/share/java/eclipse-ecj.jar --with-target-system-zlib --enable-objc-gc=auto --enable-multiarch --with-arch-32=i686 --with-abi=m64 --with-multilib-list=m32,m64,mx32 --enable-multilib --with-tune=generic --enable-checking=release --build=x86_64-linux-gnu --host=x86_64-linux-gnu --target=x86_64-linux-gnu
Thread model: posix
gcc version 6.3.0 20170516 (Debian 6.3.0-18) 
COMPILER_PATH=/usr/lib/gcc/x86_64-linux-gnu/6/:/usr/lib/gcc/x86_64-linux-gnu/6/:/usr/lib/gcc/x86_64-linux-gnu/:/usr/lib/gcc/x86_64-linux-gnu/6/:/usr/lib/gcc/x86_64-linux-gnu/
LIBRARY_PATH=/usr/lib/gcc/x86_64-linux-gnu/6/:/usr/lib/gcc/x86_64-linux-gnu/6/../../../x86_64-linux-gnu/:/usr/lib/gcc/x86_64-linux-gnu/6/../../../../lib/:/lib/x86_64-linux-gnu/:/lib/../lib/:/usr/lib/x86_64-linux-gnu/:/usr/lib/../lib/:/usr/lib/gcc/x86_64-linux-gnu/6/../../../:/lib/:/usr/lib/
COLLECT_GCC_OPTIONS='-v' '-o' 'cmTC_eaa86' '-rdynamic' '-shared-libgcc' '-mtune=generic' '-march=x86-64'
 /usr/lib/gcc/x86_64-linux-gnu/6/collect2 -plugin /usr/lib/gcc/x86_64-linux-gnu/6/liblto_plugin.so -plugin-opt=/usr/lib/gcc/x86_64-linux-gnu/6/lto-wrapper -plugin-opt=-fresolution=/tmp/cc4CUTgx.res -plugin-opt=-pass-through=-lgcc_s -plugin-opt=-pass-through=-lgcc -plugin-opt=-pass-through=-lc -plugin-opt=-pass-through=-lgcc_s -plugin-opt=-pass-through=-lgcc --sysroot=/ --build-id --eh-frame-hdr -m elf_x86_64 --hash-style=gnu -export-dynamic -dynamic-linker /lib64/ld-linux-x86-64.so.2 -pie -o cmTC_eaa86 /usr/lib/gcc/x86_64-linux-gnu/6/../../../x86_64-linux-gnu/Scrt1.o /usr/lib/gcc/x86_64-linux-gnu/6/../../../x86_64-linux-gnu/crti.o /usr/lib/gcc/x86_64-linux-gnu/6/crtbeginS.o -L/usr/lib/gcc/x86_64-linux-gnu/6 -L/usr/lib/gcc/x86_64-linux-gnu/6/../../../x86_64-linux-gnu -L/usr/lib/gcc/x86_64-linux-gnu/6/../../../../lib -L/lib/x86_64-linux-gnu -L/lib/../lib -L/usr/lib/x86_64-linux-gnu -L/usr/lib/../lib -L/usr/lib/gcc/x86_64-linux-gnu/6/../../.. CMakeFiles/cmTC_eaa86.dir/CMakeCXXCompilerABI.cpp.o -lstdc++ -lm -lgcc_s -lgcc -lc -lgcc_s -lgcc /usr/lib/gcc/x86_64-linux-gnu/6/crtendS.o /usr/lib/gcc/x86_64-linux-gnu/6/../../../x86_64-linux-gnu/crtn.o
COLLECT_GCC_OPTIONS='-v' '-o' 'cmTC_eaa86' '-rdynamic' '-shared-libgcc' '-mtune=generic' '-march=x86-64'
make[1]: Leaving directory '/var/lib/jenkins/workspace/opm-simulators-PR-builder/mpi/build-libecl/CMakeFiles/CMakeTmp'


Parsed CXX implicit link information from above output:
  link line regex: [^( *|.*[/\])(ld|([^/\]+-)?ld|collect2)[^/\]*( |$)]
  ignore line: [Change Dir: /var/lib/jenkins/workspace/opm-simulators-PR-builder/mpi/build-libecl/CMakeFiles/CMakeTmp]
  ignore line: []
  ignore line: [Run Build Command:"/usr/bin/make" "cmTC_eaa86/fast"]
  ignore line: [/usr/bin/make -f CMakeFiles/cmTC_eaa86.dir/build.make CMakeFiles/cmTC_eaa86.dir/build]
  ignore line: [make[1]: Entering directory '/var/lib/jenkins/workspace/opm-simulators-PR-builder/mpi/build-libecl/CMakeFiles/CMakeTmp']
  ignore line: [Building CXX object CMakeFiles/cmTC_eaa86.dir/CMakeCXXCompilerABI.cpp.o]
  ignore line: [/usr/lib/ccache/c++      -o CMakeFiles/cmTC_eaa86.dir/CMakeCXXCompilerABI.cpp.o -c /usr/share/cmake-3.7/Modules/CMakeCXXCompilerABI.cpp]
  ignore line: [Linking CXX executable cmTC_eaa86]
  ignore line: [/usr/bin/cmake -E cmake_link_script CMakeFiles/cmTC_eaa86.dir/link.txt --verbose=1]
  ignore line: [/usr/lib/ccache/c++       -v CMakeFiles/cmTC_eaa86.dir/CMakeCXXCompilerABI.cpp.o  -o cmTC_eaa86 -rdynamic  ]
  ignore line: [Using built-in specs.]
  ignore line: [COLLECT_GCC=/usr/bin/c++]
  ignore line: [COLLECT_LTO_WRAPPER=/usr/lib/gcc/x86_64-linux-gnu/6/lto-wrapper]
  ignore line: [Target: x86_64-linux-gnu]
  ignore line: [Configured with: ../src/configure -v --with-pkgversion='Debian 6.3.0-18' --with-bugurl=file:///usr/share/doc/gcc-6/README.Bugs --enable-languages=c,ada,c++,java,go,d,fortran,objc,obj-c++ --prefix=/usr --program-suffix=-6 --program-prefix=x86_64-linux-gnu- --enable-shared --enable-linker-build-id --libexecdir=/usr/lib --without-included-gettext --enable-threads=posix --libdir=/usr/lib --enable-nls --with-sysroot=/ --enable-clocale=gnu --enable-libstdcxx-debug --enable-libstdcxx-time=yes --with-default-libstdcxx-abi=new --enable-gnu-unique-object --disable-vtable-verify --enable-libmpx --enable-plugin --enable-default-pie --with-system-zlib --disable-browser-plugin --enable-java-awt=gtk --enable-gtk-cairo --with-java-home=/usr/lib/jvm/java-1.5.0-gcj-6-amd64/jre --enable-java-home --with-jvm-root-dir=/usr/lib/jvm/java-1.5.0-gcj-6-amd64 --with-jvm-jar-dir=/usr/lib/jvm-exports/java-1.5.0-gcj-6-amd64 --with-arch-directory=amd64 --with-ecj-jar=/usr/share/java/eclipse-ecj.jar --with-target-system-zlib --enable-objc-gc=auto --enable-multiarch --with-arch-32=i686 --with-abi=m64 --with-multilib-list=m32,m64,mx32 --enable-multilib --with-tune=generic --enable-checking=release --build=x86_64-linux-gnu --host=x86_64-linux-gnu --target=x86_64-linux-gnu]
  ignore line: [Thread model: posix]
  ignore line: [gcc version 6.3.0 20170516 (Debian 6.3.0-18) ]
  ignore line: [COMPILER_PATH=/usr/lib/gcc/x86_64-linux-gnu/6/:/usr/lib/gcc/x86_64-linux-gnu/6/:/usr/lib/gcc/x86_64-linux-gnu/:/usr/lib/gcc/x86_64-linux-gnu/6/:/usr/lib/gcc/x86_64-linux-gnu/]
  ignore line: [LIBRARY_PATH=/usr/lib/gcc/x86_64-linux-gnu/6/:/usr/lib/gcc/x86_64-linux-gnu/6/../../../x86_64-linux-gnu/:/usr/lib/gcc/x86_64-linux-gnu/6/../../../../lib/:/lib/x86_64-linux-gnu/:/lib/../lib/:/usr/lib/x86_64-linux-gnu/:/usr/lib/../lib/:/usr/lib/gcc/x86_64-linux-gnu/6/../../../:/lib/:/usr/lib/]
  ignore line: [COLLECT_GCC_OPTIONS='-v' '-o' 'cmTC_eaa86' '-rdynamic' '-shared-libgcc' '-mtune=generic' '-march=x86-64']
  link line: [ /usr/lib/gcc/x86_64-linux-gnu/6/collect2 -plugin /usr/lib/gcc/x86_64-linux-gnu/6/liblto_plugin.so -plugin-opt=/usr/lib/gcc/x86_64-linux-gnu/6/lto-wrapper -plugin-opt=-fresolution=/tmp/cc4CUTgx.res -plugin-opt=-pass-through=-lgcc_s -plugin-opt=-pass-through=-lgcc -plugin-opt=-pass-through=-lc -plugin-opt=-pass-through=-lgcc_s -plugin-opt=-pass-through=-lgcc --sysroot=/ --build-id --eh-frame-hdr -m elf_x86_64 --hash-style=gnu -export-dynamic -dynamic-linker /lib64/ld-linux-x86-64.so.2 -pie -o cmTC_eaa86 /usr/lib/gcc/x86_64-linux-gnu/6/../../../x86_64-linux-gnu/Scrt1.o /usr/lib/gcc/x86_64-linux-gnu/6/../../../x86_64-linux-gnu/crti.o /usr/lib/gcc/x86_64-linux-gnu/6/crtbeginS.o -L/usr/lib/gcc/x86_64-linux-gnu/6 -L/usr/lib/gcc/x86_64-linux-gnu/6/../../../x86_64-linux-gnu -L/usr/lib/gcc/x86_64-linux-gnu/6/../../../../lib -L/lib/x86_64-linux-gnu -L/lib/../lib -L/usr/lib/x86_64-linux-gnu -L/usr/lib/../lib -L/usr/lib/gcc/x86_64-linux-gnu/6/../../.. CMakeFiles/cmTC_eaa86.dir/CMakeCXXCompilerABI.cpp.o -lstdc++ -lm -lgcc_s -lgcc -lc -lgcc_s -lgcc /usr/lib/gcc/x86_64-linux-gnu/6/crtendS.o /usr/lib/gcc/x86_64-linux-gnu/6/../../../x86_64-linux-gnu/crtn.o]
    arg [/usr/lib/gcc/x86_64-linux-gnu/6/collect2] ==> ignore
    arg [-plugin] ==> ignore
    arg [/usr/lib/gcc/x86_64-linux-gnu/6/liblto_plugin.so] ==> ignore
    arg [-plugin-opt=/usr/lib/gcc/x86_64-linux-gnu/6/lto-wrapper] ==> ignore
    arg [-plugin-opt=-fresolution=/tmp/cc4CUTgx.res] ==> ignore
    arg [-plugin-opt=-pass-through=-lgcc_s] ==> ignore
    arg [-plugin-opt=-pass-through=-lgcc] ==> ignore
    arg [-plugin-opt=-pass-through=-lc] ==> ignore
    arg [-plugin-opt=-pass-through=-lgcc_s] ==> ignore
    arg [-plugin-opt=-pass-through=-lgcc] ==> ignore
    arg [--sysroot=/] ==> ignore
    arg [--build-id] ==> ignore
    arg [--eh-frame-hdr] ==> ignore
    arg [-m] ==> ignore
    arg [elf_x86_64] ==> ignore
    arg [--hash-style=gnu] ==> ignore
    arg [-export-dynamic] ==> ignore
    arg [-dynamic-linker] ==> ignore
    arg [/lib64/ld-linux-x86-64.so.2] ==> ignore
    arg [-pie] ==> ignore
    arg [-o] ==> ignore
    arg [cmTC_eaa86] ==> ignore
    arg [/usr/lib/gcc/x86_64-linux-gnu/6/../../../x86_64-linux-gnu/Scrt1.o] ==> ignore
    arg [/usr/lib/gcc/x86_64-linux-gnu/6/../../../x86_64-linux-gnu/crti.o] ==> ignore
    arg [/usr/lib/gcc/x86_64-linux-gnu/6/crtbeginS.o] ==> ignore
    arg [-L/usr/lib/gcc/x86_64-linux-gnu/6] ==> dir [/usr/lib/gcc/x86_64-linux-gnu/6]
    arg [-L/usr/lib/gcc/x86_64-linux-gnu/6/../../../x86_64-linux-gnu] ==> dir [/usr/lib/gcc/x86_64-linux-gnu/6/../../../x86_64-linux-gnu]
    arg [-L/usr/lib/gcc/x86_64-linux-gnu/6/../../../../lib] ==> dir [/usr/lib/gcc/x86_64-linux-gnu/6/../../../../lib]
    arg [-L/lib/x86_64-linux-gnu] ==> dir [/lib/x86_64-linux-gnu]
    arg [-L/lib/../lib] ==> dir [/lib/../lib]
    arg [-L/usr/lib/x86_64-linux-gnu] ==> dir [/usr/lib/x86_64-linux-gnu]
    arg [-L/usr/lib/../lib] ==> dir [/usr/lib/../lib]
    arg [-L/usr/lib/gcc/x86_64-linux-gnu/6/../../..] ==> dir [/usr/lib/gcc/x86_64-linux-gnu/6/../../..]
    arg [CMakeFiles/cmTC_eaa86.dir/CMakeCXXCompilerABI.cpp.o] ==> ignore
    arg [-lstdc++] ==> lib [stdc++]
    arg [-lm] ==> lib [m]
    arg [-lgcc_s] ==> lib [gcc_s]
    arg [-lgcc] ==> lib [gcc]
    arg [-lc] ==> lib [c]
    arg [-lgcc_s] ==> lib [gcc_s]
    arg [-lgcc] ==> lib [gcc]
    arg [/usr/lib/gcc/x86_64-linux-gnu/6/crtendS.o] ==> ignore
    arg [/usr/lib/gcc/x86_64-linux-gnu/6/../../../x86_64-linux-gnu/crtn.o] ==> ignore
  remove lib [gcc_s]
  remove lib [gcc]
  remove lib [gcc_s]
  remove lib [gcc]
  collapse library dir [/usr/lib/gcc/x86_64-linux-gnu/6] ==> [/usr/lib/gcc/x86_64-linux-gnu/6]
  collapse library dir [/usr/lib/gcc/x86_64-linux-gnu/6/../../../x86_64-linux-gnu] ==> [/usr/lib/x86_64-linux-gnu]
  collapse library dir [/usr/lib/gcc/x86_64-linux-gnu/6/../../../../lib] ==> [/usr/lib]
  collapse library dir [/lib/x86_64-linux-gnu] ==> [/lib/x86_64-linux-gnu]
  collapse library dir [/lib/../lib] ==> [/lib]
  collapse library dir [/usr/lib/x86_64-linux-gnu] ==> [/usr/lib/x86_64-linux-gnu]
  collapse library dir [/usr/lib/../lib] ==> [/usr/lib]
  collapse library dir [/usr/lib/gcc/x86_64-linux-gnu/6/../../..] ==> [/usr/lib]
  implicit libs: [stdc++;m;c]
  implicit dirs: [/usr/lib/gcc/x86_64-linux-gnu/6;/usr/lib/x86_64-linux-gnu;/usr/lib;/lib/x86_64-linux-gnu;/lib]
  implicit fwks: []




Detecting CXX [-std=c++14] compiler features compiled with the following output:
Change Dir: /var/lib/jenkins/workspace/opm-simulators-PR-builder/mpi/build-libecl/CMakeFiles/CMakeTmp

Run Build Command:"/usr/bin/make" "cmTC_6f670/fast"
/usr/bin/make -f CMakeFiles/cmTC_6f670.dir/build.make CMakeFiles/cmTC_6f670.dir/build
make[1]: Entering directory '/var/lib/jenkins/workspace/opm-simulators-PR-builder/mpi/build-libecl/CMakeFiles/CMakeTmp'
Building CXX object CMakeFiles/cmTC_6f670.dir/feature_tests.cxx.o
/usr/lib/ccache/c++     -std=c++14 -o CMakeFiles/cmTC_6f670.dir/feature_tests.cxx.o -c /var/lib/jenkins/workspace/opm-simulators-PR-builder/mpi/build-libecl/CMakeFiles/feature_tests.cxx
Linking CXX executable cmTC_6f670
/usr/bin/cmake -E cmake_link_script CMakeFiles/cmTC_6f670.dir/link.txt --verbose=1
/usr/lib/ccache/c++        CMakeFiles/cmTC_6f670.dir/feature_tests.cxx.o  -o cmTC_6f670 -rdynamic 
make[1]: Leaving directory '/var/lib/jenkins/workspace/opm-simulators-PR-builder/mpi/build-libecl/CMakeFiles/CMakeTmp'


    Feature record: CXX_FEATURE:1cxx_aggregate_default_initializers
    Feature record: CXX_FEATURE:1cxx_alias_templates
    Feature record: CXX_FEATURE:1cxx_alignas
    Feature record: CXX_FEATURE:1cxx_alignof
    Feature record: CXX_FEATURE:1cxx_attributes
    Feature record: CXX_FEATURE:1cxx_attribute_deprecated
    Feature record: CXX_FEATURE:1cxx_auto_type
    Feature record: CXX_FEATURE:1cxx_binary_literals
    Feature record: CXX_FEATURE:1cxx_constexpr
    Feature record: CXX_FEATURE:1cxx_contextual_conversions
    Feature record: CXX_FEATURE:1cxx_decltype
    Feature record: CXX_FEATURE:1cxx_decltype_auto
    Feature record: CXX_FEATURE:1cxx_decltype_incomplete_return_types
    Feature record: CXX_FEATURE:1cxx_default_function_template_args
    Feature record: CXX_FEATURE:1cxx_defaulted_functions
    Feature record: CXX_FEATURE:1cxx_defaulted_move_initializers
    Feature record: CXX_FEATURE:1cxx_delegating_constructors
    Feature record: CXX_FEATURE:1cxx_deleted_functions
    Feature record: CXX_FEATURE:1cxx_digit_separators
    Feature record: CXX_FEATURE:1cxx_enum_forward_declarations
    Feature record: CXX_FEATURE:1cxx_explicit_conversions
    Feature record: CXX_FEATURE:1cxx_extended_friend_declarations
    Feature record: CXX_FEATURE:1cxx_extern_templates
    Feature record: CXX_FEATURE:1cxx_final
    Feature record: CXX_FEATURE:1cxx_func_identifier
    Feature record: CXX_FEATURE:1cxx_generalized_initializers
    Feature record: CXX_FEATURE:1cxx_generic_lambdas
    Feature record: CXX_FEATURE:1cxx_inheriting_constructors
    Feature record: CXX_FEATURE:1cxx_inline_namespaces
    Feature record: CXX_FEATURE:1cxx_lambdas
    Feature record: CXX_FEATURE:1cxx_lambda_init_captures
    Feature record: CXX_FEATURE:1cxx_local_type_template_args
    Feature record: CXX_FEATURE:1cxx_long_long_type
    Feature record: CXX_FEATURE:1cxx_noexcept
    Feature record: CXX_FEATURE:1cxx_nonstatic_member_init
    Feature record: CXX_FEATURE:1cxx_nullptr
    Feature record: CXX_FEATURE:1cxx_override
    Feature record: CXX_FEATURE:1cxx_range_for
    Feature record: CXX_FEATURE:1cxx_raw_string_literals
    Feature record: CXX_FEATURE:1cxx_reference_qualified_functions
    Feature record: CXX_FEATURE:1cxx_relaxed_constexpr
    Feature record: CXX_FEATURE:1cxx_return_type_deduction
    Feature record: CXX_FEATURE:1cxx_right_angle_brackets
    Feature record: CXX_FEATURE:1cxx_rvalue_references
    Feature record: CXX_FEATURE:1cxx_sizeof_member
    Feature record: CXX_FEATURE:1cxx_static_assert
    Feature record: CXX_FEATURE:1cxx_strong_enums
    Feature record: CXX_FEATURE:1cxx_template_template_parameters
    Feature record: CXX_FEATURE:1cxx_thread_local
    Feature record: CXX_FEATURE:1cxx_trailing_return_types
    Feature record: CXX_FEATURE:1cxx_unicode_literals
    Feature record: CXX_FEATURE:1cxx_uniform_initialization
    Feature record: CXX_FEATURE:1cxx_unrestricted_unions
    Feature record: CXX_FEATURE:1cxx_user_literals
    Feature record: CXX_FEATURE:1cxx_variable_templates
    Feature record: CXX_FEATURE:1cxx_variadic_macros
    Feature record: CXX_FEATURE:1cxx_variadic_templates


Detecting CXX [-std=c++11] compiler features compiled with the following output:
Change Dir: /var/lib/jenkins/workspace/opm-simulators-PR-builder/mpi/build-libecl/CMakeFiles/CMakeTmp

Run Build Command:"/usr/bin/make" "cmTC_595c1/fast"
/usr/bin/make -f CMakeFiles/cmTC_595c1.dir/build.make CMakeFiles/cmTC_595c1.dir/build
make[1]: Entering directory '/var/lib/jenkins/workspace/opm-simulators-PR-builder/mpi/build-libecl/CMakeFiles/CMakeTmp'
Building CXX object CMakeFiles/cmTC_595c1.dir/feature_tests.cxx.o
/usr/lib/ccache/c++     -std=c++11 -o CMakeFiles/cmTC_595c1.dir/feature_tests.cxx.o -c /var/lib/jenkins/workspace/opm-simulators-PR-builder/mpi/build-libecl/CMakeFiles/feature_tests.cxx
Linking CXX executable cmTC_595c1
/usr/bin/cmake -E cmake_link_script CMakeFiles/cmTC_595c1.dir/link.txt --verbose=1
/usr/lib/ccache/c++        CMakeFiles/cmTC_595c1.dir/feature_tests.cxx.o  -o cmTC_595c1 -rdynamic 
make[1]: Leaving directory '/var/lib/jenkins/workspace/opm-simulators-PR-builder/mpi/build-libecl/CMakeFiles/CMakeTmp'


    Feature record: CXX_FEATURE:0cxx_aggregate_default_initializers
    Feature record: CXX_FEATURE:1cxx_alias_templates
    Feature record: CXX_FEATURE:1cxx_alignas
    Feature record: CXX_FEATURE:1cxx_alignof
    Feature record: CXX_FEATURE:1cxx_attributes
    Feature record: CXX_FEATURE:0cxx_attribute_deprecated
    Feature record: CXX_FEATURE:1cxx_auto_type
    Feature record: CXX_FEATURE:0cxx_binary_literals
    Feature record: CXX_FEATURE:1cxx_constexpr
    Feature record: CXX_FEATURE:0cxx_contextual_conversions
    Feature record: CXX_FEATURE:1cxx_decltype
    Feature record: CXX_FEATURE:0cxx_decltype_auto
    Feature record: CXX_FEATURE:1cxx_decltype_incomplete_return_types
    Feature record: CXX_FEATURE:1cxx_default_function_template_args
    Feature record: CXX_FEATURE:1cxx_defaulted_functions
    Feature record: CXX_FEATURE:1cxx_defaulted_move_initializers
    Feature record: CXX_FEATURE:1cxx_delegating_constructors
    Feature record: CXX_FEATURE:1cxx_deleted_functions
    Feature record: CXX_FEATURE:0cxx_digit_separators
    Feature record: CXX_FEATURE:1cxx_enum_forward_declarations
    Feature record: CXX_FEATURE:1cxx_explicit_conversions
    Feature record: CXX_FEATURE:1cxx_extended_friend_declarations
    Feature record: CXX_FEATURE:1cxx_extern_templates
    Feature record: CXX_FEATURE:1cxx_final
    Feature record: CXX_FEATURE:1cxx_func_identifier
    Feature record: CXX_FEATURE:1cxx_generalized_initializers
    Feature record: CXX_FEATURE:0cxx_generic_lambdas
    Feature record: CXX_FEATURE:1cxx_inheriting_constructors
    Feature record: CXX_FEATURE:1cxx_inline_namespaces
    Feature record: CXX_FEATURE:1cxx_lambdas
    Feature record: CXX_FEATURE:0cxx_lambda_init_captures
    Feature record: CXX_FEATURE:1cxx_local_type_template_args
    Feature record: CXX_FEATURE:1cxx_long_long_type
    Feature record: CXX_FEATURE:1cxx_noexcept
    Feature record: CXX_FEATURE:1cxx_nonstatic_member_init
    Feature record: CXX_FEATURE:1cxx_nullptr
    Feature record: CXX_FEATURE:1cxx_override
    Feature record: CXX_FEATURE:1cxx_range_for
    Feature record: CXX_FEATURE:1cxx_raw_string_literals
    Feature record: CXX_FEATURE:1cxx_reference_qualified_functions
    Feature record: CXX_FEATURE:0cxx_relaxed_constexpr
    Feature record: CXX_FEATURE:0cxx_return_type_deduction
    Feature record: CXX_FEATURE:1cxx_right_angle_brackets
    Feature record: CXX_FEATURE:1cxx_rvalue_references
    Feature record: CXX_FEATURE:1cxx_sizeof_member
    Feature record: CXX_FEATURE:1cxx_static_assert
    Feature record: CXX_FEATURE:1cxx_strong_enums
    Feature record: CXX_FEATURE:1cxx_template_template_parameters
    Feature record: CXX_FEATURE:1cxx_thread_local
    Feature record: CXX_FEATURE:1cxx_trailing_return_types
    Feature record: CXX_FEATURE:1cxx_unicode_literals
    Feature record: CXX_FEATURE:1cxx_uniform_initialization
    Feature record: CXX_FEATURE:1cxx_unrestricted_unions
    Feature record: CXX_FEATURE:1cxx_user_literals
    Feature record: CXX_FEATURE:0cxx_variable_templates
    Feature record: CXX_FEATURE:1cxx_variadic_macros
    Feature record: CXX_FEATURE:1cxx_variadic_templates


Detecting CXX [-std=c++98] compiler features compiled with the following output:
Change Dir: /var/lib/jenkins/workspace/opm-simulators-PR-builder/mpi/build-libecl/CMakeFiles/CMakeTmp

Run Build Command:"/usr/bin/make" "cmTC_c0c74/fast"
/usr/bin/make -f CMakeFiles/cmTC_c0c74.dir/build.make CMakeFiles/cmTC_c0c74.dir/build
make[1]: Entering directory '/var/lib/jenkins/workspace/opm-simulators-PR-builder/mpi/build-libecl/CMakeFiles/CMakeTmp'
Building CXX object CMakeFiles/cmTC_c0c74.dir/feature_tests.cxx.o
/usr/lib/ccache/c++     -std=c++98 -o CMakeFiles/cmTC_c0c74.dir/feature_tests.cxx.o -c /var/lib/jenkins/workspace/opm-simulators-PR-builder/mpi/build-libecl/CMakeFiles/feature_tests.cxx
Linking CXX executable cmTC_c0c74
/usr/bin/cmake -E cmake_link_script CMakeFiles/cmTC_c0c74.dir/link.txt --verbose=1
/usr/lib/ccache/c++        CMakeFiles/cmTC_c0c74.dir/feature_tests.cxx.o  -o cmTC_c0c74 -rdynamic 
make[1]: Leaving directory '/var/lib/jenkins/workspace/opm-simulators-PR-builder/mpi/build-libecl/CMakeFiles/CMakeTmp'


    Feature record: CXX_FEATURE:0cxx_aggregate_default_initializers
    Feature record: CXX_FEATURE:0cxx_alias_templates
    Feature record: CXX_FEATURE:0cxx_alignas
    Feature record: CXX_FEATURE:0cxx_alignof
    Feature record: CXX_FEATURE:0cxx_attributes
    Feature record: CXX_FEATURE:0cxx_attribute_deprecated
    Feature record: CXX_FEATURE:0cxx_auto_type
    Feature record: CXX_FEATURE:0cxx_binary_literals
    Feature record: CXX_FEATURE:0cxx_constexpr
    Feature record: CXX_FEATURE:0cxx_contextual_conversions
    Feature record: CXX_FEATURE:0cxx_decltype
    Feature record: CXX_FEATURE:0cxx_decltype_auto
    Feature record: CXX_FEATURE:0cxx_decltype_incomplete_return_types
    Feature record: CXX_FEATURE:0cxx_default_function_template_args
    Feature record: CXX_FEATURE:0cxx_defaulted_functions
    Feature record: CXX_FEATURE:0cxx_defaulted_move_initializers
    Feature record: CXX_FEATURE:0cxx_delegating_constructors
    Feature record: CXX_FEATURE:0cxx_deleted_functions
    Feature record: CXX_FEATURE:0cxx_digit_separators
    Feature record: CXX_FEATURE:0cxx_enum_forward_declarations
    Feature record: CXX_FEATURE:0cxx_explicit_conversions
    Feature record: CXX_FEATURE:0cxx_extended_friend_declarations
    Feature record: CXX_FEATURE:0cxx_extern_templates
    Feature record: CXX_FEATURE:0cxx_final
    Feature record: CXX_FEATURE:0cxx_func_identifier
    Feature record: CXX_FEATURE:0cxx_generalized_initializers
    Feature record: CXX_FEATURE:0cxx_generic_lambdas
    Feature record: CXX_FEATURE:0cxx_inheriting_constructors
    Feature record: CXX_FEATURE:0cxx_inline_namespaces
    Feature record: CXX_FEATURE:0cxx_lambdas
    Feature record: CXX_FEATURE:0cxx_lambda_init_captures
    Feature record: CXX_FEATURE:0cxx_local_type_template_args
    Feature record: CXX_FEATURE:0cxx_long_long_type
    Feature record: CXX_FEATURE:0cxx_noexcept
    Feature record: CXX_FEATURE:0cxx_nonstatic_member_init
    Feature record: CXX_FEATURE:0cxx_nullptr
    Feature record: CXX_FEATURE:0cxx_override
    Feature record: CXX_FEATURE:0cxx_range_for
    Feature record: CXX_FEATURE:0cxx_raw_string_literals
    Feature record: CXX_FEATURE:0cxx_reference_qualified_functions
    Feature record: CXX_FEATURE:0cxx_relaxed_constexpr
    Feature record: CXX_FEATURE:0cxx_return_type_deduction
    Feature record: CXX_FEATURE:0cxx_right_angle_brackets
    Feature record: CXX_FEATURE:0cxx_rvalue_references
    Feature record: CXX_FEATURE:0cxx_sizeof_member
    Feature record: CXX_FEATURE:0cxx_static_assert
    Feature record: CXX_FEATURE:0cxx_strong_enums
    Feature record: CXX_FEATURE:1cxx_template_template_parameters
    Feature record: CXX_FEATURE:0cxx_thread_local
    Feature record: CXX_FEATURE:0cxx_trailing_return_types
    Feature record: CXX_FEATURE:0cxx_unicode_literals
    Feature record: CXX_FEATURE:0cxx_uniform_initialization
    Feature record: CXX_FEATURE:0cxx_unrestricted_unions
    Feature record: CXX_FEATURE:0cxx_user_literals
    Feature record: CXX_FEATURE:0cxx_variable_templates
    Feature record: CXX_FEATURE:0cxx_variadic_macros
    Feature record: CXX_FEATURE:0cxx_variadic_templates
Performing C++ SOURCE FILE Test COMPILER_SUPPORTS_CXX11 succeeded with the following output:
Change Dir: /var/lib/jenkins/workspace/opm-simulators-PR-builder/mpi/build-libecl/CMakeFiles/CMakeTmp

Run Build Command:"/usr/bin/make" "cmTC_8dd38/fast"
/usr/bin/make -f CMakeFiles/cmTC_8dd38.dir/build.make CMakeFiles/cmTC_8dd38.dir/build
make[1]: Entering directory '/var/lib/jenkins/workspace/opm-simulators-PR-builder/mpi/build-libecl/CMakeFiles/CMakeTmp'
Building CXX object CMakeFiles/cmTC_8dd38.dir/src.cxx.o
/usr/lib/ccache/c++     -Wall  -DCOMPILER_SUPPORTS_CXX11   -std=c++11 -o CMakeFiles/cmTC_8dd38.dir/src.cxx.o -c /var/lib/jenkins/workspace/opm-simulators-PR-builder/mpi/build-libecl/CMakeFiles/CMakeTmp/src.cxx
Linking CXX executable cmTC_8dd38
/usr/bin/cmake -E cmake_link_script CMakeFiles/cmTC_8dd38.dir/link.txt --verbose=1
/usr/lib/ccache/c++    -Wall  -DCOMPILER_SUPPORTS_CXX11    CMakeFiles/cmTC_8dd38.dir/src.cxx.o  -o cmTC_8dd38 -rdynamic 
make[1]: Leaving directory '/var/lib/jenkins/workspace/opm-simulators-PR-builder/mpi/build-libecl/CMakeFiles/CMakeTmp'

Source file was:
int main() { return 0; }
Performing C++ SOURCE FILE Test COMPILER_SUPPORTS_CXX0X succeeded with the following output:
Change Dir: /var/lib/jenkins/workspace/opm-simulators-PR-builder/mpi/build-libecl/CMakeFiles/CMakeTmp

Run Build Command:"/usr/bin/make" "cmTC_01312/fast"
/usr/bin/make -f CMakeFiles/cmTC_01312.dir/build.make CMakeFiles/cmTC_01312.dir/build
make[1]: Entering directory '/var/lib/jenkins/workspace/opm-simulators-PR-builder/mpi/build-libecl/CMakeFiles/CMakeTmp'
Building CXX object CMakeFiles/cmTC_01312.dir/src.cxx.o
/usr/lib/ccache/c++     -Wall  -DCOMPILER_SUPPORTS_CXX0X   -std=c++0x -o CMakeFiles/cmTC_01312.dir/src.cxx.o -c /var/lib/jenkins/workspace/opm-simulators-PR-builder/mpi/build-libecl/CMakeFiles/CMakeTmp/src.cxx
Linking CXX executable cmTC_01312
/usr/bin/cmake -E cmake_link_script CMakeFiles/cmTC_01312.dir/link.txt --verbose=1
/usr/lib/ccache/c++    -Wall  -DCOMPILER_SUPPORTS_CXX0X    CMakeFiles/cmTC_01312.dir/src.cxx.o  -o cmTC_01312 -rdynamic 
make[1]: Leaving directory '/var/lib/jenkins/workspace/opm-simulators-PR-builder/mpi/build-libecl/CMakeFiles/CMakeTmp'

Source file was:
int main() { return 0; }
Performing C SOURCE FILE Test OpenMP_FLAG_DETECTED succeeded with the following output:
Change Dir: /var/lib/jenkins/workspace/opm-simulators-PR-builder/mpi/build-libecl/CMakeFiles/CMakeTmp

Run Build Command:"/usr/bin/make" "cmTC_6e2da/fast"
/usr/bin/make -f CMakeFiles/cmTC_6e2da.dir/build.make CMakeFiles/cmTC_6e2da.dir/build
make[1]: Entering directory '/var/lib/jenkins/workspace/opm-simulators-PR-builder/mpi/build-libecl/CMakeFiles/CMakeTmp'
Building C object CMakeFiles/cmTC_6e2da.dir/src.c.o
/usr/lib/ccache/cc    -std=gnu99 -Wall -Wno-unknown-pragmas  -DOpenMP_FLAG_DETECTED -fopenmp   -o CMakeFiles/cmTC_6e2da.dir/src.c.o   -c /var/lib/jenkins/workspace/opm-simulators-PR-builder/mpi/build-libecl/CMakeFiles/CMakeTmp/src.c
Linking C executable cmTC_6e2da
/usr/bin/cmake -E cmake_link_script CMakeFiles/cmTC_6e2da.dir/link.txt --verbose=1
/usr/lib/ccache/cc   -std=gnu99 -Wall -Wno-unknown-pragmas  -DOpenMP_FLAG_DETECTED -fopenmp    CMakeFiles/cmTC_6e2da.dir/src.c.o  -o cmTC_6e2da -rdynamic 
make[1]: Leaving directory '/var/lib/jenkins/workspace/opm-simulators-PR-builder/mpi/build-libecl/CMakeFiles/CMakeTmp'

Source file was:

#include <omp.h>
int main() {
#ifdef _OPENMP
  return 0;
#else
  breaks_on_purpose
#endif
}

Performing C++ SOURCE FILE Test OpenMP_FLAG_DETECTED succeeded with the following output:
Change Dir: /var/lib/jenkins/workspace/opm-simulators-PR-builder/mpi/build-libecl/CMakeFiles/CMakeTmp

Run Build Command:"/usr/bin/make" "cmTC_9ef8f/fast"
/usr/bin/make -f CMakeFiles/cmTC_9ef8f.dir/build.make CMakeFiles/cmTC_9ef8f.dir/build
make[1]: Entering directory '/var/lib/jenkins/workspace/opm-simulators-PR-builder/mpi/build-libecl/CMakeFiles/CMakeTmp'
Building CXX object CMakeFiles/cmTC_9ef8f.dir/src.cxx.o
/usr/lib/ccache/c++     -Wall  -std=c++11 -DOpenMP_FLAG_DETECTED -fopenmp   -o CMakeFiles/cmTC_9ef8f.dir/src.cxx.o -c /var/lib/jenkins/workspace/opm-simulators-PR-builder/mpi/build-libecl/CMakeFiles/CMakeTmp/src.cxx
Linking CXX executable cmTC_9ef8f
/usr/bin/cmake -E cmake_link_script CMakeFiles/cmTC_9ef8f.dir/link.txt --verbose=1
/usr/lib/ccache/c++    -Wall  -std=c++11 -DOpenMP_FLAG_DETECTED -fopenmp    CMakeFiles/cmTC_9ef8f.dir/src.cxx.o  -o cmTC_9ef8f -rdynamic 
make[1]: Leaving directory '/var/lib/jenkins/workspace/opm-simulators-PR-builder/mpi/build-libecl/CMakeFiles/CMakeTmp'

Source file was:

#include <omp.h>
int main() {
#ifdef _OPENMP
  return 0;
#else
  breaks_on_purpose
#endif
}

Determining if the include file pthread.h exists passed with the following output:
Change Dir: /var/lib/jenkins/workspace/opm-simulators-PR-builder/mpi/build-libecl/CMakeFiles/CMakeTmp

Run Build Command:"/usr/bin/make" "cmTC_5b025/fast"
/usr/bin/make -f CMakeFiles/cmTC_5b025.dir/build.make CMakeFiles/cmTC_5b025.dir/build
make[1]: Entering directory '/var/lib/jenkins/workspace/opm-simulators-PR-builder/mpi/build-libecl/CMakeFiles/CMakeTmp'
Building C object CMakeFiles/cmTC_5b025.dir/CheckIncludeFile.c.o
/usr/lib/ccache/cc    -std=gnu99 -Wall -Wno-unknown-pragmas     -o CMakeFiles/cmTC_5b025.dir/CheckIncludeFile.c.o   -c /var/lib/jenkins/workspace/opm-simulators-PR-builder/mpi/build-libecl/CMakeFiles/CMakeTmp/CheckIncludeFile.c
Linking C executable cmTC_5b025
/usr/bin/cmake -E cmake_link_script CMakeFiles/cmTC_5b025.dir/link.txt --verbose=1
/usr/lib/ccache/cc   -std=gnu99 -Wall -Wno-unknown-pragmas      CMakeFiles/cmTC_5b025.dir/CheckIncludeFile.c.o  -o cmTC_5b025 -rdynamic 
make[1]: Leaving directory '/var/lib/jenkins/workspace/opm-simulators-PR-builder/mpi/build-libecl/CMakeFiles/CMakeTmp'


Determining if the function sgemm_ exists passed with the following output:
Change Dir: /var/lib/jenkins/workspace/opm-simulators-PR-builder/mpi/build-libecl/CMakeFiles/CMakeTmp

Run Build Command:"/usr/bin/make" "cmTC_60d95/fast"
/usr/bin/make -f CMakeFiles/cmTC_60d95.dir/build.make CMakeFiles/cmTC_60d95.dir/build
make[1]: Entering directory '/var/lib/jenkins/workspace/opm-simulators-PR-builder/mpi/build-libecl/CMakeFiles/CMakeTmp'
Building C object CMakeFiles/cmTC_60d95.dir/CheckFunctionExists.c.o
/usr/lib/ccache/cc    -std=gnu99 -Wall -Wno-unknown-pragmas  -DCHECK_FUNCTION_EXISTS=sgemm_   -o CMakeFiles/cmTC_60d95.dir/CheckFunctionExists.c.o   -c /usr/share/cmake-3.7/Modules/CheckFunctionExists.c
Linking C executable cmTC_60d95
/usr/bin/cmake -E cmake_link_script CMakeFiles/cmTC_60d95.dir/link.txt --verbose=1
/usr/lib/ccache/cc   -std=gnu99 -Wall -Wno-unknown-pragmas  -DCHECK_FUNCTION_EXISTS=sgemm_    CMakeFiles/cmTC_60d95.dir/CheckFunctionExists.c.o  -o cmTC_60d95 -rdynamic /usr/lib/libblas.so 
make[1]: Leaving directory '/var/lib/jenkins/workspace/opm-simulators-PR-builder/mpi/build-libecl/CMakeFiles/CMakeTmp'


Determining if the function cheev_ exists passed with the following output:
Change Dir: /var/lib/jenkins/workspace/opm-simulators-PR-builder/mpi/build-libecl/CMakeFiles/CMakeTmp

Run Build Command:"/usr/bin/make" "cmTC_1eeb5/fast"
/usr/bin/make -f CMakeFiles/cmTC_1eeb5.dir/build.make CMakeFiles/cmTC_1eeb5.dir/build
make[1]: Entering directory '/var/lib/jenkins/workspace/opm-simulators-PR-builder/mpi/build-libecl/CMakeFiles/CMakeTmp'
Building C object CMakeFiles/cmTC_1eeb5.dir/CheckFunctionExists.c.o
/usr/lib/ccache/cc    -std=gnu99 -Wall -Wno-unknown-pragmas  -DCHECK_FUNCTION_EXISTS=cheev_   -o CMakeFiles/cmTC_1eeb5.dir/CheckFunctionExists.c.o   -c /usr/share/cmake-3.7/Modules/CheckFunctionExists.c
Linking C executable cmTC_1eeb5
/usr/bin/cmake -E cmake_link_script CMakeFiles/cmTC_1eeb5.dir/link.txt --verbose=1
/usr/lib/ccache/cc   -std=gnu99 -Wall -Wno-unknown-pragmas  -DCHECK_FUNCTION_EXISTS=cheev_    CMakeFiles/cmTC_1eeb5.dir/CheckFunctionExists.c.o  -o cmTC_1eeb5 -rdynamic /usr/lib/liblapack.so /usr/lib/libblas.so 
make[1]: Leaving directory '/var/lib/jenkins/workspace/opm-simulators-PR-builder/mpi/build-libecl/CMakeFiles/CMakeTmp'


Determining if the function chdir exists passed with the following output:
Change Dir: /var/lib/jenkins/workspace/opm-simulators-PR-builder/mpi/build-libecl/CMakeFiles/CMakeTmp

Run Build Command:"/usr/bin/make" "cmTC_03137/fast"
/usr/bin/make -f CMakeFiles/cmTC_03137.dir/build.make CMakeFiles/cmTC_03137.dir/build
make[1]: Entering directory '/var/lib/jenkins/workspace/opm-simulators-PR-builder/mpi/build-libecl/CMakeFiles/CMakeTmp'
Building C object CMakeFiles/cmTC_03137.dir/CheckFunctionExists.c.o
/usr/lib/ccache/cc    -std=gnu99 -Wall -Wno-unknown-pragmas  -DCHECK_FUNCTION_EXISTS=chdir   -o CMakeFiles/cmTC_03137.dir/CheckFunctionExists.c.o   -c /usr/share/cmake-3.7/Modules/CheckFunctionExists.c
Linking C executable cmTC_03137
/usr/bin/cmake -E cmake_link_script CMakeFiles/cmTC_03137.dir/link.txt --verbose=1
/usr/lib/ccache/cc   -std=gnu99 -Wall -Wno-unknown-pragmas  -DCHECK_FUNCTION_EXISTS=chdir    CMakeFiles/cmTC_03137.dir/CheckFunctionExists.c.o  -o cmTC_03137 -rdynamic 
make[1]: Leaving directory '/var/lib/jenkins/workspace/opm-simulators-PR-builder/mpi/build-libecl/CMakeFiles/CMakeTmp'


Determining if the function chmod exists passed with the following output:
Change Dir: /var/lib/jenkins/workspace/opm-simulators-PR-builder/mpi/build-libecl/CMakeFiles/CMakeTmp

Run Build Command:"/usr/bin/make" "cmTC_41a14/fast"
/usr/bin/make -f CMakeFiles/cmTC_41a14.dir/build.make CMakeFiles/cmTC_41a14.dir/build
make[1]: Entering directory '/var/lib/jenkins/workspace/opm-simulators-PR-builder/mpi/build-libecl/CMakeFiles/CMakeTmp'
Building C object CMakeFiles/cmTC_41a14.dir/CheckFunctionExists.c.o
/usr/lib/ccache/cc    -std=gnu99 -Wall -Wno-unknown-pragmas  -DCHECK_FUNCTION_EXISTS=chmod   -o CMakeFiles/cmTC_41a14.dir/CheckFunctionExists.c.o   -c /usr/share/cmake-3.7/Modules/CheckFunctionExists.c
Linking C executable cmTC_41a14
/usr/bin/cmake -E cmake_link_script CMakeFiles/cmTC_41a14.dir/link.txt --verbose=1
/usr/lib/ccache/cc   -std=gnu99 -Wall -Wno-unknown-pragmas  -DCHECK_FUNCTION_EXISTS=chmod    CMakeFiles/cmTC_41a14.dir/CheckFunctionExists.c.o  -o cmTC_41a14 -rdynamic 
make[1]: Leaving directory '/var/lib/jenkins/workspace/opm-simulators-PR-builder/mpi/build-libecl/CMakeFiles/CMakeTmp'


Determining if the function fnmatch exists passed with the following output:
Change Dir: /var/lib/jenkins/workspace/opm-simulators-PR-builder/mpi/build-libecl/CMakeFiles/CMakeTmp

Run Build Command:"/usr/bin/make" "cmTC_a115d/fast"
/usr/bin/make -f CMakeFiles/cmTC_a115d.dir/build.make CMakeFiles/cmTC_a115d.dir/build
make[1]: Entering directory '/var/lib/jenkins/workspace/opm-simulators-PR-builder/mpi/build-libecl/CMakeFiles/CMakeTmp'
Building C object CMakeFiles/cmTC_a115d.dir/CheckFunctionExists.c.o
/usr/lib/ccache/cc    -std=gnu99 -Wall -Wno-unknown-pragmas  -DCHECK_FUNCTION_EXISTS=fnmatch   -o CMakeFiles/cmTC_a115d.dir/CheckFunctionExists.c.o   -c /usr/share/cmake-3.7/Modules/CheckFunctionExists.c
Linking C executable cmTC_a115d
/usr/bin/cmake -E cmake_link_script CMakeFiles/cmTC_a115d.dir/link.txt --verbose=1
/usr/lib/ccache/cc   -std=gnu99 -Wall -Wno-unknown-pragmas  -DCHECK_FUNCTION_EXISTS=fnmatch    CMakeFiles/cmTC_a115d.dir/CheckFunctionExists.c.o  -o cmTC_a115d -rdynamic 
make[1]: Leaving directory '/var/lib/jenkins/workspace/opm-simulators-PR-builder/mpi/build-libecl/CMakeFiles/CMakeTmp'


Determining if the function fork exists passed with the following output:
Change Dir: /var/lib/jenkins/workspace/opm-simulators-PR-builder/mpi/build-libecl/CMakeFiles/CMakeTmp

Run Build Command:"/usr/bin/make" "cmTC_727bc/fast"
/usr/bin/make -f CMakeFiles/cmTC_727bc.dir/build.make CMakeFiles/cmTC_727bc.dir/build
make[1]: Entering directory '/var/lib/jenkins/workspace/opm-simulators-PR-builder/mpi/build-libecl/CMakeFiles/CMakeTmp'
Building C object CMakeFiles/cmTC_727bc.dir/CheckFunctionExists.c.o
/usr/lib/ccache/cc    -std=gnu99 -Wall -Wno-unknown-pragmas  -DCHECK_FUNCTION_EXISTS=fork   -o CMakeFiles/cmTC_727bc.dir/CheckFunctionExists.c.o   -c /usr/share/cmake-3.7/Modules/CheckFunctionExists.c
<command-line>:0:23: warning: conflicting types for built-in function 'fork'
/usr/share/cmake-3.7/Modules/CheckFunctionExists.c:7:3: note: in expansion of macro 'CHECK_FUNCTION_EXISTS'
   CHECK_FUNCTION_EXISTS();
   ^~~~~~~~~~~~~~~~~~~~~
Linking C executable cmTC_727bc
/usr/bin/cmake -E cmake_link_script CMakeFiles/cmTC_727bc.dir/link.txt --verbose=1
/usr/lib/ccache/cc   -std=gnu99 -Wall -Wno-unknown-pragmas  -DCHECK_FUNCTION_EXISTS=fork    CMakeFiles/cmTC_727bc.dir/CheckFunctionExists.c.o  -o cmTC_727bc -rdynamic 
make[1]: Leaving directory '/var/lib/jenkins/workspace/opm-simulators-PR-builder/mpi/build-libecl/CMakeFiles/CMakeTmp'


Determining if the function fseeko exists passed with the following output:
Change Dir: /var/lib/jenkins/workspace/opm-simulators-PR-builder/mpi/build-libecl/CMakeFiles/CMakeTmp

Run Build Command:"/usr/bin/make" "cmTC_c7ea1/fast"
/usr/bin/make -f CMakeFiles/cmTC_c7ea1.dir/build.make CMakeFiles/cmTC_c7ea1.dir/build
make[1]: Entering directory '/var/lib/jenkins/workspace/opm-simulators-PR-builder/mpi/build-libecl/CMakeFiles/CMakeTmp'
Building C object CMakeFiles/cmTC_c7ea1.dir/CheckFunctionExists.c.o
/usr/lib/ccache/cc    -std=gnu99 -Wall -Wno-unknown-pragmas  -DCHECK_FUNCTION_EXISTS=fseeko   -o CMakeFiles/cmTC_c7ea1.dir/CheckFunctionExists.c.o   -c /usr/share/cmake-3.7/Modules/CheckFunctionExists.c
Linking C executable cmTC_c7ea1
/usr/bin/cmake -E cmake_link_script CMakeFiles/cmTC_c7ea1.dir/link.txt --verbose=1
/usr/lib/ccache/cc   -std=gnu99 -Wall -Wno-unknown-pragmas  -DCHECK_FUNCTION_EXISTS=fseeko    CMakeFiles/cmTC_c7ea1.dir/CheckFunctionExists.c.o  -o cmTC_c7ea1 -rdynamic 
make[1]: Leaving directory '/var/lib/jenkins/workspace/opm-simulators-PR-builder/mpi/build-libecl/CMakeFiles/CMakeTmp'


Determining if the function fsync exists passed with the following output:
Change Dir: /var/lib/jenkins/workspace/opm-simulators-PR-builder/mpi/build-libecl/CMakeFiles/CMakeTmp

Run Build Command:"/usr/bin/make" "cmTC_175ad/fast"
/usr/bin/make -f CMakeFiles/cmTC_175ad.dir/build.make CMakeFiles/cmTC_175ad.dir/build
make[1]: Entering directory '/var/lib/jenkins/workspace/opm-simulators-PR-builder/mpi/build-libecl/CMakeFiles/CMakeTmp'
Building C object CMakeFiles/cmTC_175ad.dir/CheckFunctionExists.c.o
/usr/lib/ccache/cc    -std=gnu99 -Wall -Wno-unknown-pragmas  -DCHECK_FUNCTION_EXISTS=fsync   -o CMakeFiles/cmTC_175ad.dir/CheckFunctionExists.c.o   -c /usr/share/cmake-3.7/Modules/CheckFunctionExists.c
Linking C executable cmTC_175ad
/usr/bin/cmake -E cmake_link_script CMakeFiles/cmTC_175ad.dir/link.txt --verbose=1
/usr/lib/ccache/cc   -std=gnu99 -Wall -Wno-unknown-pragmas  -DCHECK_FUNCTION_EXISTS=fsync    CMakeFiles/cmTC_175ad.dir/CheckFunctionExists.c.o  -o cmTC_175ad -rdynamic 
make[1]: Leaving directory '/var/lib/jenkins/workspace/opm-simulators-PR-builder/mpi/build-libecl/CMakeFiles/CMakeTmp'


Determining if the function ftruncate exists passed with the following output:
Change Dir: /var/lib/jenkins/workspace/opm-simulators-PR-builder/mpi/build-libecl/CMakeFiles/CMakeTmp

Run Build Command:"/usr/bin/make" "cmTC_630a0/fast"
/usr/bin/make -f CMakeFiles/cmTC_630a0.dir/build.make CMakeFiles/cmTC_630a0.dir/build
make[1]: Entering directory '/var/lib/jenkins/workspace/opm-simulators-PR-builder/mpi/build-libecl/CMakeFiles/CMakeTmp'
Building C object CMakeFiles/cmTC_630a0.dir/CheckFunctionExists.c.o
/usr/lib/ccache/cc    -std=gnu99 -Wall -Wno-unknown-pragmas  -DCHECK_FUNCTION_EXISTS=ftruncate   -o CMakeFiles/cmTC_630a0.dir/CheckFunctionExists.c.o   -c /usr/share/cmake-3.7/Modules/CheckFunctionExists.c
Linking C executable cmTC_630a0
/usr/bin/cmake -E cmake_link_script CMakeFiles/cmTC_630a0.dir/link.txt --verbose=1
/usr/lib/ccache/cc   -std=gnu99 -Wall -Wno-unknown-pragmas  -DCHECK_FUNCTION_EXISTS=ftruncate    CMakeFiles/cmTC_630a0.dir/CheckFunctionExists.c.o  -o cmTC_630a0 -rdynamic 
make[1]: Leaving directory '/var/lib/jenkins/workspace/opm-simulators-PR-builder/mpi/build-libecl/CMakeFiles/CMakeTmp'


Determining if the function getcwd exists passed with the following output:
Change Dir: /var/lib/jenkins/workspace/opm-simulators-PR-builder/mpi/build-libecl/CMakeFiles/CMakeTmp

Run Build Command:"/usr/bin/make" "cmTC_f6255/fast"
/usr/bin/make -f CMakeFiles/cmTC_f6255.dir/build.make CMakeFiles/cmTC_f6255.dir/build
make[1]: Entering directory '/var/lib/jenkins/workspace/opm-simulators-PR-builder/mpi/build-libecl/CMakeFiles/CMakeTmp'
Building C object CMakeFiles/cmTC_f6255.dir/CheckFunctionExists.c.o
/usr/lib/ccache/cc    -std=gnu99 -Wall -Wno-unknown-pragmas  -DCHECK_FUNCTION_EXISTS=getcwd   -o CMakeFiles/cmTC_f6255.dir/CheckFunctionExists.c.o   -c /usr/share/cmake-3.7/Modules/CheckFunctionExists.c
Linking C executable cmTC_f6255
/usr/bin/cmake -E cmake_link_script CMakeFiles/cmTC_f6255.dir/link.txt --verbose=1
/usr/lib/ccache/cc   -std=gnu99 -Wall -Wno-unknown-pragmas  -DCHECK_FUNCTION_EXISTS=getcwd    CMakeFiles/cmTC_f6255.dir/CheckFunctionExists.c.o  -o cmTC_f6255 -rdynamic 
make[1]: Leaving directory '/var/lib/jenkins/workspace/opm-simulators-PR-builder/mpi/build-libecl/CMakeFiles/CMakeTmp'


Determining if the function getpwuid exists passed with the following output:
Change Dir: /var/lib/jenkins/workspace/opm-simulators-PR-builder/mpi/build-libecl/CMakeFiles/CMakeTmp

Run Build Command:"/usr/bin/make" "cmTC_3a4e9/fast"
/usr/bin/make -f CMakeFiles/cmTC_3a4e9.dir/build.make CMakeFiles/cmTC_3a4e9.dir/build
make[1]: Entering directory '/var/lib/jenkins/workspace/opm-simulators-PR-builder/mpi/build-libecl/CMakeFiles/CMakeTmp'
Building C object CMakeFiles/cmTC_3a4e9.dir/CheckFunctionExists.c.o
/usr/lib/ccache/cc    -std=gnu99 -Wall -Wno-unknown-pragmas  -DCHECK_FUNCTION_EXISTS=getpwuid   -o CMakeFiles/cmTC_3a4e9.dir/CheckFunctionExists.c.o   -c /usr/share/cmake-3.7/Modules/CheckFunctionExists.c
Linking C executable cmTC_3a4e9
/usr/bin/cmake -E cmake_link_script CMakeFiles/cmTC_3a4e9.dir/link.txt --verbose=1
/usr/lib/ccache/cc   -std=gnu99 -Wall -Wno-unknown-pragmas  -DCHECK_FUNCTION_EXISTS=getpwuid    CMakeFiles/cmTC_3a4e9.dir/CheckFunctionExists.c.o  -o cmTC_3a4e9 -rdynamic 
make[1]: Leaving directory '/var/lib/jenkins/workspace/opm-simulators-PR-builder/mpi/build-libecl/CMakeFiles/CMakeTmp'


Determining if the function getuid exists passed with the following output:
Change Dir: /var/lib/jenkins/workspace/opm-simulators-PR-builder/mpi/build-libecl/CMakeFiles/CMakeTmp

Run Build Command:"/usr/bin/make" "cmTC_0350f/fast"
/usr/bin/make -f CMakeFiles/cmTC_0350f.dir/build.make CMakeFiles/cmTC_0350f.dir/build
make[1]: Entering directory '/var/lib/jenkins/workspace/opm-simulators-PR-builder/mpi/build-libecl/CMakeFiles/CMakeTmp'
Building C object CMakeFiles/cmTC_0350f.dir/CheckFunctionExists.c.o
/usr/lib/ccache/cc    -std=gnu99 -Wall -Wno-unknown-pragmas  -DCHECK_FUNCTION_EXISTS=getuid   -o CMakeFiles/cmTC_0350f.dir/CheckFunctionExists.c.o   -c /usr/share/cmake-3.7/Modules/CheckFunctionExists.c
Linking C executable cmTC_0350f
/usr/bin/cmake -E cmake_link_script CMakeFiles/cmTC_0350f.dir/link.txt --verbose=1
/usr/lib/ccache/cc   -std=gnu99 -Wall -Wno-unknown-pragmas  -DCHECK_FUNCTION_EXISTS=getuid    CMakeFiles/cmTC_0350f.dir/CheckFunctionExists.c.o  -o cmTC_0350f -rdynamic 
make[1]: Leaving directory '/var/lib/jenkins/workspace/opm-simulators-PR-builder/mpi/build-libecl/CMakeFiles/CMakeTmp'


Determining if the function glob exists passed with the following output:
Change Dir: /var/lib/jenkins/workspace/opm-simulators-PR-builder/mpi/build-libecl/CMakeFiles/CMakeTmp

Run Build Command:"/usr/bin/make" "cmTC_d08d9/fast"
/usr/bin/make -f CMakeFiles/cmTC_d08d9.dir/build.make CMakeFiles/cmTC_d08d9.dir/build
make[1]: Entering directory '/var/lib/jenkins/workspace/opm-simulators-PR-builder/mpi/build-libecl/CMakeFiles/CMakeTmp'
Building C object CMakeFiles/cmTC_d08d9.dir/CheckFunctionExists.c.o
/usr/lib/ccache/cc    -std=gnu99 -Wall -Wno-unknown-pragmas  -DCHECK_FUNCTION_EXISTS=glob   -o CMakeFiles/cmTC_d08d9.dir/CheckFunctionExists.c.o   -c /usr/share/cmake-3.7/Modules/CheckFunctionExists.c
Linking C executable cmTC_d08d9
/usr/bin/cmake -E cmake_link_script CMakeFiles/cmTC_d08d9.dir/link.txt --verbose=1
/usr/lib/ccache/cc   -std=gnu99 -Wall -Wno-unknown-pragmas  -DCHECK_FUNCTION_EXISTS=glob    CMakeFiles/cmTC_d08d9.dir/CheckFunctionExists.c.o  -o cmTC_d08d9 -rdynamic 
make[1]: Leaving directory '/var/lib/jenkins/workspace/opm-simulators-PR-builder/mpi/build-libecl/CMakeFiles/CMakeTmp'


Determining if the function gmtime_r exists passed with the following output:
Change Dir: /var/lib/jenkins/workspace/opm-simulators-PR-builder/mpi/build-libecl/CMakeFiles/CMakeTmp

Run Build Command:"/usr/bin/make" "cmTC_72d2c/fast"
/usr/bin/make -f CMakeFiles/cmTC_72d2c.dir/build.make CMakeFiles/cmTC_72d2c.dir/build
make[1]: Entering directory '/var/lib/jenkins/workspace/opm-simulators-PR-builder/mpi/build-libecl/CMakeFiles/CMakeTmp'
Building C object CMakeFiles/cmTC_72d2c.dir/CheckFunctionExists.c.o
/usr/lib/ccache/cc    -std=gnu99 -Wall -Wno-unknown-pragmas  -DCHECK_FUNCTION_EXISTS=gmtime_r   -o CMakeFiles/cmTC_72d2c.dir/CheckFunctionExists.c.o   -c /usr/share/cmake-3.7/Modules/CheckFunctionExists.c
Linking C executable cmTC_72d2c
/usr/bin/cmake -E cmake_link_script CMakeFiles/cmTC_72d2c.dir/link.txt --verbose=1
/usr/lib/ccache/cc   -std=gnu99 -Wall -Wno-unknown-pragmas  -DCHECK_FUNCTION_EXISTS=gmtime_r    CMakeFiles/cmTC_72d2c.dir/CheckFunctionExists.c.o  -o cmTC_72d2c -rdynamic 
make[1]: Leaving directory '/var/lib/jenkins/workspace/opm-simulators-PR-builder/mpi/build-libecl/CMakeFiles/CMakeTmp'


Determining if the function localtime_r exists passed with the following output:
Change Dir: /var/lib/jenkins/workspace/opm-simulators-PR-builder/mpi/build-libecl/CMakeFiles/CMakeTmp

Run Build Command:"/usr/bin/make" "cmTC_8bebc/fast"
/usr/bin/make -f CMakeFiles/cmTC_8bebc.dir/build.make CMakeFiles/cmTC_8bebc.dir/build
make[1]: Entering directory '/var/lib/jenkins/workspace/opm-simulators-PR-builder/mpi/build-libecl/CMakeFiles/CMakeTmp'
Building C object CMakeFiles/cmTC_8bebc.dir/CheckFunctionExists.c.o
/usr/lib/ccache/cc    -std=gnu99 -Wall -Wno-unknown-pragmas  -DCHECK_FUNCTION_EXISTS=localtime_r   -o CMakeFiles/cmTC_8bebc.dir/CheckFunctionExists.c.o   -c /usr/share/cmake-3.7/Modules/CheckFunctionExists.c
Linking C executable cmTC_8bebc
/usr/bin/cmake -E cmake_link_script CMakeFiles/cmTC_8bebc.dir/link.txt --verbose=1
/usr/lib/ccache/cc   -std=gnu99 -Wall -Wno-unknown-pragmas  -DCHECK_FUNCTION_EXISTS=localtime_r    CMakeFiles/cmTC_8bebc.dir/CheckFunctionExists.c.o  -o cmTC_8bebc -rdynamic 
make[1]: Leaving directory '/var/lib/jenkins/workspace/opm-simulators-PR-builder/mpi/build-libecl/CMakeFiles/CMakeTmp'


Determining if the function lockf exists passed with the following output:
Change Dir: /var/lib/jenkins/workspace/opm-simulators-PR-builder/mpi/build-libecl/CMakeFiles/CMakeTmp

Run Build Command:"/usr/bin/make" "cmTC_36aa1/fast"
/usr/bin/make -f CMakeFiles/cmTC_36aa1.dir/build.make CMakeFiles/cmTC_36aa1.dir/build
make[1]: Entering directory '/var/lib/jenkins/workspace/opm-simulators-PR-builder/mpi/build-libecl/CMakeFiles/CMakeTmp'
Building C object CMakeFiles/cmTC_36aa1.dir/CheckFunctionExists.c.o
/usr/lib/ccache/cc    -std=gnu99 -Wall -Wno-unknown-pragmas  -DCHECK_FUNCTION_EXISTS=lockf   -o CMakeFiles/cmTC_36aa1.dir/CheckFunctionExists.c.o   -c /usr/share/cmake-3.7/Modules/CheckFunctionExists.c
Linking C executable cmTC_36aa1
/usr/bin/cmake -E cmake_link_script CMakeFiles/cmTC_36aa1.dir/link.txt --verbose=1
/usr/lib/ccache/cc   -std=gnu99 -Wall -Wno-unknown-pragmas  -DCHECK_FUNCTION_EXISTS=lockf    CMakeFiles/cmTC_36aa1.dir/CheckFunctionExists.c.o  -o cmTC_36aa1 -rdynamic 
make[1]: Leaving directory '/var/lib/jenkins/workspace/opm-simulators-PR-builder/mpi/build-libecl/CMakeFiles/CMakeTmp'


Determining if the function mkdir exists passed with the following output:
Change Dir: /var/lib/jenkins/workspace/opm-simulators-PR-builder/mpi/build-libecl/CMakeFiles/CMakeTmp

Run Build Command:"/usr/bin/make" "cmTC_4a0b1/fast"
/usr/bin/make -f CMakeFiles/cmTC_4a0b1.dir/build.make CMakeFiles/cmTC_4a0b1.dir/build
make[1]: Entering directory '/var/lib/jenkins/workspace/opm-simulators-PR-builder/mpi/build-libecl/CMakeFiles/CMakeTmp'
Building C object CMakeFiles/cmTC_4a0b1.dir/CheckFunctionExists.c.o
/usr/lib/ccache/cc    -std=gnu99 -Wall -Wno-unknown-pragmas  -DCHECK_FUNCTION_EXISTS=mkdir   -o CMakeFiles/cmTC_4a0b1.dir/CheckFunctionExists.c.o   -c /usr/share/cmake-3.7/Modules/CheckFunctionExists.c
Linking C executable cmTC_4a0b1
/usr/bin/cmake -E cmake_link_script CMakeFiles/cmTC_4a0b1.dir/link.txt --verbose=1
/usr/lib/ccache/cc   -std=gnu99 -Wall -Wno-unknown-pragmas  -DCHECK_FUNCTION_EXISTS=mkdir    CMakeFiles/cmTC_4a0b1.dir/CheckFunctionExists.c.o  -o cmTC_4a0b1 -rdynamic 
make[1]: Leaving directory '/var/lib/jenkins/workspace/opm-simulators-PR-builder/mpi/build-libecl/CMakeFiles/CMakeTmp'


Determining if the function opendir exists passed with the following output:
Change Dir: /var/lib/jenkins/workspace/opm-simulators-PR-builder/mpi/build-libecl/CMakeFiles/CMakeTmp

Run Build Command:"/usr/bin/make" "cmTC_d2548/fast"
/usr/bin/make -f CMakeFiles/cmTC_d2548.dir/build.make CMakeFiles/cmTC_d2548.dir/build
make[1]: Entering directory '/var/lib/jenkins/workspace/opm-simulators-PR-builder/mpi/build-libecl/CMakeFiles/CMakeTmp'
Building C object CMakeFiles/cmTC_d2548.dir/CheckFunctionExists.c.o
/usr/lib/ccache/cc    -std=gnu99 -Wall -Wno-unknown-pragmas  -DCHECK_FUNCTION_EXISTS=opendir   -o CMakeFiles/cmTC_d2548.dir/CheckFunctionExists.c.o   -c /usr/share/cmake-3.7/Modules/CheckFunctionExists.c
Linking C executable cmTC_d2548
/usr/bin/cmake -E cmake_link_script CMakeFiles/cmTC_d2548.dir/link.txt --verbose=1
/usr/lib/ccache/cc   -std=gnu99 -Wall -Wno-unknown-pragmas  -DCHECK_FUNCTION_EXISTS=opendir    CMakeFiles/cmTC_d2548.dir/CheckFunctionExists.c.o  -o cmTC_d2548 -rdynamic 
make[1]: Leaving directory '/var/lib/jenkins/workspace/opm-simulators-PR-builder/mpi/build-libecl/CMakeFiles/CMakeTmp'


Determining if the function posix_spawn exists passed with the following output:
Change Dir: /var/lib/jenkins/workspace/opm-simulators-PR-builder/mpi/build-libecl/CMakeFiles/CMakeTmp

Run Build Command:"/usr/bin/make" "cmTC_40b43/fast"
/usr/bin/make -f CMakeFiles/cmTC_40b43.dir/build.make CMakeFiles/cmTC_40b43.dir/build
make[1]: Entering directory '/var/lib/jenkins/workspace/opm-simulators-PR-builder/mpi/build-libecl/CMakeFiles/CMakeTmp'
Building C object CMakeFiles/cmTC_40b43.dir/CheckFunctionExists.c.o
/usr/lib/ccache/cc    -std=gnu99 -Wall -Wno-unknown-pragmas  -DCHECK_FUNCTION_EXISTS=posix_spawn   -o CMakeFiles/cmTC_40b43.dir/CheckFunctionExists.c.o   -c /usr/share/cmake-3.7/Modules/CheckFunctionExists.c
Linking C executable cmTC_40b43
/usr/bin/cmake -E cmake_link_script CMakeFiles/cmTC_40b43.dir/link.txt --verbose=1
/usr/lib/ccache/cc   -std=gnu99 -Wall -Wno-unknown-pragmas  -DCHECK_FUNCTION_EXISTS=posix_spawn    CMakeFiles/cmTC_40b43.dir/CheckFunctionExists.c.o  -o cmTC_40b43 -rdynamic 
make[1]: Leaving directory '/var/lib/jenkins/workspace/opm-simulators-PR-builder/mpi/build-libecl/CMakeFiles/CMakeTmp'


Determining if the function readlinkat exists passed with the following output:
Change Dir: /var/lib/jenkins/workspace/opm-simulators-PR-builder/mpi/build-libecl/CMakeFiles/CMakeTmp

Run Build Command:"/usr/bin/make" "cmTC_4714f/fast"
/usr/bin/make -f CMakeFiles/cmTC_4714f.dir/build.make CMakeFiles/cmTC_4714f.dir/build
make[1]: Entering directory '/var/lib/jenkins/workspace/opm-simulators-PR-builder/mpi/build-libecl/CMakeFiles/CMakeTmp'
Building C object CMakeFiles/cmTC_4714f.dir/CheckFunctionExists.c.o
/usr/lib/ccache/cc    -std=gnu99 -Wall -Wno-unknown-pragmas  -DCHECK_FUNCTION_EXISTS=readlinkat   -o CMakeFiles/cmTC_4714f.dir/CheckFunctionExists.c.o   -c /usr/share/cmake-3.7/Modules/CheckFunctionExists.c
Linking C executable cmTC_4714f
/usr/bin/cmake -E cmake_link_script CMakeFiles/cmTC_4714f.dir/link.txt --verbose=1
/usr/lib/ccache/cc   -std=gnu99 -Wall -Wno-unknown-pragmas  -DCHECK_FUNCTION_EXISTS=readlinkat    CMakeFiles/cmTC_4714f.dir/CheckFunctionExists.c.o  -o cmTC_4714f -rdynamic 
make[1]: Leaving directory '/var/lib/jenkins/workspace/opm-simulators-PR-builder/mpi/build-libecl/CMakeFiles/CMakeTmp'


Determining if the function realpath exists passed with the following output:
Change Dir: /var/lib/jenkins/workspace/opm-simulators-PR-builder/mpi/build-libecl/CMakeFiles/CMakeTmp

Run Build Command:"/usr/bin/make" "cmTC_f70c9/fast"
/usr/bin/make -f CMakeFiles/cmTC_f70c9.dir/build.make CMakeFiles/cmTC_f70c9.dir/build
make[1]: Entering directory '/var/lib/jenkins/workspace/opm-simulators-PR-builder/mpi/build-libecl/CMakeFiles/CMakeTmp'
Building C object CMakeFiles/cmTC_f70c9.dir/CheckFunctionExists.c.o
/usr/lib/ccache/cc    -std=gnu99 -Wall -Wno-unknown-pragmas  -DCHECK_FUNCTION_EXISTS=realpath   -o CMakeFiles/cmTC_f70c9.dir/CheckFunctionExists.c.o   -c /usr/share/cmake-3.7/Modules/CheckFunctionExists.c
Linking C executable cmTC_f70c9
/usr/bin/cmake -E cmake_link_script CMakeFiles/cmTC_f70c9.dir/link.txt --verbose=1
/usr/lib/ccache/cc   -std=gnu99 -Wall -Wno-unknown-pragmas  -DCHECK_FUNCTION_EXISTS=realpath    CMakeFiles/cmTC_f70c9.dir/CheckFunctionExists.c.o  -o cmTC_f70c9 -rdynamic 
make[1]: Leaving directory '/var/lib/jenkins/workspace/opm-simulators-PR-builder/mpi/build-libecl/CMakeFiles/CMakeTmp'


Determining if the function regexec exists passed with the following output:
Change Dir: /var/lib/jenkins/workspace/opm-simulators-PR-builder/mpi/build-libecl/CMakeFiles/CMakeTmp

Run Build Command:"/usr/bin/make" "cmTC_caccc/fast"
/usr/bin/make -f CMakeFiles/cmTC_caccc.dir/build.make CMakeFiles/cmTC_caccc.dir/build
make[1]: Entering directory '/var/lib/jenkins/workspace/opm-simulators-PR-builder/mpi/build-libecl/CMakeFiles/CMakeTmp'
Building C object CMakeFiles/cmTC_caccc.dir/CheckFunctionExists.c.o
/usr/lib/ccache/cc    -std=gnu99 -Wall -Wno-unknown-pragmas  -DCHECK_FUNCTION_EXISTS=regexec   -o CMakeFiles/cmTC_caccc.dir/CheckFunctionExists.c.o   -c /usr/share/cmake-3.7/Modules/CheckFunctionExists.c
Linking C executable cmTC_caccc
/usr/bin/cmake -E cmake_link_script CMakeFiles/cmTC_caccc.dir/link.txt --verbose=1
/usr/lib/ccache/cc   -std=gnu99 -Wall -Wno-unknown-pragmas  -DCHECK_FUNCTION_EXISTS=regexec    CMakeFiles/cmTC_caccc.dir/CheckFunctionExists.c.o  -o cmTC_caccc -rdynamic 
make[1]: Leaving directory '/var/lib/jenkins/workspace/opm-simulators-PR-builder/mpi/build-libecl/CMakeFiles/CMakeTmp'


Determining if the function setenv exists passed with the following output:
Change Dir: /var/lib/jenkins/workspace/opm-simulators-PR-builder/mpi/build-libecl/CMakeFiles/CMakeTmp

Run Build Command:"/usr/bin/make" "cmTC_fdc2f/fast"
/usr/bin/make -f CMakeFiles/cmTC_fdc2f.dir/build.make CMakeFiles/cmTC_fdc2f.dir/build
make[1]: Entering directory '/var/lib/jenkins/workspace/opm-simulators-PR-builder/mpi/build-libecl/CMakeFiles/CMakeTmp'
Building C object CMakeFiles/cmTC_fdc2f.dir/CheckFunctionExists.c.o
/usr/lib/ccache/cc    -std=gnu99 -Wall -Wno-unknown-pragmas  -DCHECK_FUNCTION_EXISTS=setenv   -o CMakeFiles/cmTC_fdc2f.dir/CheckFunctionExists.c.o   -c /usr/share/cmake-3.7/Modules/CheckFunctionExists.c
Linking C executable cmTC_fdc2f
/usr/bin/cmake -E cmake_link_script CMakeFiles/cmTC_fdc2f.dir/link.txt --verbose=1
/usr/lib/ccache/cc   -std=gnu99 -Wall -Wno-unknown-pragmas  -DCHECK_FUNCTION_EXISTS=setenv    CMakeFiles/cmTC_fdc2f.dir/CheckFunctionExists.c.o  -o cmTC_fdc2f -rdynamic 
make[1]: Leaving directory '/var/lib/jenkins/workspace/opm-simulators-PR-builder/mpi/build-libecl/CMakeFiles/CMakeTmp'


Determining if the function symlink exists passed with the following output:
Change Dir: /var/lib/jenkins/workspace/opm-simulators-PR-builder/mpi/build-libecl/CMakeFiles/CMakeTmp

Run Build Command:"/usr/bin/make" "cmTC_ba66c/fast"
/usr/bin/make -f CMakeFiles/cmTC_ba66c.dir/build.make CMakeFiles/cmTC_ba66c.dir/build
make[1]: Entering directory '/var/lib/jenkins/workspace/opm-simulators-PR-builder/mpi/build-libecl/CMakeFiles/CMakeTmp'
Building C object CMakeFiles/cmTC_ba66c.dir/CheckFunctionExists.c.o
/usr/lib/ccache/cc    -std=gnu99 -Wall -Wno-unknown-pragmas  -DCHECK_FUNCTION_EXISTS=symlink   -o CMakeFiles/cmTC_ba66c.dir/CheckFunctionExists.c.o   -c /usr/share/cmake-3.7/Modules/CheckFunctionExists.c
Linking C executable cmTC_ba66c
/usr/bin/cmake -E cmake_link_script CMakeFiles/cmTC_ba66c.dir/link.txt --verbose=1
/usr/lib/ccache/cc   -std=gnu99 -Wall -Wno-unknown-pragmas  -DCHECK_FUNCTION_EXISTS=symlink    CMakeFiles/cmTC_ba66c.dir/CheckFunctionExists.c.o  -o cmTC_ba66c -rdynamic 
make[1]: Leaving directory '/var/lib/jenkins/workspace/opm-simulators-PR-builder/mpi/build-libecl/CMakeFiles/CMakeTmp'


Determining if the function timegm exists passed with the following output:
Change Dir: /var/lib/jenkins/workspace/opm-simulators-PR-builder/mpi/build-libecl/CMakeFiles/CMakeTmp

Run Build Command:"/usr/bin/make" "cmTC_8cbe8/fast"
/usr/bin/make -f CMakeFiles/cmTC_8cbe8.dir/build.make CMakeFiles/cmTC_8cbe8.dir/build
make[1]: Entering directory '/var/lib/jenkins/workspace/opm-simulators-PR-builder/mpi/build-libecl/CMakeFiles/CMakeTmp'
Building C object CMakeFiles/cmTC_8cbe8.dir/CheckFunctionExists.c.o
/usr/lib/ccache/cc    -std=gnu99 -Wall -Wno-unknown-pragmas  -DCHECK_FUNCTION_EXISTS=timegm   -o CMakeFiles/cmTC_8cbe8.dir/CheckFunctionExists.c.o   -c /usr/share/cmake-3.7/Modules/CheckFunctionExists.c
Linking C executable cmTC_8cbe8
/usr/bin/cmake -E cmake_link_script CMakeFiles/cmTC_8cbe8.dir/link.txt --verbose=1
/usr/lib/ccache/cc   -std=gnu99 -Wall -Wno-unknown-pragmas  -DCHECK_FUNCTION_EXISTS=timegm    CMakeFiles/cmTC_8cbe8.dir/CheckFunctionExists.c.o  -o cmTC_8cbe8 -rdynamic 
make[1]: Leaving directory '/var/lib/jenkins/workspace/opm-simulators-PR-builder/mpi/build-libecl/CMakeFiles/CMakeTmp'


Determining if the function usleep exists passed with the following output:
Change Dir: /var/lib/jenkins/workspace/opm-simulators-PR-builder/mpi/build-libecl/CMakeFiles/CMakeTmp

Run Build Command:"/usr/bin/make" "cmTC_e7101/fast"
/usr/bin/make -f CMakeFiles/cmTC_e7101.dir/build.make CMakeFiles/cmTC_e7101.dir/build
make[1]: Entering directory '/var/lib/jenkins/workspace/opm-simulators-PR-builder/mpi/build-libecl/CMakeFiles/CMakeTmp'
Building C object CMakeFiles/cmTC_e7101.dir/CheckFunctionExists.c.o
/usr/lib/ccache/cc    -std=gnu99 -Wall -Wno-unknown-pragmas  -DCHECK_FUNCTION_EXISTS=usleep   -o CMakeFiles/cmTC_e7101.dir/CheckFunctionExists.c.o   -c /usr/share/cmake-3.7/Modules/CheckFunctionExists.c
Linking C executable cmTC_e7101
/usr/bin/cmake -E cmake_link_script CMakeFiles/cmTC_e7101.dir/link.txt --verbose=1
/usr/lib/ccache/cc   -std=gnu99 -Wall -Wno-unknown-pragmas  -DCHECK_FUNCTION_EXISTS=usleep    CMakeFiles/cmTC_e7101.dir/CheckFunctionExists.c.o  -o cmTC_e7101 -rdynamic 
make[1]: Leaving directory '/var/lib/jenkins/workspace/opm-simulators-PR-builder/mpi/build-libecl/CMakeFiles/CMakeTmp'


Determining if the function unlink exists passed with the following output:
Change Dir: /var/lib/jenkins/workspace/opm-simulators-PR-builder/mpi/build-libecl/CMakeFiles/CMakeTmp

Run Build Command:"/usr/bin/make" "cmTC_e4a2c/fast"
/usr/bin/make -f CMakeFiles/cmTC_e4a2c.dir/build.make CMakeFiles/cmTC_e4a2c.dir/build
make[1]: Entering directory '/var/lib/jenkins/workspace/opm-simulators-PR-builder/mpi/build-libecl/CMakeFiles/CMakeTmp'
Building C object CMakeFiles/cmTC_e4a2c.dir/CheckFunctionExists.c.o
/usr/lib/ccache/cc    -std=gnu99 -Wall -Wno-unknown-pragmas  -DCHECK_FUNCTION_EXISTS=unlink   -o CMakeFiles/cmTC_e4a2c.dir/CheckFunctionExists.c.o   -c /usr/share/cmake-3.7/Modules/CheckFunctionExists.c
Linking C executable cmTC_e4a2c
/usr/bin/cmake -E cmake_link_script CMakeFiles/cmTC_e4a2c.dir/link.txt --verbose=1
/usr/lib/ccache/cc   -std=gnu99 -Wall -Wno-unknown-pragmas  -DCHECK_FUNCTION_EXISTS=unlink    CMakeFiles/cmTC_e4a2c.dir/CheckFunctionExists.c.o  -o cmTC_e4a2c -rdynamic 
make[1]: Leaving directory '/var/lib/jenkins/workspace/opm-simulators-PR-builder/mpi/build-libecl/CMakeFiles/CMakeTmp'


Determining if the tzname exist passed with the following output:
Change Dir: /var/lib/jenkins/workspace/opm-simulators-PR-builder/mpi/build-libecl/CMakeFiles/CMakeTmp

Run Build Command:"/usr/bin/make" "cmTC_2eb87/fast"
/usr/bin/make -f CMakeFiles/cmTC_2eb87.dir/build.make CMakeFiles/cmTC_2eb87.dir/build
make[1]: Entering directory '/var/lib/jenkins/workspace/opm-simulators-PR-builder/mpi/build-libecl/CMakeFiles/CMakeTmp'
Building C object CMakeFiles/cmTC_2eb87.dir/CheckSymbolExists.c.o
/usr/lib/ccache/cc    -std=gnu99 -Wall -Wno-unknown-pragmas     -o CMakeFiles/cmTC_2eb87.dir/CheckSymbolExists.c.o   -c /var/lib/jenkins/workspace/opm-simulators-PR-builder/mpi/build-libecl/CMakeFiles/CMakeTmp/CheckSymbolExists.c
Linking C executable cmTC_2eb87
/usr/bin/cmake -E cmake_link_script CMakeFiles/cmTC_2eb87.dir/link.txt --verbose=1
/usr/lib/ccache/cc   -std=gnu99 -Wall -Wno-unknown-pragmas      CMakeFiles/cmTC_2eb87.dir/CheckSymbolExists.c.o  -o cmTC_2eb87 -rdynamic 
make[1]: Leaving directory '/var/lib/jenkins/workspace/opm-simulators-PR-builder/mpi/build-libecl/CMakeFiles/CMakeTmp'

File /var/lib/jenkins/workspace/opm-simulators-PR-builder/mpi/build-libecl/CMakeFiles/CMakeTmp/CheckSymbolExists.c:
/* */
#include <time.h>

int main(int argc, char** argv)
{
  (void)argv;
#ifndef tzname
  return ((int*)(&tzname))[argc];
#else
  (void)argc;
  return 0;
#endif
}

Determining if the include file execinfo.h exists passed with the following output:
Change Dir: /var/lib/jenkins/workspace/opm-simulators-PR-builder/mpi/build-libecl/CMakeFiles/CMakeTmp

Run Build Command:"/usr/bin/make" "cmTC_c03be/fast"
/usr/bin/make -f CMakeFiles/cmTC_c03be.dir/build.make CMakeFiles/cmTC_c03be.dir/build
make[1]: Entering directory '/var/lib/jenkins/workspace/opm-simulators-PR-builder/mpi/build-libecl/CMakeFiles/CMakeTmp'
Building C object CMakeFiles/cmTC_c03be.dir/CheckIncludeFile.c.o
/usr/lib/ccache/cc    -std=gnu99 -Wall -Wno-unknown-pragmas     -o CMakeFiles/cmTC_c03be.dir/CheckIncludeFile.c.o   -c /var/lib/jenkins/workspace/opm-simulators-PR-builder/mpi/build-libecl/CMakeFiles/CMakeTmp/CheckIncludeFile.c
Linking C executable cmTC_c03be
/usr/bin/cmake -E cmake_link_script CMakeFiles/cmTC_c03be.dir/link.txt --verbose=1
/usr/lib/ccache/cc   -std=gnu99 -Wall -Wno-unknown-pragmas      CMakeFiles/cmTC_c03be.dir/CheckIncludeFile.c.o  -o cmTC_c03be -rdynamic 
make[1]: Leaving directory '/var/lib/jenkins/workspace/opm-simulators-PR-builder/mpi/build-libecl/CMakeFiles/CMakeTmp'


Determining if the include file getopt.h exists passed with the following output:
Change Dir: /var/lib/jenkins/workspace/opm-simulators-PR-builder/mpi/build-libecl/CMakeFiles/CMakeTmp

Run Build Command:"/usr/bin/make" "cmTC_78a48/fast"
/usr/bin/make -f CMakeFiles/cmTC_78a48.dir/build.make CMakeFiles/cmTC_78a48.dir/build
make[1]: Entering directory '/var/lib/jenkins/workspace/opm-simulators-PR-builder/mpi/build-libecl/CMakeFiles/CMakeTmp'
Building C object CMakeFiles/cmTC_78a48.dir/CheckIncludeFile.c.o
/usr/lib/ccache/cc    -std=gnu99 -Wall -Wno-unknown-pragmas     -o CMakeFiles/cmTC_78a48.dir/CheckIncludeFile.c.o   -c /var/lib/jenkins/workspace/opm-simulators-PR-builder/mpi/build-libecl/CMakeFiles/CMakeTmp/CheckIncludeFile.c
Linking C executable cmTC_78a48
/usr/bin/cmake -E cmake_link_script CMakeFiles/cmTC_78a48.dir/link.txt --verbose=1
/usr/lib/ccache/cc   -std=gnu99 -Wall -Wno-unknown-pragmas      CMakeFiles/cmTC_78a48.dir/CheckIncludeFile.c.o  -o cmTC_78a48 -rdynamic 
make[1]: Leaving directory '/var/lib/jenkins/workspace/opm-simulators-PR-builder/mpi/build-libecl/CMakeFiles/CMakeTmp'


Determining if the include file unistd.h exists passed with the following output:
Change Dir: /var/lib/jenkins/workspace/opm-simulators-PR-builder/mpi/build-libecl/CMakeFiles/CMakeTmp

Run Build Command:"/usr/bin/make" "cmTC_22bc8/fast"
/usr/bin/make -f CMakeFiles/cmTC_22bc8.dir/build.make CMakeFiles/cmTC_22bc8.dir/build
make[1]: Entering directory '/var/lib/jenkins/workspace/opm-simulators-PR-builder/mpi/build-libecl/CMakeFiles/CMakeTmp'
Building C object CMakeFiles/cmTC_22bc8.dir/CheckIncludeFile.c.o
/usr/lib/ccache/cc    -std=gnu99 -Wall -Wno-unknown-pragmas     -o CMakeFiles/cmTC_22bc8.dir/CheckIncludeFile.c.o   -c /var/lib/jenkins/workspace/opm-simulators-PR-builder/mpi/build-libecl/CMakeFiles/CMakeTmp/CheckIncludeFile.c
Linking C executable cmTC_22bc8
/usr/bin/cmake -E cmake_link_script CMakeFiles/cmTC_22bc8.dir/link.txt --verbose=1
/usr/lib/ccache/cc   -std=gnu99 -Wall -Wno-unknown-pragmas      CMakeFiles/cmTC_22bc8.dir/CheckIncludeFile.c.o  -o cmTC_22bc8 -rdynamic 
make[1]: Leaving directory '/var/lib/jenkins/workspace/opm-simulators-PR-builder/mpi/build-libecl/CMakeFiles/CMakeTmp'


Determining if the include file netinet/in.h exists passed with the following output:
Change Dir: /var/lib/jenkins/workspace/opm-simulators-PR-builder/mpi/build-libecl/CMakeFiles/CMakeTmp

Run Build Command:"/usr/bin/make" "cmTC_39adc/fast"
/usr/bin/make -f CMakeFiles/cmTC_39adc.dir/build.make CMakeFiles/cmTC_39adc.dir/build
make[1]: Entering directory '/var/lib/jenkins/workspace/opm-simulators-PR-builder/mpi/build-libecl/CMakeFiles/CMakeTmp'
Building C object CMakeFiles/cmTC_39adc.dir/CheckIncludeFile.c.o
/usr/lib/ccache/cc    -std=gnu99 -Wall -Wno-unknown-pragmas     -o CMakeFiles/cmTC_39adc.dir/CheckIncludeFile.c.o   -c /var/lib/jenkins/workspace/opm-simulators-PR-builder/mpi/build-libecl/CMakeFiles/CMakeTmp/CheckIncludeFile.c
Linking C executable cmTC_39adc
/usr/bin/cmake -E cmake_link_script CMakeFiles/cmTC_39adc.dir/link.txt --verbose=1
/usr/lib/ccache/cc   -std=gnu99 -Wall -Wno-unknown-pragmas      CMakeFiles/cmTC_39adc.dir/CheckIncludeFile.c.o  -o cmTC_39adc -rdynamic 
make[1]: Leaving directory '/var/lib/jenkins/workspace/opm-simulators-PR-builder/mpi/build-libecl/CMakeFiles/CMakeTmp'


Determining if the include file arpa/inet.h exists passed with the following output:
Change Dir: /var/lib/jenkins/workspace/opm-simulators-PR-builder/mpi/build-libecl/CMakeFiles/CMakeTmp

Run Build Command:"/usr/bin/make" "cmTC_04448/fast"
/usr/bin/make -f CMakeFiles/cmTC_04448.dir/build.make CMakeFiles/cmTC_04448.dir/build
make[1]: Entering directory '/var/lib/jenkins/workspace/opm-simulators-PR-builder/mpi/build-libecl/CMakeFiles/CMakeTmp'
Building C object CMakeFiles/cmTC_04448.dir/CheckIncludeFile.c.o
/usr/lib/ccache/cc    -std=gnu99 -Wall -Wno-unknown-pragmas     -o CMakeFiles/cmTC_04448.dir/CheckIncludeFile.c.o   -c /var/lib/jenkins/workspace/opm-simulators-PR-builder/mpi/build-libecl/CMakeFiles/CMakeTmp/CheckIncludeFile.c
Linking C executable cmTC_04448
/usr/bin/cmake -E cmake_link_script CMakeFiles/cmTC_04448.dir/link.txt --verbose=1
/usr/lib/ccache/cc   -std=gnu99 -Wall -Wno-unknown-pragmas      CMakeFiles/cmTC_04448.dir/CheckIncludeFile.c.o  -o cmTC_04448 -rdynamic 
make[1]: Leaving directory '/var/lib/jenkins/workspace/opm-simulators-PR-builder/mpi/build-libecl/CMakeFiles/CMakeTmp'


Determining if the include file sys/types.h exists passed with the following output:
Change Dir: /var/lib/jenkins/workspace/opm-simulators-PR-builder/mpi/build-libecl/CMakeFiles/CMakeTmp

Run Build Command:"/usr/bin/make" "cmTC_d1bd3/fast"
/usr/bin/make -f CMakeFiles/cmTC_d1bd3.dir/build.make CMakeFiles/cmTC_d1bd3.dir/build
make[1]: Entering directory '/var/lib/jenkins/workspace/opm-simulators-PR-builder/mpi/build-libecl/CMakeFiles/CMakeTmp'
Building C object CMakeFiles/cmTC_d1bd3.dir/CheckIncludeFile.c.o
/usr/lib/ccache/cc    -std=gnu99 -Wall -Wno-unknown-pragmas     -o CMakeFiles/cmTC_d1bd3.dir/CheckIncludeFile.c.o   -c /var/lib/jenkins/workspace/opm-simulators-PR-builder/mpi/build-libecl/CMakeFiles/CMakeTmp/CheckIncludeFile.c
Linking C executable cmTC_d1bd3
/usr/bin/cmake -E cmake_link_script CMakeFiles/cmTC_d1bd3.dir/link.txt --verbose=1
/usr/lib/ccache/cc   -std=gnu99 -Wall -Wno-unknown-pragmas      CMakeFiles/cmTC_d1bd3.dir/CheckIncludeFile.c.o  -o cmTC_d1bd3 -rdynamic 
make[1]: Leaving directory '/var/lib/jenkins/workspace/opm-simulators-PR-builder/mpi/build-libecl/CMakeFiles/CMakeTmp'


Determining if the include file stdint.h exists passed with the following output:
Change Dir: /var/lib/jenkins/workspace/opm-simulators-PR-builder/mpi/build-libecl/CMakeFiles/CMakeTmp

Run Build Command:"/usr/bin/make" "cmTC_51e55/fast"
/usr/bin/make -f CMakeFiles/cmTC_51e55.dir/build.make CMakeFiles/cmTC_51e55.dir/build
make[1]: Entering directory '/var/lib/jenkins/workspace/opm-simulators-PR-builder/mpi/build-libecl/CMakeFiles/CMakeTmp'
Building C object CMakeFiles/cmTC_51e55.dir/CheckIncludeFile.c.o
/usr/lib/ccache/cc    -std=gnu99 -Wall -Wno-unknown-pragmas     -o CMakeFiles/cmTC_51e55.dir/CheckIncludeFile.c.o   -c /var/lib/jenkins/workspace/opm-simulators-PR-builder/mpi/build-libecl/CMakeFiles/CMakeTmp/CheckIncludeFile.c
Linking C executable cmTC_51e55
/usr/bin/cmake -E cmake_link_script CMakeFiles/cmTC_51e55.dir/link.txt --verbose=1
/usr/lib/ccache/cc   -std=gnu99 -Wall -Wno-unknown-pragmas      CMakeFiles/cmTC_51e55.dir/CheckIncludeFile.c.o  -o cmTC_51e55 -rdynamic 
make[1]: Leaving directory '/var/lib/jenkins/workspace/opm-simulators-PR-builder/mpi/build-libecl/CMakeFiles/CMakeTmp'


Determining if the include file stddef.h exists passed with the following output:
Change Dir: /var/lib/jenkins/workspace/opm-simulators-PR-builder/mpi/build-libecl/CMakeFiles/CMakeTmp

Run Build Command:"/usr/bin/make" "cmTC_dfacd/fast"
/usr/bin/make -f CMakeFiles/cmTC_dfacd.dir/build.make CMakeFiles/cmTC_dfacd.dir/build
make[1]: Entering directory '/var/lib/jenkins/workspace/opm-simulators-PR-builder/mpi/build-libecl/CMakeFiles/CMakeTmp'
Building C object CMakeFiles/cmTC_dfacd.dir/CheckIncludeFile.c.o
/usr/lib/ccache/cc    -std=gnu99 -Wall -Wno-unknown-pragmas     -o CMakeFiles/cmTC_dfacd.dir/CheckIncludeFile.c.o   -c /var/lib/jenkins/workspace/opm-simulators-PR-builder/mpi/build-libecl/CMakeFiles/CMakeTmp/CheckIncludeFile.c
Linking C executable cmTC_dfacd
/usr/bin/cmake -E cmake_link_script CMakeFiles/cmTC_dfacd.dir/link.txt --verbose=1
/usr/lib/ccache/cc   -std=gnu99 -Wall -Wno-unknown-pragmas      CMakeFiles/cmTC_dfacd.dir/CheckIncludeFile.c.o  -o cmTC_dfacd -rdynamic 
make[1]: Leaving directory '/var/lib/jenkins/workspace/opm-simulators-PR-builder/mpi/build-libecl/CMakeFiles/CMakeTmp'


Determining size of time_t passed with the following output:
Change Dir: /var/lib/jenkins/workspace/opm-simulators-PR-builder/mpi/build-libecl/CMakeFiles/CMakeTmp

Run Build Command:"/usr/bin/make" "cmTC_3f432/fast"
/usr/bin/make -f CMakeFiles/cmTC_3f432.dir/build.make CMakeFiles/cmTC_3f432.dir/build
make[1]: Entering directory '/var/lib/jenkins/workspace/opm-simulators-PR-builder/mpi/build-libecl/CMakeFiles/CMakeTmp'
Building C object CMakeFiles/cmTC_3f432.dir/SIZE_OF_TIME_T.c.o
/usr/lib/ccache/cc    -std=gnu99 -Wall -Wno-unknown-pragmas     -o CMakeFiles/cmTC_3f432.dir/SIZE_OF_TIME_T.c.o   -c /var/lib/jenkins/workspace/opm-simulators-PR-builder/mpi/build-libecl/CMakeFiles/CheckTypeSize/SIZE_OF_TIME_T.c
Linking C executable cmTC_3f432
/usr/bin/cmake -E cmake_link_script CMakeFiles/cmTC_3f432.dir/link.txt --verbose=1
/usr/lib/ccache/cc   -std=gnu99 -Wall -Wno-unknown-pragmas      CMakeFiles/cmTC_3f432.dir/SIZE_OF_TIME_T.c.o  -o cmTC_3f432 -rdynamic 
make[1]: Leaving directory '/var/lib/jenkins/workspace/opm-simulators-PR-builder/mpi/build-libecl/CMakeFiles/CMakeTmp'


