Determining if the pthread_create exist failed with the following output:
Change Dir: /var/lib/jenkins/workspace/opm-simulators-PR-builder/mpi/build-libecl/CMakeFiles/CMakeTmp

Run Build Command:"/usr/bin/make" "cmTC_2d40f/fast"
/usr/bin/make -f CMakeFiles/cmTC_2d40f.dir/build.make CMakeFiles/cmTC_2d40f.dir/build
make[1]: Entering directory '/var/lib/jenkins/workspace/opm-simulators-PR-builder/mpi/build-libecl/CMakeFiles/CMakeTmp'
Building C object CMakeFiles/cmTC_2d40f.dir/CheckSymbolExists.c.o
/usr/lib/ccache/cc    -std=gnu99 -Wall -Wno-unknown-pragmas     -o CMakeFiles/cmTC_2d40f.dir/CheckSymbolExists.c.o   -c /var/lib/jenkins/workspace/opm-simulators-PR-builder/mpi/build-libecl/CMakeFiles/CMakeTmp/CheckSymbolExists.c
Linking C executable cmTC_2d40f
/usr/bin/cmake -E cmake_link_script CMakeFiles/cmTC_2d40f.dir/link.txt --verbose=1
/usr/lib/ccache/cc   -std=gnu99 -Wall -Wno-unknown-pragmas      CMakeFiles/cmTC_2d40f.dir/CheckSymbolExists.c.o  -o cmTC_2d40f -rdynamic 
CMakeFiles/cmTC_2d40f.dir/CheckSymbolExists.c.o: In function `main':
CheckSymbolExists.c:(.text+0x1b): undefined reference to `pthread_create'
collect2: error: ld returned 1 exit status
CMakeFiles/cmTC_2d40f.dir/build.make:97: recipe for target 'cmTC_2d40f' failed
make[1]: *** [cmTC_2d40f] Error 1
make[1]: Leaving directory '/var/lib/jenkins/workspace/opm-simulators-PR-builder/mpi/build-libecl/CMakeFiles/CMakeTmp'
Makefile:126: recipe for target 'cmTC_2d40f/fast' failed
make: *** [cmTC_2d40f/fast] Error 2

File /var/lib/jenkins/workspace/opm-simulators-PR-builder/mpi/build-libecl/CMakeFiles/CMakeTmp/CheckSymbolExists.c:
/* */
#include <pthread.h>

int main(int argc, char** argv)
{
  (void)argv;
#ifndef pthread_create
  return ((int*)(&pthread_create))[argc];
#else
  (void)argc;
  return 0;
#endif
}

Determining if the function _chdir exists failed with the following output:
Change Dir: /var/lib/jenkins/workspace/opm-simulators-PR-builder/mpi/build-libecl/CMakeFiles/CMakeTmp

Run Build Command:"/usr/bin/make" "cmTC_83db1/fast"
/usr/bin/make -f CMakeFiles/cmTC_83db1.dir/build.make CMakeFiles/cmTC_83db1.dir/build
make[1]: Entering directory '/var/lib/jenkins/workspace/opm-simulators-PR-builder/mpi/build-libecl/CMakeFiles/CMakeTmp'
Building C object CMakeFiles/cmTC_83db1.dir/CheckFunctionExists.c.o
/usr/lib/ccache/cc    -std=gnu99 -Wall -Wno-unknown-pragmas  -DCHECK_FUNCTION_EXISTS=_chdir   -o CMakeFiles/cmTC_83db1.dir/CheckFunctionExists.c.o   -c /usr/share/cmake-3.7/Modules/CheckFunctionExists.c
Linking C executable cmTC_83db1
/usr/bin/cmake -E cmake_link_script CMakeFiles/cmTC_83db1.dir/link.txt --verbose=1
/usr/lib/ccache/cc   -std=gnu99 -Wall -Wno-unknown-pragmas  -DCHECK_FUNCTION_EXISTS=_chdir    CMakeFiles/cmTC_83db1.dir/CheckFunctionExists.c.o  -o cmTC_83db1 -rdynamic 
CMakeFiles/cmTC_83db1.dir/CheckFunctionExists.c.o: In function `main':
CheckFunctionExists.c:(.text+0x15): undefined reference to `_chdir'
collect2: error: ld returned 1 exit status
CMakeFiles/cmTC_83db1.dir/build.make:97: recipe for target 'cmTC_83db1' failed
make[1]: *** [cmTC_83db1] Error 1
make[1]: Leaving directory '/var/lib/jenkins/workspace/opm-simulators-PR-builder/mpi/build-libecl/CMakeFiles/CMakeTmp'
Makefile:126: recipe for target 'cmTC_83db1/fast' failed
make: *** [cmTC_83db1/fast] Error 2


Determining if the function _getcwd exists failed with the following output:
Change Dir: /var/lib/jenkins/workspace/opm-simulators-PR-builder/mpi/build-libecl/CMakeFiles/CMakeTmp

Run Build Command:"/usr/bin/make" "cmTC_8ee5a/fast"
/usr/bin/make -f CMakeFiles/cmTC_8ee5a.dir/build.make CMakeFiles/cmTC_8ee5a.dir/build
make[1]: Entering directory '/var/lib/jenkins/workspace/opm-simulators-PR-builder/mpi/build-libecl/CMakeFiles/CMakeTmp'
Building C object CMakeFiles/cmTC_8ee5a.dir/CheckFunctionExists.c.o
/usr/lib/ccache/cc    -std=gnu99 -Wall -Wno-unknown-pragmas  -DCHECK_FUNCTION_EXISTS=_getcwd   -o CMakeFiles/cmTC_8ee5a.dir/CheckFunctionExists.c.o   -c /usr/share/cmake-3.7/Modules/CheckFunctionExists.c
Linking C executable cmTC_8ee5a
/usr/bin/cmake -E cmake_link_script CMakeFiles/cmTC_8ee5a.dir/link.txt --verbose=1
/usr/lib/ccache/cc   -std=gnu99 -Wall -Wno-unknown-pragmas  -DCHECK_FUNCTION_EXISTS=_getcwd    CMakeFiles/cmTC_8ee5a.dir/CheckFunctionExists.c.o  -o cmTC_8ee5a -rdynamic 
CMakeFiles/cmTC_8ee5a.dir/CheckFunctionExists.c.o: In function `main':
CheckFunctionExists.c:(.text+0x15): undefined reference to `_getcwd'
collect2: error: ld returned 1 exit status
CMakeFiles/cmTC_8ee5a.dir/build.make:97: recipe for target 'cmTC_8ee5a' failed
make[1]: *** [cmTC_8ee5a] Error 1
make[1]: Leaving directory '/var/lib/jenkins/workspace/opm-simulators-PR-builder/mpi/build-libecl/CMakeFiles/CMakeTmp'
Makefile:126: recipe for target 'cmTC_8ee5a/fast' failed
make: *** [cmTC_8ee5a/fast] Error 2


Determining if the function GetTempPath exists failed with the following output:
Change Dir: /var/lib/jenkins/workspace/opm-simulators-PR-builder/mpi/build-libecl/CMakeFiles/CMakeTmp

Run Build Command:"/usr/bin/make" "cmTC_80292/fast"
/usr/bin/make -f CMakeFiles/cmTC_80292.dir/build.make CMakeFiles/cmTC_80292.dir/build
make[1]: Entering directory '/var/lib/jenkins/workspace/opm-simulators-PR-builder/mpi/build-libecl/CMakeFiles/CMakeTmp'
Building C object CMakeFiles/cmTC_80292.dir/CheckFunctionExists.c.o
/usr/lib/ccache/cc    -std=gnu99 -Wall -Wno-unknown-pragmas  -DCHECK_FUNCTION_EXISTS=GetTempPath   -o CMakeFiles/cmTC_80292.dir/CheckFunctionExists.c.o   -c /usr/share/cmake-3.7/Modules/CheckFunctionExists.c
Linking C executable cmTC_80292
/usr/bin/cmake -E cmake_link_script CMakeFiles/cmTC_80292.dir/link.txt --verbose=1
/usr/lib/ccache/cc   -std=gnu99 -Wall -Wno-unknown-pragmas  -DCHECK_FUNCTION_EXISTS=GetTempPath    CMakeFiles/cmTC_80292.dir/CheckFunctionExists.c.o  -o cmTC_80292 -rdynamic 
CMakeFiles/cmTC_80292.dir/CheckFunctionExists.c.o: In function `main':
CheckFunctionExists.c:(.text+0x15): undefined reference to `GetTempPath'
collect2: error: ld returned 1 exit status
CMakeFiles/cmTC_80292.dir/build.make:97: recipe for target 'cmTC_80292' failed
make[1]: *** [cmTC_80292] Error 1
make[1]: Leaving directory '/var/lib/jenkins/workspace/opm-simulators-PR-builder/mpi/build-libecl/CMakeFiles/CMakeTmp'
Makefile:126: recipe for target 'cmTC_80292/fast' failed
make: *** [cmTC_80292/fast] Error 2


Determining if the function _mkdir exists failed with the following output:
Change Dir: /var/lib/jenkins/workspace/opm-simulators-PR-builder/mpi/build-libecl/CMakeFiles/CMakeTmp

Run Build Command:"/usr/bin/make" "cmTC_2437a/fast"
/usr/bin/make -f CMakeFiles/cmTC_2437a.dir/build.make CMakeFiles/cmTC_2437a.dir/build
make[1]: Entering directory '/var/lib/jenkins/workspace/opm-simulators-PR-builder/mpi/build-libecl/CMakeFiles/CMakeTmp'
Building C object CMakeFiles/cmTC_2437a.dir/CheckFunctionExists.c.o
/usr/lib/ccache/cc    -std=gnu99 -Wall -Wno-unknown-pragmas  -DCHECK_FUNCTION_EXISTS=_mkdir   -o CMakeFiles/cmTC_2437a.dir/CheckFunctionExists.c.o   -c /usr/share/cmake-3.7/Modules/CheckFunctionExists.c
Linking C executable cmTC_2437a
/usr/bin/cmake -E cmake_link_script CMakeFiles/cmTC_2437a.dir/link.txt --verbose=1
/usr/lib/ccache/cc   -std=gnu99 -Wall -Wno-unknown-pragmas  -DCHECK_FUNCTION_EXISTS=_mkdir    CMakeFiles/cmTC_2437a.dir/CheckFunctionExists.c.o  -o cmTC_2437a -rdynamic 
CMakeFiles/cmTC_2437a.dir/CheckFunctionExists.c.o: In function `main':
CheckFunctionExists.c:(.text+0x15): undefined reference to `_mkdir'
collect2: error: ld returned 1 exit status
CMakeFiles/cmTC_2437a.dir/build.make:97: recipe for target 'cmTC_2437a' failed
make[1]: *** [cmTC_2437a] Error 1
make[1]: Leaving directory '/var/lib/jenkins/workspace/opm-simulators-PR-builder/mpi/build-libecl/CMakeFiles/CMakeTmp'
Makefile:126: recipe for target 'cmTC_2437a/fast' failed
make: *** [cmTC_2437a/fast] Error 2


Determining if the function pthread_timedjoin_np exists failed with the following output:
Change Dir: /var/lib/jenkins/workspace/opm-simulators-PR-builder/mpi/build-libecl/CMakeFiles/CMakeTmp

Run Build Command:"/usr/bin/make" "cmTC_2a668/fast"
/usr/bin/make -f CMakeFiles/cmTC_2a668.dir/build.make CMakeFiles/cmTC_2a668.dir/build
make[1]: Entering directory '/var/lib/jenkins/workspace/opm-simulators-PR-builder/mpi/build-libecl/CMakeFiles/CMakeTmp'
Building C object CMakeFiles/cmTC_2a668.dir/CheckFunctionExists.c.o
/usr/lib/ccache/cc    -std=gnu99 -Wall -Wno-unknown-pragmas  -DCHECK_FUNCTION_EXISTS=pthread_timedjoin_np   -o CMakeFiles/cmTC_2a668.dir/CheckFunctionExists.c.o   -c /usr/share/cmake-3.7/Modules/CheckFunctionExists.c
Linking C executable cmTC_2a668
/usr/bin/cmake -E cmake_link_script CMakeFiles/cmTC_2a668.dir/link.txt --verbose=1
/usr/lib/ccache/cc   -std=gnu99 -Wall -Wno-unknown-pragmas  -DCHECK_FUNCTION_EXISTS=pthread_timedjoin_np    CMakeFiles/cmTC_2a668.dir/CheckFunctionExists.c.o  -o cmTC_2a668 -rdynamic 
CMakeFiles/cmTC_2a668.dir/CheckFunctionExists.c.o: In function `main':
CheckFunctionExists.c:(.text+0x15): undefined reference to `pthread_timedjoin_np'
collect2: error: ld returned 1 exit status
CMakeFiles/cmTC_2a668.dir/build.make:97: recipe for target 'cmTC_2a668' failed
make[1]: *** [cmTC_2a668] Error 1
make[1]: Leaving directory '/var/lib/jenkins/workspace/opm-simulators-PR-builder/mpi/build-libecl/CMakeFiles/CMakeTmp'
Makefile:126: recipe for target 'cmTC_2a668/fast' failed
make: *** [cmTC_2a668/fast] Error 2


Determining if the function pthread_yield exists failed with the following output:
Change Dir: /var/lib/jenkins/workspace/opm-simulators-PR-builder/mpi/build-libecl/CMakeFiles/CMakeTmp

Run Build Command:"/usr/bin/make" "cmTC_6bdb0/fast"
/usr/bin/make -f CMakeFiles/cmTC_6bdb0.dir/build.make CMakeFiles/cmTC_6bdb0.dir/build
make[1]: Entering directory '/var/lib/jenkins/workspace/opm-simulators-PR-builder/mpi/build-libecl/CMakeFiles/CMakeTmp'
Building C object CMakeFiles/cmTC_6bdb0.dir/CheckFunctionExists.c.o
/usr/lib/ccache/cc    -std=gnu99 -Wall -Wno-unknown-pragmas  -DCHECK_FUNCTION_EXISTS=pthread_yield   -o CMakeFiles/cmTC_6bdb0.dir/CheckFunctionExists.c.o   -c /usr/share/cmake-3.7/Modules/CheckFunctionExists.c
Linking C executable cmTC_6bdb0
/usr/bin/cmake -E cmake_link_script CMakeFiles/cmTC_6bdb0.dir/link.txt --verbose=1
/usr/lib/ccache/cc   -std=gnu99 -Wall -Wno-unknown-pragmas  -DCHECK_FUNCTION_EXISTS=pthread_yield    CMakeFiles/cmTC_6bdb0.dir/CheckFunctionExists.c.o  -o cmTC_6bdb0 -rdynamic 
CMakeFiles/cmTC_6bdb0.dir/CheckFunctionExists.c.o: In function `main':
CheckFunctionExists.c:(.text+0x15): undefined reference to `pthread_yield'
collect2: error: ld returned 1 exit status
CMakeFiles/cmTC_6bdb0.dir/build.make:97: recipe for target 'cmTC_6bdb0' failed
make[1]: *** [cmTC_6bdb0] Error 1
make[1]: Leaving directory '/var/lib/jenkins/workspace/opm-simulators-PR-builder/mpi/build-libecl/CMakeFiles/CMakeTmp'
Makefile:126: recipe for target 'cmTC_6bdb0/fast' failed
make: *** [cmTC_6bdb0/fast] Error 2


Determining if the function pthread_yield_np exists failed with the following output:
Change Dir: /var/lib/jenkins/workspace/opm-simulators-PR-builder/mpi/build-libecl/CMakeFiles/CMakeTmp

Run Build Command:"/usr/bin/make" "cmTC_e0a15/fast"
/usr/bin/make -f CMakeFiles/cmTC_e0a15.dir/build.make CMakeFiles/cmTC_e0a15.dir/build
make[1]: Entering directory '/var/lib/jenkins/workspace/opm-simulators-PR-builder/mpi/build-libecl/CMakeFiles/CMakeTmp'
Building C object CMakeFiles/cmTC_e0a15.dir/CheckFunctionExists.c.o
/usr/lib/ccache/cc    -std=gnu99 -Wall -Wno-unknown-pragmas  -DCHECK_FUNCTION_EXISTS=pthread_yield_np   -o CMakeFiles/cmTC_e0a15.dir/CheckFunctionExists.c.o   -c /usr/share/cmake-3.7/Modules/CheckFunctionExists.c
Linking C executable cmTC_e0a15
/usr/bin/cmake -E cmake_link_script CMakeFiles/cmTC_e0a15.dir/link.txt --verbose=1
/usr/lib/ccache/cc   -std=gnu99 -Wall -Wno-unknown-pragmas  -DCHECK_FUNCTION_EXISTS=pthread_yield_np    CMakeFiles/cmTC_e0a15.dir/CheckFunctionExists.c.o  -o cmTC_e0a15 -rdynamic 
CMakeFiles/cmTC_e0a15.dir/CheckFunctionExists.c.o: In function `main':
CheckFunctionExists.c:(.text+0x15): undefined reference to `pthread_yield_np'
collect2: error: ld returned 1 exit status
CMakeFiles/cmTC_e0a15.dir/build.make:97: recipe for target 'cmTC_e0a15' failed
make[1]: *** [cmTC_e0a15] Error 1
make[1]: Leaving directory '/var/lib/jenkins/workspace/opm-simulators-PR-builder/mpi/build-libecl/CMakeFiles/CMakeTmp'
Makefile:126: recipe for target 'cmTC_e0a15/fast' failed
make: *** [cmTC_e0a15/fast] Error 2


Determining if the function round exists failed with the following output:
Change Dir: /var/lib/jenkins/workspace/opm-simulators-PR-builder/mpi/build-libecl/CMakeFiles/CMakeTmp

Run Build Command:"/usr/bin/make" "cmTC_2a9d3/fast"
/usr/bin/make -f CMakeFiles/cmTC_2a9d3.dir/build.make CMakeFiles/cmTC_2a9d3.dir/build
make[1]: Entering directory '/var/lib/jenkins/workspace/opm-simulators-PR-builder/mpi/build-libecl/CMakeFiles/CMakeTmp'
Building C object CMakeFiles/cmTC_2a9d3.dir/CheckFunctionExists.c.o
/usr/lib/ccache/cc    -std=gnu99 -Wall -Wno-unknown-pragmas  -DCHECK_FUNCTION_EXISTS=round   -o CMakeFiles/cmTC_2a9d3.dir/CheckFunctionExists.c.o   -c /usr/share/cmake-3.7/Modules/CheckFunctionExists.c
<command-line>:0:23: warning: conflicting types for built-in function 'round'
/usr/share/cmake-3.7/Modules/CheckFunctionExists.c:7:3: note: in expansion of macro 'CHECK_FUNCTION_EXISTS'
   CHECK_FUNCTION_EXISTS();
   ^~~~~~~~~~~~~~~~~~~~~
Linking C executable cmTC_2a9d3
/usr/bin/cmake -E cmake_link_script CMakeFiles/cmTC_2a9d3.dir/link.txt --verbose=1
/usr/lib/ccache/cc   -std=gnu99 -Wall -Wno-unknown-pragmas  -DCHECK_FUNCTION_EXISTS=round    CMakeFiles/cmTC_2a9d3.dir/CheckFunctionExists.c.o  -o cmTC_2a9d3 -rdynamic 
CMakeFiles/cmTC_2a9d3.dir/CheckFunctionExists.c.o: In function `main':
CheckFunctionExists.c:(.text+0x15): undefined reference to `round'
collect2: error: ld returned 1 exit status
CMakeFiles/cmTC_2a9d3.dir/build.make:97: recipe for target 'cmTC_2a9d3' failed
make[1]: *** [cmTC_2a9d3] Error 1
make[1]: Leaving directory '/var/lib/jenkins/workspace/opm-simulators-PR-builder/mpi/build-libecl/CMakeFiles/CMakeTmp'
Makefile:126: recipe for target 'cmTC_2a9d3/fast' failed
make: *** [cmTC_2a9d3/fast] Error 2


Determining if the function _unlink exists failed with the following output:
Change Dir: /var/lib/jenkins/workspace/opm-simulators-PR-builder/mpi/build-libecl/CMakeFiles/CMakeTmp

Run Build Command:"/usr/bin/make" "cmTC_a0c51/fast"
/usr/bin/make -f CMakeFiles/cmTC_a0c51.dir/build.make CMakeFiles/cmTC_a0c51.dir/build
make[1]: Entering directory '/var/lib/jenkins/workspace/opm-simulators-PR-builder/mpi/build-libecl/CMakeFiles/CMakeTmp'
Building C object CMakeFiles/cmTC_a0c51.dir/CheckFunctionExists.c.o
/usr/lib/ccache/cc    -std=gnu99 -Wall -Wno-unknown-pragmas  -DCHECK_FUNCTION_EXISTS=_unlink   -o CMakeFiles/cmTC_a0c51.dir/CheckFunctionExists.c.o   -c /usr/share/cmake-3.7/Modules/CheckFunctionExists.c
Linking C executable cmTC_a0c51
/usr/bin/cmake -E cmake_link_script CMakeFiles/cmTC_a0c51.dir/link.txt --verbose=1
/usr/lib/ccache/cc   -std=gnu99 -Wall -Wno-unknown-pragmas  -DCHECK_FUNCTION_EXISTS=_unlink    CMakeFiles/cmTC_a0c51.dir/CheckFunctionExists.c.o  -o cmTC_a0c51 -rdynamic 
CMakeFiles/cmTC_a0c51.dir/CheckFunctionExists.c.o: In function `main':
CheckFunctionExists.c:(.text+0x15): undefined reference to `_unlink'
collect2: error: ld returned 1 exit status
CMakeFiles/cmTC_a0c51.dir/build.make:97: recipe for target 'cmTC_a0c51' failed
make[1]: *** [cmTC_a0c51] Error 1
make[1]: Leaving directory '/var/lib/jenkins/workspace/opm-simulators-PR-builder/mpi/build-libecl/CMakeFiles/CMakeTmp'
Makefile:126: recipe for target 'cmTC_a0c51/fast' failed
make: *** [cmTC_a0c51/fast] Error 2


Determining if the _tzname exist failed with the following output:
Change Dir: /var/lib/jenkins/workspace/opm-simulators-PR-builder/mpi/build-libecl/CMakeFiles/CMakeTmp

Run Build Command:"/usr/bin/make" "cmTC_6c279/fast"
/usr/bin/make -f CMakeFiles/cmTC_6c279.dir/build.make CMakeFiles/cmTC_6c279.dir/build
make[1]: Entering directory '/var/lib/jenkins/workspace/opm-simulators-PR-builder/mpi/build-libecl/CMakeFiles/CMakeTmp'
Building C object CMakeFiles/cmTC_6c279.dir/CheckSymbolExists.c.o
/usr/lib/ccache/cc    -std=gnu99 -Wall -Wno-unknown-pragmas     -o CMakeFiles/cmTC_6c279.dir/CheckSymbolExists.c.o   -c /var/lib/jenkins/workspace/opm-simulators-PR-builder/mpi/build-libecl/CMakeFiles/CMakeTmp/CheckSymbolExists.c
/var/lib/jenkins/workspace/opm-simulators-PR-builder/mpi/build-libecl/CMakeFiles/CMakeTmp/CheckSymbolExists.c: In function 'main':
/var/lib/jenkins/workspace/opm-simulators-PR-builder/mpi/build-libecl/CMakeFiles/CMakeTmp/CheckSymbolExists.c:8:19: error: '_tzname' undeclared (first use in this function)
   return ((int*)(&_tzname))[argc];
                   ^~~~~~~
/var/lib/jenkins/workspace/opm-simulators-PR-builder/mpi/build-libecl/CMakeFiles/CMakeTmp/CheckSymbolExists.c:8:19: note: each undeclared identifier is reported only once for each function it appears in
CMakeFiles/cmTC_6c279.dir/build.make:65: recipe for target 'CMakeFiles/cmTC_6c279.dir/CheckSymbolExists.c.o' failed
make[1]: *** [CMakeFiles/cmTC_6c279.dir/CheckSymbolExists.c.o] Error 1
make[1]: Leaving directory '/var/lib/jenkins/workspace/opm-simulators-PR-builder/mpi/build-libecl/CMakeFiles/CMakeTmp'
Makefile:126: recipe for target 'cmTC_6c279/fast' failed
make: *** [cmTC_6c279/fast] Error 2

File /var/lib/jenkins/workspace/opm-simulators-PR-builder/mpi/build-libecl/CMakeFiles/CMakeTmp/CheckSymbolExists.c:
/* */
#include <time.h>

int main(int argc, char** argv)
{
  (void)argv;
#ifndef _tzname
  return ((int*)(&_tzname))[argc];
#else
  (void)argc;
  return 0;
#endif
}

Determining if the include file winsock2.h exists failed with the following output:
Change Dir: /var/lib/jenkins/workspace/opm-simulators-PR-builder/mpi/build-libecl/CMakeFiles/CMakeTmp

Run Build Command:"/usr/bin/make" "cmTC_f3260/fast"
/usr/bin/make -f CMakeFiles/cmTC_f3260.dir/build.make CMakeFiles/cmTC_f3260.dir/build
make[1]: Entering directory '/var/lib/jenkins/workspace/opm-simulators-PR-builder/mpi/build-libecl/CMakeFiles/CMakeTmp'
Building C object CMakeFiles/cmTC_f3260.dir/CheckIncludeFile.c.o
/usr/lib/ccache/cc    -std=gnu99 -Wall -Wno-unknown-pragmas     -o CMakeFiles/cmTC_f3260.dir/CheckIncludeFile.c.o   -c /var/lib/jenkins/workspace/opm-simulators-PR-builder/mpi/build-libecl/CMakeFiles/CMakeTmp/CheckIncludeFile.c
/var/lib/jenkins/workspace/opm-simulators-PR-builder/mpi/build-libecl/CMakeFiles/CMakeTmp/CheckIncludeFile.c:1:22: fatal error: winsock2.h: No such file or directory
 #include <winsock2.h>
                      ^
compilation terminated.
CMakeFiles/cmTC_f3260.dir/build.make:65: recipe for target 'CMakeFiles/cmTC_f3260.dir/CheckIncludeFile.c.o' failed
make[1]: *** [CMakeFiles/cmTC_f3260.dir/CheckIncludeFile.c.o] Error 1
make[1]: Leaving directory '/var/lib/jenkins/workspace/opm-simulators-PR-builder/mpi/build-libecl/CMakeFiles/CMakeTmp'
Makefile:126: recipe for target 'cmTC_f3260/fast' failed
make: *** [cmTC_f3260/fast] Error 2


