The system is: Linux - 4.9.0-3-amd64 - x86_64
Compiling the CXX compiler identification source file "CMakeCXXCompilerId.cpp" succeeded.
Compiler: /usr/lib/ccache/c++ 
Build flags: 
Id flags: 

The output was:
0


Compilation of the CXX compiler identification source "CMakeCXXCompilerId.cpp" produced "a.out"

The CXX compiler identification is GNU, found in "/var/lib/jenkins/workspace/opm-simulators-PR-builder/mpi/build-opm-material/CMakeFiles/3.7.2/CompilerIdCXX/a.out"

Determining if the CXX compiler works passed with the following output:
Change Dir: /var/lib/jenkins/workspace/opm-simulators-PR-builder/mpi/build-opm-material/CMakeFiles/CMakeTmp

Run Build Command:"/usr/bin/make" "cmTC_f3841/fast"
/usr/bin/make -f CMakeFiles/cmTC_f3841.dir/build.make CMakeFiles/cmTC_f3841.dir/build
make[1]: Entering directory '/var/lib/jenkins/workspace/opm-simulators-PR-builder/mpi/build-opm-material/CMakeFiles/CMakeTmp'
Building CXX object CMakeFiles/cmTC_f3841.dir/testCXXCompiler.cxx.o
/usr/lib/ccache/c++      -o CMakeFiles/cmTC_f3841.dir/testCXXCompiler.cxx.o -c /var/lib/jenkins/workspace/opm-simulators-PR-builder/mpi/build-opm-material/CMakeFiles/CMakeTmp/testCXXCompiler.cxx
Linking CXX executable cmTC_f3841
/usr/bin/cmake -E cmake_link_script CMakeFiles/cmTC_f3841.dir/link.txt --verbose=1
/usr/lib/ccache/c++        CMakeFiles/cmTC_f3841.dir/testCXXCompiler.cxx.o  -o cmTC_f3841 -rdynamic 
make[1]: Leaving directory '/var/lib/jenkins/workspace/opm-simulators-PR-builder/mpi/build-opm-material/CMakeFiles/CMakeTmp'


Detecting CXX compiler ABI info compiled with the following output:
Change Dir: /var/lib/jenkins/workspace/opm-simulators-PR-builder/mpi/build-opm-material/CMakeFiles/CMakeTmp

Run Build Command:"/usr/bin/make" "cmTC_5e093/fast"
/usr/bin/make -f CMakeFiles/cmTC_5e093.dir/build.make CMakeFiles/cmTC_5e093.dir/build
make[1]: Entering directory '/var/lib/jenkins/workspace/opm-simulators-PR-builder/mpi/build-opm-material/CMakeFiles/CMakeTmp'
Building CXX object CMakeFiles/cmTC_5e093.dir/CMakeCXXCompilerABI.cpp.o
/usr/lib/ccache/c++      -o CMakeFiles/cmTC_5e093.dir/CMakeCXXCompilerABI.cpp.o -c /usr/share/cmake-3.7/Modules/CMakeCXXCompilerABI.cpp
Linking CXX executable cmTC_5e093
/usr/bin/cmake -E cmake_link_script CMakeFiles/cmTC_5e093.dir/link.txt --verbose=1
/usr/lib/ccache/c++       -v CMakeFiles/cmTC_5e093.dir/CMakeCXXCompilerABI.cpp.o  -o cmTC_5e093 -rdynamic  
Using built-in specs.
COLLECT_GCC=/usr/bin/c++
COLLECT_LTO_WRAPPER=/usr/lib/gcc/x86_64-linux-gnu/6/lto-wrapper
Target: x86_64-linux-gnu
Configured with: ../src/configure -v --with-pkgversion='Debian 6.3.0-18' --with-bugurl=file:///usr/share/doc/gcc-6/README.Bugs --enable-languages=c,ada,c++,java,go,d,fortran,objc,obj-c++ --prefix=/usr --program-suffix=-6 --program-prefix=x86_64-linux-gnu- --enable-shared --enable-linker-build-id --libexecdir=/usr/lib --without-included-gettext --enable-threads=posix --libdir=/usr/lib --enable-nls --with-sysroot=/ --enable-clocale=gnu --enable-libstdcxx-debug --enable-libstdcxx-time=yes --with-default-libstdcxx-abi=new --enable-gnu-unique-object --disable-vtable-verify --enable-libmpx --enable-plugin --enable-default-pie --with-system-zlib --disable-browser-plugin --enable-java-awt=gtk --enable-gtk-cairo --with-java-home=/usr/lib/jvm/java-1.5.0-gcj-6-amd64/jre --enable-java-home --with-jvm-root-dir=/usr/lib/jvm/java-1.5.0-gcj-6-amd64 --with-jvm-jar-dir=/usr/lib/jvm-exports/java-1.5.0-gcj-6-amd64 --with-arch-directory=amd64 --with-ecj-jar=/usr/share/java/eclipse-ecj.jar --with-target-system-zlib --enable-objc-gc=auto --enable-multiarch --with-arch-32=i686 --with-abi=m64 --with-multilib-list=m32,m64,mx32 --enable-multilib --with-tune=generic --enable-checking=release --build=x86_64-linux-gnu --host=x86_64-linux-gnu --target=x86_64-linux-gnu
Thread model: posix
gcc version 6.3.0 20170516 (Debian 6.3.0-18) 
COMPILER_PATH=/usr/lib/gcc/x86_64-linux-gnu/6/:/usr/lib/gcc/x86_64-linux-gnu/6/:/usr/lib/gcc/x86_64-linux-gnu/:/usr/lib/gcc/x86_64-linux-gnu/6/:/usr/lib/gcc/x86_64-linux-gnu/
LIBRARY_PATH=/usr/lib/gcc/x86_64-linux-gnu/6/:/usr/lib/gcc/x86_64-linux-gnu/6/../../../x86_64-linux-gnu/:/usr/lib/gcc/x86_64-linux-gnu/6/../../../../lib/:/lib/x86_64-linux-gnu/:/lib/../lib/:/usr/lib/x86_64-linux-gnu/:/usr/lib/../lib/:/usr/lib/gcc/x86_64-linux-gnu/6/../../../:/lib/:/usr/lib/
COLLECT_GCC_OPTIONS='-v' '-o' 'cmTC_5e093' '-rdynamic' '-shared-libgcc' '-mtune=generic' '-march=x86-64'
 /usr/lib/gcc/x86_64-linux-gnu/6/collect2 -plugin /usr/lib/gcc/x86_64-linux-gnu/6/liblto_plugin.so -plugin-opt=/usr/lib/gcc/x86_64-linux-gnu/6/lto-wrapper -plugin-opt=-fresolution=/tmp/cc7k2sJA.res -plugin-opt=-pass-through=-lgcc_s -plugin-opt=-pass-through=-lgcc -plugin-opt=-pass-through=-lc -plugin-opt=-pass-through=-lgcc_s -plugin-opt=-pass-through=-lgcc --sysroot=/ --build-id --eh-frame-hdr -m elf_x86_64 --hash-style=gnu -export-dynamic -dynamic-linker /lib64/ld-linux-x86-64.so.2 -pie -o cmTC_5e093 /usr/lib/gcc/x86_64-linux-gnu/6/../../../x86_64-linux-gnu/Scrt1.o /usr/lib/gcc/x86_64-linux-gnu/6/../../../x86_64-linux-gnu/crti.o /usr/lib/gcc/x86_64-linux-gnu/6/crtbeginS.o -L/usr/lib/gcc/x86_64-linux-gnu/6 -L/usr/lib/gcc/x86_64-linux-gnu/6/../../../x86_64-linux-gnu -L/usr/lib/gcc/x86_64-linux-gnu/6/../../../../lib -L/lib/x86_64-linux-gnu -L/lib/../lib -L/usr/lib/x86_64-linux-gnu -L/usr/lib/../lib -L/usr/lib/gcc/x86_64-linux-gnu/6/../../.. CMakeFiles/cmTC_5e093.dir/CMakeCXXCompilerABI.cpp.o -lstdc++ -lm -lgcc_s -lgcc -lc -lgcc_s -lgcc /usr/lib/gcc/x86_64-linux-gnu/6/crtendS.o /usr/lib/gcc/x86_64-linux-gnu/6/../../../x86_64-linux-gnu/crtn.o
COLLECT_GCC_OPTIONS='-v' '-o' 'cmTC_5e093' '-rdynamic' '-shared-libgcc' '-mtune=generic' '-march=x86-64'
make[1]: Leaving directory '/var/lib/jenkins/workspace/opm-simulators-PR-builder/mpi/build-opm-material/CMakeFiles/CMakeTmp'


Parsed CXX implicit link information from above output:
  link line regex: [^( *|.*[/\])(ld|([^/\]+-)?ld|collect2)[^/\]*( |$)]
  ignore line: [Change Dir: /var/lib/jenkins/workspace/opm-simulators-PR-builder/mpi/build-opm-material/CMakeFiles/CMakeTmp]
  ignore line: []
  ignore line: [Run Build Command:"/usr/bin/make" "cmTC_5e093/fast"]
  ignore line: [/usr/bin/make -f CMakeFiles/cmTC_5e093.dir/build.make CMakeFiles/cmTC_5e093.dir/build]
  ignore line: [make[1]: Entering directory '/var/lib/jenkins/workspace/opm-simulators-PR-builder/mpi/build-opm-material/CMakeFiles/CMakeTmp']
  ignore line: [Building CXX object CMakeFiles/cmTC_5e093.dir/CMakeCXXCompilerABI.cpp.o]
  ignore line: [/usr/lib/ccache/c++      -o CMakeFiles/cmTC_5e093.dir/CMakeCXXCompilerABI.cpp.o -c /usr/share/cmake-3.7/Modules/CMakeCXXCompilerABI.cpp]
  ignore line: [Linking CXX executable cmTC_5e093]
  ignore line: [/usr/bin/cmake -E cmake_link_script CMakeFiles/cmTC_5e093.dir/link.txt --verbose=1]
  ignore line: [/usr/lib/ccache/c++       -v CMakeFiles/cmTC_5e093.dir/CMakeCXXCompilerABI.cpp.o  -o cmTC_5e093 -rdynamic  ]
  ignore line: [Using built-in specs.]
  ignore line: [COLLECT_GCC=/usr/bin/c++]
  ignore line: [COLLECT_LTO_WRAPPER=/usr/lib/gcc/x86_64-linux-gnu/6/lto-wrapper]
  ignore line: [Target: x86_64-linux-gnu]
  ignore line: [Configured with: ../src/configure -v --with-pkgversion='Debian 6.3.0-18' --with-bugurl=file:///usr/share/doc/gcc-6/README.Bugs --enable-languages=c,ada,c++,java,go,d,fortran,objc,obj-c++ --prefix=/usr --program-suffix=-6 --program-prefix=x86_64-linux-gnu- --enable-shared --enable-linker-build-id --libexecdir=/usr/lib --without-included-gettext --enable-threads=posix --libdir=/usr/lib --enable-nls --with-sysroot=/ --enable-clocale=gnu --enable-libstdcxx-debug --enable-libstdcxx-time=yes --with-default-libstdcxx-abi=new --enable-gnu-unique-object --disable-vtable-verify --enable-libmpx --enable-plugin --enable-default-pie --with-system-zlib --disable-browser-plugin --enable-java-awt=gtk --enable-gtk-cairo --with-java-home=/usr/lib/jvm/java-1.5.0-gcj-6-amd64/jre --enable-java-home --with-jvm-root-dir=/usr/lib/jvm/java-1.5.0-gcj-6-amd64 --with-jvm-jar-dir=/usr/lib/jvm-exports/java-1.5.0-gcj-6-amd64 --with-arch-directory=amd64 --with-ecj-jar=/usr/share/java/eclipse-ecj.jar --with-target-system-zlib --enable-objc-gc=auto --enable-multiarch --with-arch-32=i686 --with-abi=m64 --with-multilib-list=m32,m64,mx32 --enable-multilib --with-tune=generic --enable-checking=release --build=x86_64-linux-gnu --host=x86_64-linux-gnu --target=x86_64-linux-gnu]
  ignore line: [Thread model: posix]
  ignore line: [gcc version 6.3.0 20170516 (Debian 6.3.0-18) ]
  ignore line: [COMPILER_PATH=/usr/lib/gcc/x86_64-linux-gnu/6/:/usr/lib/gcc/x86_64-linux-gnu/6/:/usr/lib/gcc/x86_64-linux-gnu/:/usr/lib/gcc/x86_64-linux-gnu/6/:/usr/lib/gcc/x86_64-linux-gnu/]
  ignore line: [LIBRARY_PATH=/usr/lib/gcc/x86_64-linux-gnu/6/:/usr/lib/gcc/x86_64-linux-gnu/6/../../../x86_64-linux-gnu/:/usr/lib/gcc/x86_64-linux-gnu/6/../../../../lib/:/lib/x86_64-linux-gnu/:/lib/../lib/:/usr/lib/x86_64-linux-gnu/:/usr/lib/../lib/:/usr/lib/gcc/x86_64-linux-gnu/6/../../../:/lib/:/usr/lib/]
  ignore line: [COLLECT_GCC_OPTIONS='-v' '-o' 'cmTC_5e093' '-rdynamic' '-shared-libgcc' '-mtune=generic' '-march=x86-64']
  link line: [ /usr/lib/gcc/x86_64-linux-gnu/6/collect2 -plugin /usr/lib/gcc/x86_64-linux-gnu/6/liblto_plugin.so -plugin-opt=/usr/lib/gcc/x86_64-linux-gnu/6/lto-wrapper -plugin-opt=-fresolution=/tmp/cc7k2sJA.res -plugin-opt=-pass-through=-lgcc_s -plugin-opt=-pass-through=-lgcc -plugin-opt=-pass-through=-lc -plugin-opt=-pass-through=-lgcc_s -plugin-opt=-pass-through=-lgcc --sysroot=/ --build-id --eh-frame-hdr -m elf_x86_64 --hash-style=gnu -export-dynamic -dynamic-linker /lib64/ld-linux-x86-64.so.2 -pie -o cmTC_5e093 /usr/lib/gcc/x86_64-linux-gnu/6/../../../x86_64-linux-gnu/Scrt1.o /usr/lib/gcc/x86_64-linux-gnu/6/../../../x86_64-linux-gnu/crti.o /usr/lib/gcc/x86_64-linux-gnu/6/crtbeginS.o -L/usr/lib/gcc/x86_64-linux-gnu/6 -L/usr/lib/gcc/x86_64-linux-gnu/6/../../../x86_64-linux-gnu -L/usr/lib/gcc/x86_64-linux-gnu/6/../../../../lib -L/lib/x86_64-linux-gnu -L/lib/../lib -L/usr/lib/x86_64-linux-gnu -L/usr/lib/../lib -L/usr/lib/gcc/x86_64-linux-gnu/6/../../.. CMakeFiles/cmTC_5e093.dir/CMakeCXXCompilerABI.cpp.o -lstdc++ -lm -lgcc_s -lgcc -lc -lgcc_s -lgcc /usr/lib/gcc/x86_64-linux-gnu/6/crtendS.o /usr/lib/gcc/x86_64-linux-gnu/6/../../../x86_64-linux-gnu/crtn.o]
    arg [/usr/lib/gcc/x86_64-linux-gnu/6/collect2] ==> ignore
    arg [-plugin] ==> ignore
    arg [/usr/lib/gcc/x86_64-linux-gnu/6/liblto_plugin.so] ==> ignore
    arg [-plugin-opt=/usr/lib/gcc/x86_64-linux-gnu/6/lto-wrapper] ==> ignore
    arg [-plugin-opt=-fresolution=/tmp/cc7k2sJA.res] ==> ignore
    arg [-plugin-opt=-pass-through=-lgcc_s] ==> ignore
    arg [-plugin-opt=-pass-through=-lgcc] ==> ignore
    arg [-plugin-opt=-pass-through=-lc] ==> ignore
    arg [-plugin-opt=-pass-through=-lgcc_s] ==> ignore
    arg [-plugin-opt=-pass-through=-lgcc] ==> ignore
    arg [--sysroot=/] ==> ignore
    arg [--build-id] ==> ignore
    arg [--eh-frame-hdr] ==> ignore
    arg [-m] ==> ignore
    arg [elf_x86_64] ==> ignore
    arg [--hash-style=gnu] ==> ignore
    arg [-export-dynamic] ==> ignore
    arg [-dynamic-linker] ==> ignore
    arg [/lib64/ld-linux-x86-64.so.2] ==> ignore
    arg [-pie] ==> ignore
    arg [-o] ==> ignore
    arg [cmTC_5e093] ==> ignore
    arg [/usr/lib/gcc/x86_64-linux-gnu/6/../../../x86_64-linux-gnu/Scrt1.o] ==> ignore
    arg [/usr/lib/gcc/x86_64-linux-gnu/6/../../../x86_64-linux-gnu/crti.o] ==> ignore
    arg [/usr/lib/gcc/x86_64-linux-gnu/6/crtbeginS.o] ==> ignore
    arg [-L/usr/lib/gcc/x86_64-linux-gnu/6] ==> dir [/usr/lib/gcc/x86_64-linux-gnu/6]
    arg [-L/usr/lib/gcc/x86_64-linux-gnu/6/../../../x86_64-linux-gnu] ==> dir [/usr/lib/gcc/x86_64-linux-gnu/6/../../../x86_64-linux-gnu]
    arg [-L/usr/lib/gcc/x86_64-linux-gnu/6/../../../../lib] ==> dir [/usr/lib/gcc/x86_64-linux-gnu/6/../../../../lib]
    arg [-L/lib/x86_64-linux-gnu] ==> dir [/lib/x86_64-linux-gnu]
    arg [-L/lib/../lib] ==> dir [/lib/../lib]
    arg [-L/usr/lib/x86_64-linux-gnu] ==> dir [/usr/lib/x86_64-linux-gnu]
    arg [-L/usr/lib/../lib] ==> dir [/usr/lib/../lib]
    arg [-L/usr/lib/gcc/x86_64-linux-gnu/6/../../..] ==> dir [/usr/lib/gcc/x86_64-linux-gnu/6/../../..]
    arg [CMakeFiles/cmTC_5e093.dir/CMakeCXXCompilerABI.cpp.o] ==> ignore
    arg [-lstdc++] ==> lib [stdc++]
    arg [-lm] ==> lib [m]
    arg [-lgcc_s] ==> lib [gcc_s]
    arg [-lgcc] ==> lib [gcc]
    arg [-lc] ==> lib [c]
    arg [-lgcc_s] ==> lib [gcc_s]
    arg [-lgcc] ==> lib [gcc]
    arg [/usr/lib/gcc/x86_64-linux-gnu/6/crtendS.o] ==> ignore
    arg [/usr/lib/gcc/x86_64-linux-gnu/6/../../../x86_64-linux-gnu/crtn.o] ==> ignore
  remove lib [gcc_s]
  remove lib [gcc]
  remove lib [gcc_s]
  remove lib [gcc]
  collapse library dir [/usr/lib/gcc/x86_64-linux-gnu/6] ==> [/usr/lib/gcc/x86_64-linux-gnu/6]
  collapse library dir [/usr/lib/gcc/x86_64-linux-gnu/6/../../../x86_64-linux-gnu] ==> [/usr/lib/x86_64-linux-gnu]
  collapse library dir [/usr/lib/gcc/x86_64-linux-gnu/6/../../../../lib] ==> [/usr/lib]
  collapse library dir [/lib/x86_64-linux-gnu] ==> [/lib/x86_64-linux-gnu]
  collapse library dir [/lib/../lib] ==> [/lib]
  collapse library dir [/usr/lib/x86_64-linux-gnu] ==> [/usr/lib/x86_64-linux-gnu]
  collapse library dir [/usr/lib/../lib] ==> [/usr/lib]
  collapse library dir [/usr/lib/gcc/x86_64-linux-gnu/6/../../..] ==> [/usr/lib]
  implicit libs: [stdc++;m;c]
  implicit dirs: [/usr/lib/gcc/x86_64-linux-gnu/6;/usr/lib/x86_64-linux-gnu;/usr/lib;/lib/x86_64-linux-gnu;/lib]
  implicit fwks: []




Detecting CXX [-std=c++14] compiler features compiled with the following output:
Change Dir: /var/lib/jenkins/workspace/opm-simulators-PR-builder/mpi/build-opm-material/CMakeFiles/CMakeTmp

Run Build Command:"/usr/bin/make" "cmTC_e1aa3/fast"
/usr/bin/make -f CMakeFiles/cmTC_e1aa3.dir/build.make CMakeFiles/cmTC_e1aa3.dir/build
make[1]: Entering directory '/var/lib/jenkins/workspace/opm-simulators-PR-builder/mpi/build-opm-material/CMakeFiles/CMakeTmp'
Building CXX object CMakeFiles/cmTC_e1aa3.dir/feature_tests.cxx.o
/usr/lib/ccache/c++     -std=c++14 -o CMakeFiles/cmTC_e1aa3.dir/feature_tests.cxx.o -c /var/lib/jenkins/workspace/opm-simulators-PR-builder/mpi/build-opm-material/CMakeFiles/feature_tests.cxx
Linking CXX executable cmTC_e1aa3
/usr/bin/cmake -E cmake_link_script CMakeFiles/cmTC_e1aa3.dir/link.txt --verbose=1
/usr/lib/ccache/c++        CMakeFiles/cmTC_e1aa3.dir/feature_tests.cxx.o  -o cmTC_e1aa3 -rdynamic 
make[1]: Leaving directory '/var/lib/jenkins/workspace/opm-simulators-PR-builder/mpi/build-opm-material/CMakeFiles/CMakeTmp'


    Feature record: CXX_FEATURE:1cxx_aggregate_default_initializers
    Feature record: CXX_FEATURE:1cxx_alias_templates
    Feature record: CXX_FEATURE:1cxx_alignas
    Feature record: CXX_FEATURE:1cxx_alignof
    Feature record: CXX_FEATURE:1cxx_attributes
    Feature record: CXX_FEATURE:1cxx_attribute_deprecated
    Feature record: CXX_FEATURE:1cxx_auto_type
    Feature record: CXX_FEATURE:1cxx_binary_literals
    Feature record: CXX_FEATURE:1cxx_constexpr
    Feature record: CXX_FEATURE:1cxx_contextual_conversions
    Feature record: CXX_FEATURE:1cxx_decltype
    Feature record: CXX_FEATURE:1cxx_decltype_auto
    Feature record: CXX_FEATURE:1cxx_decltype_incomplete_return_types
    Feature record: CXX_FEATURE:1cxx_default_function_template_args
    Feature record: CXX_FEATURE:1cxx_defaulted_functions
    Feature record: CXX_FEATURE:1cxx_defaulted_move_initializers
    Feature record: CXX_FEATURE:1cxx_delegating_constructors
    Feature record: CXX_FEATURE:1cxx_deleted_functions
    Feature record: CXX_FEATURE:1cxx_digit_separators
    Feature record: CXX_FEATURE:1cxx_enum_forward_declarations
    Feature record: CXX_FEATURE:1cxx_explicit_conversions
    Feature record: CXX_FEATURE:1cxx_extended_friend_declarations
    Feature record: CXX_FEATURE:1cxx_extern_templates
    Feature record: CXX_FEATURE:1cxx_final
    Feature record: CXX_FEATURE:1cxx_func_identifier
    Feature record: CXX_FEATURE:1cxx_generalized_initializers
    Feature record: CXX_FEATURE:1cxx_generic_lambdas
    Feature record: CXX_FEATURE:1cxx_inheriting_constructors
    Feature record: CXX_FEATURE:1cxx_inline_namespaces
    Feature record: CXX_FEATURE:1cxx_lambdas
    Feature record: CXX_FEATURE:1cxx_lambda_init_captures
    Feature record: CXX_FEATURE:1cxx_local_type_template_args
    Feature record: CXX_FEATURE:1cxx_long_long_type
    Feature record: CXX_FEATURE:1cxx_noexcept
    Feature record: CXX_FEATURE:1cxx_nonstatic_member_init
    Feature record: CXX_FEATURE:1cxx_nullptr
    Feature record: CXX_FEATURE:1cxx_override
    Feature record: CXX_FEATURE:1cxx_range_for
    Feature record: CXX_FEATURE:1cxx_raw_string_literals
    Feature record: CXX_FEATURE:1cxx_reference_qualified_functions
    Feature record: CXX_FEATURE:1cxx_relaxed_constexpr
    Feature record: CXX_FEATURE:1cxx_return_type_deduction
    Feature record: CXX_FEATURE:1cxx_right_angle_brackets
    Feature record: CXX_FEATURE:1cxx_rvalue_references
    Feature record: CXX_FEATURE:1cxx_sizeof_member
    Feature record: CXX_FEATURE:1cxx_static_assert
    Feature record: CXX_FEATURE:1cxx_strong_enums
    Feature record: CXX_FEATURE:1cxx_template_template_parameters
    Feature record: CXX_FEATURE:1cxx_thread_local
    Feature record: CXX_FEATURE:1cxx_trailing_return_types
    Feature record: CXX_FEATURE:1cxx_unicode_literals
    Feature record: CXX_FEATURE:1cxx_uniform_initialization
    Feature record: CXX_FEATURE:1cxx_unrestricted_unions
    Feature record: CXX_FEATURE:1cxx_user_literals
    Feature record: CXX_FEATURE:1cxx_variable_templates
    Feature record: CXX_FEATURE:1cxx_variadic_macros
    Feature record: CXX_FEATURE:1cxx_variadic_templates


Detecting CXX [-std=c++11] compiler features compiled with the following output:
Change Dir: /var/lib/jenkins/workspace/opm-simulators-PR-builder/mpi/build-opm-material/CMakeFiles/CMakeTmp

Run Build Command:"/usr/bin/make" "cmTC_cc066/fast"
/usr/bin/make -f CMakeFiles/cmTC_cc066.dir/build.make CMakeFiles/cmTC_cc066.dir/build
make[1]: Entering directory '/var/lib/jenkins/workspace/opm-simulators-PR-builder/mpi/build-opm-material/CMakeFiles/CMakeTmp'
Building CXX object CMakeFiles/cmTC_cc066.dir/feature_tests.cxx.o
/usr/lib/ccache/c++     -std=c++11 -o CMakeFiles/cmTC_cc066.dir/feature_tests.cxx.o -c /var/lib/jenkins/workspace/opm-simulators-PR-builder/mpi/build-opm-material/CMakeFiles/feature_tests.cxx
Linking CXX executable cmTC_cc066
/usr/bin/cmake -E cmake_link_script CMakeFiles/cmTC_cc066.dir/link.txt --verbose=1
/usr/lib/ccache/c++        CMakeFiles/cmTC_cc066.dir/feature_tests.cxx.o  -o cmTC_cc066 -rdynamic 
make[1]: Leaving directory '/var/lib/jenkins/workspace/opm-simulators-PR-builder/mpi/build-opm-material/CMakeFiles/CMakeTmp'


    Feature record: CXX_FEATURE:0cxx_aggregate_default_initializers
    Feature record: CXX_FEATURE:1cxx_alias_templates
    Feature record: CXX_FEATURE:1cxx_alignas
    Feature record: CXX_FEATURE:1cxx_alignof
    Feature record: CXX_FEATURE:1cxx_attributes
    Feature record: CXX_FEATURE:0cxx_attribute_deprecated
    Feature record: CXX_FEATURE:1cxx_auto_type
    Feature record: CXX_FEATURE:0cxx_binary_literals
    Feature record: CXX_FEATURE:1cxx_constexpr
    Feature record: CXX_FEATURE:0cxx_contextual_conversions
    Feature record: CXX_FEATURE:1cxx_decltype
    Feature record: CXX_FEATURE:0cxx_decltype_auto
    Feature record: CXX_FEATURE:1cxx_decltype_incomplete_return_types
    Feature record: CXX_FEATURE:1cxx_default_function_template_args
    Feature record: CXX_FEATURE:1cxx_defaulted_functions
    Feature record: CXX_FEATURE:1cxx_defaulted_move_initializers
    Feature record: CXX_FEATURE:1cxx_delegating_constructors
    Feature record: CXX_FEATURE:1cxx_deleted_functions
    Feature record: CXX_FEATURE:0cxx_digit_separators
    Feature record: CXX_FEATURE:1cxx_enum_forward_declarations
    Feature record: CXX_FEATURE:1cxx_explicit_conversions
    Feature record: CXX_FEATURE:1cxx_extended_friend_declarations
    Feature record: CXX_FEATURE:1cxx_extern_templates
    Feature record: CXX_FEATURE:1cxx_final
    Feature record: CXX_FEATURE:1cxx_func_identifier
    Feature record: CXX_FEATURE:1cxx_generalized_initializers
    Feature record: CXX_FEATURE:0cxx_generic_lambdas
    Feature record: CXX_FEATURE:1cxx_inheriting_constructors
    Feature record: CXX_FEATURE:1cxx_inline_namespaces
    Feature record: CXX_FEATURE:1cxx_lambdas
    Feature record: CXX_FEATURE:0cxx_lambda_init_captures
    Feature record: CXX_FEATURE:1cxx_local_type_template_args
    Feature record: CXX_FEATURE:1cxx_long_long_type
    Feature record: CXX_FEATURE:1cxx_noexcept
    Feature record: CXX_FEATURE:1cxx_nonstatic_member_init
    Feature record: CXX_FEATURE:1cxx_nullptr
    Feature record: CXX_FEATURE:1cxx_override
    Feature record: CXX_FEATURE:1cxx_range_for
    Feature record: CXX_FEATURE:1cxx_raw_string_literals
    Feature record: CXX_FEATURE:1cxx_reference_qualified_functions
    Feature record: CXX_FEATURE:0cxx_relaxed_constexpr
    Feature record: CXX_FEATURE:0cxx_return_type_deduction
    Feature record: CXX_FEATURE:1cxx_right_angle_brackets
    Feature record: CXX_FEATURE:1cxx_rvalue_references
    Feature record: CXX_FEATURE:1cxx_sizeof_member
    Feature record: CXX_FEATURE:1cxx_static_assert
    Feature record: CXX_FEATURE:1cxx_strong_enums
    Feature record: CXX_FEATURE:1cxx_template_template_parameters
    Feature record: CXX_FEATURE:1cxx_thread_local
    Feature record: CXX_FEATURE:1cxx_trailing_return_types
    Feature record: CXX_FEATURE:1cxx_unicode_literals
    Feature record: CXX_FEATURE:1cxx_uniform_initialization
    Feature record: CXX_FEATURE:1cxx_unrestricted_unions
    Feature record: CXX_FEATURE:1cxx_user_literals
    Feature record: CXX_FEATURE:0cxx_variable_templates
    Feature record: CXX_FEATURE:1cxx_variadic_macros
    Feature record: CXX_FEATURE:1cxx_variadic_templates


Detecting CXX [-std=c++98] compiler features compiled with the following output:
Change Dir: /var/lib/jenkins/workspace/opm-simulators-PR-builder/mpi/build-opm-material/CMakeFiles/CMakeTmp

Run Build Command:"/usr/bin/make" "cmTC_67ada/fast"
/usr/bin/make -f CMakeFiles/cmTC_67ada.dir/build.make CMakeFiles/cmTC_67ada.dir/build
make[1]: Entering directory '/var/lib/jenkins/workspace/opm-simulators-PR-builder/mpi/build-opm-material/CMakeFiles/CMakeTmp'
Building CXX object CMakeFiles/cmTC_67ada.dir/feature_tests.cxx.o
/usr/lib/ccache/c++     -std=c++98 -o CMakeFiles/cmTC_67ada.dir/feature_tests.cxx.o -c /var/lib/jenkins/workspace/opm-simulators-PR-builder/mpi/build-opm-material/CMakeFiles/feature_tests.cxx
Linking CXX executable cmTC_67ada
/usr/bin/cmake -E cmake_link_script CMakeFiles/cmTC_67ada.dir/link.txt --verbose=1
/usr/lib/ccache/c++        CMakeFiles/cmTC_67ada.dir/feature_tests.cxx.o  -o cmTC_67ada -rdynamic 
make[1]: Leaving directory '/var/lib/jenkins/workspace/opm-simulators-PR-builder/mpi/build-opm-material/CMakeFiles/CMakeTmp'


    Feature record: CXX_FEATURE:0cxx_aggregate_default_initializers
    Feature record: CXX_FEATURE:0cxx_alias_templates
    Feature record: CXX_FEATURE:0cxx_alignas
    Feature record: CXX_FEATURE:0cxx_alignof
    Feature record: CXX_FEATURE:0cxx_attributes
    Feature record: CXX_FEATURE:0cxx_attribute_deprecated
    Feature record: CXX_FEATURE:0cxx_auto_type
    Feature record: CXX_FEATURE:0cxx_binary_literals
    Feature record: CXX_FEATURE:0cxx_constexpr
    Feature record: CXX_FEATURE:0cxx_contextual_conversions
    Feature record: CXX_FEATURE:0cxx_decltype
    Feature record: CXX_FEATURE:0cxx_decltype_auto
    Feature record: CXX_FEATURE:0cxx_decltype_incomplete_return_types
    Feature record: CXX_FEATURE:0cxx_default_function_template_args
    Feature record: CXX_FEATURE:0cxx_defaulted_functions
    Feature record: CXX_FEATURE:0cxx_defaulted_move_initializers
    Feature record: CXX_FEATURE:0cxx_delegating_constructors
    Feature record: CXX_FEATURE:0cxx_deleted_functions
    Feature record: CXX_FEATURE:0cxx_digit_separators
    Feature record: CXX_FEATURE:0cxx_enum_forward_declarations
    Feature record: CXX_FEATURE:0cxx_explicit_conversions
    Feature record: CXX_FEATURE:0cxx_extended_friend_declarations
    Feature record: CXX_FEATURE:0cxx_extern_templates
    Feature record: CXX_FEATURE:0cxx_final
    Feature record: CXX_FEATURE:0cxx_func_identifier
    Feature record: CXX_FEATURE:0cxx_generalized_initializers
    Feature record: CXX_FEATURE:0cxx_generic_lambdas
    Feature record: CXX_FEATURE:0cxx_inheriting_constructors
    Feature record: CXX_FEATURE:0cxx_inline_namespaces
    Feature record: CXX_FEATURE:0cxx_lambdas
    Feature record: CXX_FEATURE:0cxx_lambda_init_captures
    Feature record: CXX_FEATURE:0cxx_local_type_template_args
    Feature record: CXX_FEATURE:0cxx_long_long_type
    Feature record: CXX_FEATURE:0cxx_noexcept
    Feature record: CXX_FEATURE:0cxx_nonstatic_member_init
    Feature record: CXX_FEATURE:0cxx_nullptr
    Feature record: CXX_FEATURE:0cxx_override
    Feature record: CXX_FEATURE:0cxx_range_for
    Feature record: CXX_FEATURE:0cxx_raw_string_literals
    Feature record: CXX_FEATURE:0cxx_reference_qualified_functions
    Feature record: CXX_FEATURE:0cxx_relaxed_constexpr
    Feature record: CXX_FEATURE:0cxx_return_type_deduction
    Feature record: CXX_FEATURE:0cxx_right_angle_brackets
    Feature record: CXX_FEATURE:0cxx_rvalue_references
    Feature record: CXX_FEATURE:0cxx_sizeof_member
    Feature record: CXX_FEATURE:0cxx_static_assert
    Feature record: CXX_FEATURE:0cxx_strong_enums
    Feature record: CXX_FEATURE:1cxx_template_template_parameters
    Feature record: CXX_FEATURE:0cxx_thread_local
    Feature record: CXX_FEATURE:0cxx_trailing_return_types
    Feature record: CXX_FEATURE:0cxx_unicode_literals
    Feature record: CXX_FEATURE:0cxx_uniform_initialization
    Feature record: CXX_FEATURE:0cxx_unrestricted_unions
    Feature record: CXX_FEATURE:0cxx_user_literals
    Feature record: CXX_FEATURE:0cxx_variable_templates
    Feature record: CXX_FEATURE:0cxx_variadic_macros
    Feature record: CXX_FEATURE:0cxx_variadic_templates
Compiling the C compiler identification source file "CMakeCCompilerId.c" succeeded.
Compiler: /usr/lib/ccache/cc 
Build flags: 
Id flags: 

The output was:
0


Compilation of the C compiler identification source "CMakeCCompilerId.c" produced "a.out"

The C compiler identification is GNU, found in "/var/lib/jenkins/workspace/opm-simulators-PR-builder/mpi/build-opm-material/CMakeFiles/3.7.2/CompilerIdC/a.out"

Determining if the C compiler works passed with the following output:
Change Dir: /var/lib/jenkins/workspace/opm-simulators-PR-builder/mpi/build-opm-material/CMakeFiles/CMakeTmp

Run Build Command:"/usr/bin/make" "cmTC_ed1cd/fast"
/usr/bin/make -f CMakeFiles/cmTC_ed1cd.dir/build.make CMakeFiles/cmTC_ed1cd.dir/build
make[1]: Entering directory '/var/lib/jenkins/workspace/opm-simulators-PR-builder/mpi/build-opm-material/CMakeFiles/CMakeTmp'
Building C object CMakeFiles/cmTC_ed1cd.dir/testCCompiler.c.o
/usr/lib/ccache/cc     -o CMakeFiles/cmTC_ed1cd.dir/testCCompiler.c.o   -c /var/lib/jenkins/workspace/opm-simulators-PR-builder/mpi/build-opm-material/CMakeFiles/CMakeTmp/testCCompiler.c
Linking C executable cmTC_ed1cd
/usr/bin/cmake -E cmake_link_script CMakeFiles/cmTC_ed1cd.dir/link.txt --verbose=1
/usr/lib/ccache/cc       CMakeFiles/cmTC_ed1cd.dir/testCCompiler.c.o  -o cmTC_ed1cd -rdynamic 
make[1]: Leaving directory '/var/lib/jenkins/workspace/opm-simulators-PR-builder/mpi/build-opm-material/CMakeFiles/CMakeTmp'


Detecting C compiler ABI info compiled with the following output:
Change Dir: /var/lib/jenkins/workspace/opm-simulators-PR-builder/mpi/build-opm-material/CMakeFiles/CMakeTmp

Run Build Command:"/usr/bin/make" "cmTC_93520/fast"
/usr/bin/make -f CMakeFiles/cmTC_93520.dir/build.make CMakeFiles/cmTC_93520.dir/build
make[1]: Entering directory '/var/lib/jenkins/workspace/opm-simulators-PR-builder/mpi/build-opm-material/CMakeFiles/CMakeTmp'
Building C object CMakeFiles/cmTC_93520.dir/CMakeCCompilerABI.c.o
/usr/lib/ccache/cc     -o CMakeFiles/cmTC_93520.dir/CMakeCCompilerABI.c.o   -c /usr/share/cmake-3.7/Modules/CMakeCCompilerABI.c
Linking C executable cmTC_93520
/usr/bin/cmake -E cmake_link_script CMakeFiles/cmTC_93520.dir/link.txt --verbose=1
/usr/lib/ccache/cc      -v CMakeFiles/cmTC_93520.dir/CMakeCCompilerABI.c.o  -o cmTC_93520 -rdynamic  
Using built-in specs.
COLLECT_GCC=/usr/bin/cc
COLLECT_LTO_WRAPPER=/usr/lib/gcc/x86_64-linux-gnu/6/lto-wrapper
Target: x86_64-linux-gnu
Configured with: ../src/configure -v --with-pkgversion='Debian 6.3.0-18' --with-bugurl=file:///usr/share/doc/gcc-6/README.Bugs --enable-languages=c,ada,c++,java,go,d,fortran,objc,obj-c++ --prefix=/usr --program-suffix=-6 --program-prefix=x86_64-linux-gnu- --enable-shared --enable-linker-build-id --libexecdir=/usr/lib --without-included-gettext --enable-threads=posix --libdir=/usr/lib --enable-nls --with-sysroot=/ --enable-clocale=gnu --enable-libstdcxx-debug --enable-libstdcxx-time=yes --with-default-libstdcxx-abi=new --enable-gnu-unique-object --disable-vtable-verify --enable-libmpx --enable-plugin --enable-default-pie --with-system-zlib --disable-browser-plugin --enable-java-awt=gtk --enable-gtk-cairo --with-java-home=/usr/lib/jvm/java-1.5.0-gcj-6-amd64/jre --enable-java-home --with-jvm-root-dir=/usr/lib/jvm/java-1.5.0-gcj-6-amd64 --with-jvm-jar-dir=/usr/lib/jvm-exports/java-1.5.0-gcj-6-amd64 --with-arch-directory=amd64 --with-ecj-jar=/usr/share/java/eclipse-ecj.jar --with-target-system-zlib --enable-objc-gc=auto --enable-multiarch --with-arch-32=i686 --with-abi=m64 --with-multilib-list=m32,m64,mx32 --enable-multilib --with-tune=generic --enable-checking=release --build=x86_64-linux-gnu --host=x86_64-linux-gnu --target=x86_64-linux-gnu
Thread model: posix
gcc version 6.3.0 20170516 (Debian 6.3.0-18) 
COMPILER_PATH=/usr/lib/gcc/x86_64-linux-gnu/6/:/usr/lib/gcc/x86_64-linux-gnu/6/:/usr/lib/gcc/x86_64-linux-gnu/:/usr/lib/gcc/x86_64-linux-gnu/6/:/usr/lib/gcc/x86_64-linux-gnu/
LIBRARY_PATH=/usr/lib/gcc/x86_64-linux-gnu/6/:/usr/lib/gcc/x86_64-linux-gnu/6/../../../x86_64-linux-gnu/:/usr/lib/gcc/x86_64-linux-gnu/6/../../../../lib/:/lib/x86_64-linux-gnu/:/lib/../lib/:/usr/lib/x86_64-linux-gnu/:/usr/lib/../lib/:/usr/lib/gcc/x86_64-linux-gnu/6/../../../:/lib/:/usr/lib/
COLLECT_GCC_OPTIONS='-v' '-o' 'cmTC_93520' '-rdynamic' '-mtune=generic' '-march=x86-64'
 /usr/lib/gcc/x86_64-linux-gnu/6/collect2 -plugin /usr/lib/gcc/x86_64-linux-gnu/6/liblto_plugin.so -plugin-opt=/usr/lib/gcc/x86_64-linux-gnu/6/lto-wrapper -plugin-opt=-fresolution=/tmp/ccMiN3yR.res -plugin-opt=-pass-through=-lgcc -plugin-opt=-pass-through=-lgcc_s -plugin-opt=-pass-through=-lc -plugin-opt=-pass-through=-lgcc -plugin-opt=-pass-through=-lgcc_s --sysroot=/ --build-id --eh-frame-hdr -m elf_x86_64 --hash-style=gnu -export-dynamic -dynamic-linker /lib64/ld-linux-x86-64.so.2 -pie -o cmTC_93520 /usr/lib/gcc/x86_64-linux-gnu/6/../../../x86_64-linux-gnu/Scrt1.o /usr/lib/gcc/x86_64-linux-gnu/6/../../../x86_64-linux-gnu/crti.o /usr/lib/gcc/x86_64-linux-gnu/6/crtbeginS.o -L/usr/lib/gcc/x86_64-linux-gnu/6 -L/usr/lib/gcc/x86_64-linux-gnu/6/../../../x86_64-linux-gnu -L/usr/lib/gcc/x86_64-linux-gnu/6/../../../../lib -L/lib/x86_64-linux-gnu -L/lib/../lib -L/usr/lib/x86_64-linux-gnu -L/usr/lib/../lib -L/usr/lib/gcc/x86_64-linux-gnu/6/../../.. CMakeFiles/cmTC_93520.dir/CMakeCCompilerABI.c.o -lgcc --as-needed -lgcc_s --no-as-needed -lc -lgcc --as-needed -lgcc_s --no-as-needed /usr/lib/gcc/x86_64-linux-gnu/6/crtendS.o /usr/lib/gcc/x86_64-linux-gnu/6/../../../x86_64-linux-gnu/crtn.o
COLLECT_GCC_OPTIONS='-v' '-o' 'cmTC_93520' '-rdynamic' '-mtune=generic' '-march=x86-64'
make[1]: Leaving directory '/var/lib/jenkins/workspace/opm-simulators-PR-builder/mpi/build-opm-material/CMakeFiles/CMakeTmp'


Parsed C implicit link information from above output:
  link line regex: [^( *|.*[/\])(ld|([^/\]+-)?ld|collect2)[^/\]*( |$)]
  ignore line: [Change Dir: /var/lib/jenkins/workspace/opm-simulators-PR-builder/mpi/build-opm-material/CMakeFiles/CMakeTmp]
  ignore line: []
  ignore line: [Run Build Command:"/usr/bin/make" "cmTC_93520/fast"]
  ignore line: [/usr/bin/make -f CMakeFiles/cmTC_93520.dir/build.make CMakeFiles/cmTC_93520.dir/build]
  ignore line: [make[1]: Entering directory '/var/lib/jenkins/workspace/opm-simulators-PR-builder/mpi/build-opm-material/CMakeFiles/CMakeTmp']
  ignore line: [Building C object CMakeFiles/cmTC_93520.dir/CMakeCCompilerABI.c.o]
  ignore line: [/usr/lib/ccache/cc     -o CMakeFiles/cmTC_93520.dir/CMakeCCompilerABI.c.o   -c /usr/share/cmake-3.7/Modules/CMakeCCompilerABI.c]
  ignore line: [Linking C executable cmTC_93520]
  ignore line: [/usr/bin/cmake -E cmake_link_script CMakeFiles/cmTC_93520.dir/link.txt --verbose=1]
  ignore line: [/usr/lib/ccache/cc      -v CMakeFiles/cmTC_93520.dir/CMakeCCompilerABI.c.o  -o cmTC_93520 -rdynamic  ]
  ignore line: [Using built-in specs.]
  ignore line: [COLLECT_GCC=/usr/bin/cc]
  ignore line: [COLLECT_LTO_WRAPPER=/usr/lib/gcc/x86_64-linux-gnu/6/lto-wrapper]
  ignore line: [Target: x86_64-linux-gnu]
  ignore line: [Configured with: ../src/configure -v --with-pkgversion='Debian 6.3.0-18' --with-bugurl=file:///usr/share/doc/gcc-6/README.Bugs --enable-languages=c,ada,c++,java,go,d,fortran,objc,obj-c++ --prefix=/usr --program-suffix=-6 --program-prefix=x86_64-linux-gnu- --enable-shared --enable-linker-build-id --libexecdir=/usr/lib --without-included-gettext --enable-threads=posix --libdir=/usr/lib --enable-nls --with-sysroot=/ --enable-clocale=gnu --enable-libstdcxx-debug --enable-libstdcxx-time=yes --with-default-libstdcxx-abi=new --enable-gnu-unique-object --disable-vtable-verify --enable-libmpx --enable-plugin --enable-default-pie --with-system-zlib --disable-browser-plugin --enable-java-awt=gtk --enable-gtk-cairo --with-java-home=/usr/lib/jvm/java-1.5.0-gcj-6-amd64/jre --enable-java-home --with-jvm-root-dir=/usr/lib/jvm/java-1.5.0-gcj-6-amd64 --with-jvm-jar-dir=/usr/lib/jvm-exports/java-1.5.0-gcj-6-amd64 --with-arch-directory=amd64 --with-ecj-jar=/usr/share/java/eclipse-ecj.jar --with-target-system-zlib --enable-objc-gc=auto --enable-multiarch --with-arch-32=i686 --with-abi=m64 --with-multilib-list=m32,m64,mx32 --enable-multilib --with-tune=generic --enable-checking=release --build=x86_64-linux-gnu --host=x86_64-linux-gnu --target=x86_64-linux-gnu]
  ignore line: [Thread model: posix]
  ignore line: [gcc version 6.3.0 20170516 (Debian 6.3.0-18) ]
  ignore line: [COMPILER_PATH=/usr/lib/gcc/x86_64-linux-gnu/6/:/usr/lib/gcc/x86_64-linux-gnu/6/:/usr/lib/gcc/x86_64-linux-gnu/:/usr/lib/gcc/x86_64-linux-gnu/6/:/usr/lib/gcc/x86_64-linux-gnu/]
  ignore line: [LIBRARY_PATH=/usr/lib/gcc/x86_64-linux-gnu/6/:/usr/lib/gcc/x86_64-linux-gnu/6/../../../x86_64-linux-gnu/:/usr/lib/gcc/x86_64-linux-gnu/6/../../../../lib/:/lib/x86_64-linux-gnu/:/lib/../lib/:/usr/lib/x86_64-linux-gnu/:/usr/lib/../lib/:/usr/lib/gcc/x86_64-linux-gnu/6/../../../:/lib/:/usr/lib/]
  ignore line: [COLLECT_GCC_OPTIONS='-v' '-o' 'cmTC_93520' '-rdynamic' '-mtune=generic' '-march=x86-64']
  link line: [ /usr/lib/gcc/x86_64-linux-gnu/6/collect2 -plugin /usr/lib/gcc/x86_64-linux-gnu/6/liblto_plugin.so -plugin-opt=/usr/lib/gcc/x86_64-linux-gnu/6/lto-wrapper -plugin-opt=-fresolution=/tmp/ccMiN3yR.res -plugin-opt=-pass-through=-lgcc -plugin-opt=-pass-through=-lgcc_s -plugin-opt=-pass-through=-lc -plugin-opt=-pass-through=-lgcc -plugin-opt=-pass-through=-lgcc_s --sysroot=/ --build-id --eh-frame-hdr -m elf_x86_64 --hash-style=gnu -export-dynamic -dynamic-linker /lib64/ld-linux-x86-64.so.2 -pie -o cmTC_93520 /usr/lib/gcc/x86_64-linux-gnu/6/../../../x86_64-linux-gnu/Scrt1.o /usr/lib/gcc/x86_64-linux-gnu/6/../../../x86_64-linux-gnu/crti.o /usr/lib/gcc/x86_64-linux-gnu/6/crtbeginS.o -L/usr/lib/gcc/x86_64-linux-gnu/6 -L/usr/lib/gcc/x86_64-linux-gnu/6/../../../x86_64-linux-gnu -L/usr/lib/gcc/x86_64-linux-gnu/6/../../../../lib -L/lib/x86_64-linux-gnu -L/lib/../lib -L/usr/lib/x86_64-linux-gnu -L/usr/lib/../lib -L/usr/lib/gcc/x86_64-linux-gnu/6/../../.. CMakeFiles/cmTC_93520.dir/CMakeCCompilerABI.c.o -lgcc --as-needed -lgcc_s --no-as-needed -lc -lgcc --as-needed -lgcc_s --no-as-needed /usr/lib/gcc/x86_64-linux-gnu/6/crtendS.o /usr/lib/gcc/x86_64-linux-gnu/6/../../../x86_64-linux-gnu/crtn.o]
    arg [/usr/lib/gcc/x86_64-linux-gnu/6/collect2] ==> ignore
    arg [-plugin] ==> ignore
    arg [/usr/lib/gcc/x86_64-linux-gnu/6/liblto_plugin.so] ==> ignore
    arg [-plugin-opt=/usr/lib/gcc/x86_64-linux-gnu/6/lto-wrapper] ==> ignore
    arg [-plugin-opt=-fresolution=/tmp/ccMiN3yR.res] ==> ignore
    arg [-plugin-opt=-pass-through=-lgcc] ==> ignore
    arg [-plugin-opt=-pass-through=-lgcc_s] ==> ignore
    arg [-plugin-opt=-pass-through=-lc] ==> ignore
    arg [-plugin-opt=-pass-through=-lgcc] ==> ignore
    arg [-plugin-opt=-pass-through=-lgcc_s] ==> ignore
    arg [--sysroot=/] ==> ignore
    arg [--build-id] ==> ignore
    arg [--eh-frame-hdr] ==> ignore
    arg [-m] ==> ignore
    arg [elf_x86_64] ==> ignore
    arg [--hash-style=gnu] ==> ignore
    arg [-export-dynamic] ==> ignore
    arg [-dynamic-linker] ==> ignore
    arg [/lib64/ld-linux-x86-64.so.2] ==> ignore
    arg [-pie] ==> ignore
    arg [-o] ==> ignore
    arg [cmTC_93520] ==> ignore
    arg [/usr/lib/gcc/x86_64-linux-gnu/6/../../../x86_64-linux-gnu/Scrt1.o] ==> ignore
    arg [/usr/lib/gcc/x86_64-linux-gnu/6/../../../x86_64-linux-gnu/crti.o] ==> ignore
    arg [/usr/lib/gcc/x86_64-linux-gnu/6/crtbeginS.o] ==> ignore
    arg [-L/usr/lib/gcc/x86_64-linux-gnu/6] ==> dir [/usr/lib/gcc/x86_64-linux-gnu/6]
    arg [-L/usr/lib/gcc/x86_64-linux-gnu/6/../../../x86_64-linux-gnu] ==> dir [/usr/lib/gcc/x86_64-linux-gnu/6/../../../x86_64-linux-gnu]
    arg [-L/usr/lib/gcc/x86_64-linux-gnu/6/../../../../lib] ==> dir [/usr/lib/gcc/x86_64-linux-gnu/6/../../../../lib]
    arg [-L/lib/x86_64-linux-gnu] ==> dir [/lib/x86_64-linux-gnu]
    arg [-L/lib/../lib] ==> dir [/lib/../lib]
    arg [-L/usr/lib/x86_64-linux-gnu] ==> dir [/usr/lib/x86_64-linux-gnu]
    arg [-L/usr/lib/../lib] ==> dir [/usr/lib/../lib]
    arg [-L/usr/lib/gcc/x86_64-linux-gnu/6/../../..] ==> dir [/usr/lib/gcc/x86_64-linux-gnu/6/../../..]
    arg [CMakeFiles/cmTC_93520.dir/CMakeCCompilerABI.c.o] ==> ignore
    arg [-lgcc] ==> lib [gcc]
    arg [--as-needed] ==> ignore
    arg [-lgcc_s] ==> lib [gcc_s]
    arg [--no-as-needed] ==> ignore
    arg [-lc] ==> lib [c]
    arg [-lgcc] ==> lib [gcc]
    arg [--as-needed] ==> ignore
    arg [-lgcc_s] ==> lib [gcc_s]
    arg [--no-as-needed] ==> ignore
    arg [/usr/lib/gcc/x86_64-linux-gnu/6/crtendS.o] ==> ignore
    arg [/usr/lib/gcc/x86_64-linux-gnu/6/../../../x86_64-linux-gnu/crtn.o] ==> ignore
  remove lib [gcc]
  remove lib [gcc_s]
  remove lib [gcc]
  remove lib [gcc_s]
  collapse library dir [/usr/lib/gcc/x86_64-linux-gnu/6] ==> [/usr/lib/gcc/x86_64-linux-gnu/6]
  collapse library dir [/usr/lib/gcc/x86_64-linux-gnu/6/../../../x86_64-linux-gnu] ==> [/usr/lib/x86_64-linux-gnu]
  collapse library dir [/usr/lib/gcc/x86_64-linux-gnu/6/../../../../lib] ==> [/usr/lib]
  collapse library dir [/lib/x86_64-linux-gnu] ==> [/lib/x86_64-linux-gnu]
  collapse library dir [/lib/../lib] ==> [/lib]
  collapse library dir [/usr/lib/x86_64-linux-gnu] ==> [/usr/lib/x86_64-linux-gnu]
  collapse library dir [/usr/lib/../lib] ==> [/usr/lib]
  collapse library dir [/usr/lib/gcc/x86_64-linux-gnu/6/../../..] ==> [/usr/lib]
  implicit libs: [c]
  implicit dirs: [/usr/lib/gcc/x86_64-linux-gnu/6;/usr/lib/x86_64-linux-gnu;/usr/lib;/lib/x86_64-linux-gnu;/lib]
  implicit fwks: []




Detecting C [-std=c11] compiler features compiled with the following output:
Change Dir: /var/lib/jenkins/workspace/opm-simulators-PR-builder/mpi/build-opm-material/CMakeFiles/CMakeTmp

Run Build Command:"/usr/bin/make" "cmTC_e4cac/fast"
/usr/bin/make -f CMakeFiles/cmTC_e4cac.dir/build.make CMakeFiles/cmTC_e4cac.dir/build
make[1]: Entering directory '/var/lib/jenkins/workspace/opm-simulators-PR-builder/mpi/build-opm-material/CMakeFiles/CMakeTmp'
Building C object CMakeFiles/cmTC_e4cac.dir/feature_tests.c.o
/usr/lib/ccache/cc    -std=c11 -o CMakeFiles/cmTC_e4cac.dir/feature_tests.c.o   -c /var/lib/jenkins/workspace/opm-simulators-PR-builder/mpi/build-opm-material/CMakeFiles/feature_tests.c
Linking C executable cmTC_e4cac
/usr/bin/cmake -E cmake_link_script CMakeFiles/cmTC_e4cac.dir/link.txt --verbose=1
/usr/lib/ccache/cc       CMakeFiles/cmTC_e4cac.dir/feature_tests.c.o  -o cmTC_e4cac -rdynamic 
make[1]: Leaving directory '/var/lib/jenkins/workspace/opm-simulators-PR-builder/mpi/build-opm-material/CMakeFiles/CMakeTmp'


    Feature record: C_FEATURE:1c_function_prototypes
    Feature record: C_FEATURE:1c_restrict
    Feature record: C_FEATURE:1c_static_assert
    Feature record: C_FEATURE:1c_variadic_macros


Detecting C [-std=c99] compiler features compiled with the following output:
Change Dir: /var/lib/jenkins/workspace/opm-simulators-PR-builder/mpi/build-opm-material/CMakeFiles/CMakeTmp

Run Build Command:"/usr/bin/make" "cmTC_462f2/fast"
/usr/bin/make -f CMakeFiles/cmTC_462f2.dir/build.make CMakeFiles/cmTC_462f2.dir/build
make[1]: Entering directory '/var/lib/jenkins/workspace/opm-simulators-PR-builder/mpi/build-opm-material/CMakeFiles/CMakeTmp'
Building C object CMakeFiles/cmTC_462f2.dir/feature_tests.c.o
/usr/lib/ccache/cc    -std=c99 -o CMakeFiles/cmTC_462f2.dir/feature_tests.c.o   -c /var/lib/jenkins/workspace/opm-simulators-PR-builder/mpi/build-opm-material/CMakeFiles/feature_tests.c
Linking C executable cmTC_462f2
/usr/bin/cmake -E cmake_link_script CMakeFiles/cmTC_462f2.dir/link.txt --verbose=1
/usr/lib/ccache/cc       CMakeFiles/cmTC_462f2.dir/feature_tests.c.o  -o cmTC_462f2 -rdynamic 
make[1]: Leaving directory '/var/lib/jenkins/workspace/opm-simulators-PR-builder/mpi/build-opm-material/CMakeFiles/CMakeTmp'


    Feature record: C_FEATURE:1c_function_prototypes
    Feature record: C_FEATURE:1c_restrict
    Feature record: C_FEATURE:0c_static_assert
    Feature record: C_FEATURE:1c_variadic_macros


Detecting C [-std=c90] compiler features compiled with the following output:
Change Dir: /var/lib/jenkins/workspace/opm-simulators-PR-builder/mpi/build-opm-material/CMakeFiles/CMakeTmp

Run Build Command:"/usr/bin/make" "cmTC_2b367/fast"
/usr/bin/make -f CMakeFiles/cmTC_2b367.dir/build.make CMakeFiles/cmTC_2b367.dir/build
make[1]: Entering directory '/var/lib/jenkins/workspace/opm-simulators-PR-builder/mpi/build-opm-material/CMakeFiles/CMakeTmp'
Building C object CMakeFiles/cmTC_2b367.dir/feature_tests.c.o
/usr/lib/ccache/cc    -std=c90 -o CMakeFiles/cmTC_2b367.dir/feature_tests.c.o   -c /var/lib/jenkins/workspace/opm-simulators-PR-builder/mpi/build-opm-material/CMakeFiles/feature_tests.c
Linking C executable cmTC_2b367
/usr/bin/cmake -E cmake_link_script CMakeFiles/cmTC_2b367.dir/link.txt --verbose=1
/usr/lib/ccache/cc       CMakeFiles/cmTC_2b367.dir/feature_tests.c.o  -o cmTC_2b367 -rdynamic 
make[1]: Leaving directory '/var/lib/jenkins/workspace/opm-simulators-PR-builder/mpi/build-opm-material/CMakeFiles/CMakeTmp'


    Feature record: C_FEATURE:1c_function_prototypes
    Feature record: C_FEATURE:0c_restrict
    Feature record: C_FEATURE:0c_static_assert
    Feature record: C_FEATURE:0c_variadic_macros
Determining if the CXX compiler accepts the flag -Wl,--enable-new-dtags passed with the following output:
Change Dir: /var/lib/jenkins/workspace/opm-simulators-PR-builder/mpi/build-opm-material/CMakeFiles/CMakeTmp

Run Build Command:"/usr/bin/make" "cmTC_98ce3/fast"
/usr/bin/make -f CMakeFiles/cmTC_98ce3.dir/build.make CMakeFiles/cmTC_98ce3.dir/build
make[1]: Entering directory '/var/lib/jenkins/workspace/opm-simulators-PR-builder/mpi/build-opm-material/CMakeFiles/CMakeTmp'
Building CXX object CMakeFiles/cmTC_98ce3.dir/DummyCXXFile.cxx.o
/usr/lib/ccache/c++     -std=c++14  -Wl,--enable-new-dtags   -o CMakeFiles/cmTC_98ce3.dir/DummyCXXFile.cxx.o -c /usr/share/cmake-3.7/Modules/DummyCXXFile.cxx
Linking CXX executable cmTC_98ce3
/usr/bin/cmake -E cmake_link_script CMakeFiles/cmTC_98ce3.dir/link.txt --verbose=1
/usr/lib/ccache/c++   -std=c++14  -Wl,--enable-new-dtags    CMakeFiles/cmTC_98ce3.dir/DummyCXXFile.cxx.o  -o cmTC_98ce3 -rdynamic 
make[1]: Leaving directory '/var/lib/jenkins/workspace/opm-simulators-PR-builder/mpi/build-opm-material/CMakeFiles/CMakeTmp'


Determining if the CXX compiler accepts the flag -mtune=native passed with the following output:
Change Dir: /var/lib/jenkins/workspace/opm-simulators-PR-builder/mpi/build-opm-material/CMakeFiles/CMakeTmp

Run Build Command:"/usr/bin/make" "cmTC_a1960/fast"
/usr/bin/make -f CMakeFiles/cmTC_a1960.dir/build.make CMakeFiles/cmTC_a1960.dir/build
make[1]: Entering directory '/var/lib/jenkins/workspace/opm-simulators-PR-builder/mpi/build-opm-material/CMakeFiles/CMakeTmp'
Building CXX object CMakeFiles/cmTC_a1960.dir/DummyCXXFile.cxx.o
/usr/lib/ccache/c++     -std=c++14 -pipe -mtune=native   -o CMakeFiles/cmTC_a1960.dir/DummyCXXFile.cxx.o -c /usr/share/cmake-3.7/Modules/DummyCXXFile.cxx
Linking CXX executable cmTC_a1960
/usr/bin/cmake -E cmake_link_script CMakeFiles/cmTC_a1960.dir/link.txt --verbose=1
/usr/lib/ccache/c++   -std=c++14 -pipe -mtune=native    CMakeFiles/cmTC_a1960.dir/DummyCXXFile.cxx.o  -o cmTC_a1960 -rdynamic 
make[1]: Leaving directory '/var/lib/jenkins/workspace/opm-simulators-PR-builder/mpi/build-opm-material/CMakeFiles/CMakeTmp'


Determining if the include file pthread.h exists passed with the following output:
Change Dir: /var/lib/jenkins/workspace/opm-simulators-PR-builder/mpi/build-opm-material/CMakeFiles/CMakeTmp

Run Build Command:"/usr/bin/make" "cmTC_add1a/fast"
/usr/bin/make -f CMakeFiles/cmTC_add1a.dir/build.make CMakeFiles/cmTC_add1a.dir/build
make[1]: Entering directory '/var/lib/jenkins/workspace/opm-simulators-PR-builder/mpi/build-opm-material/CMakeFiles/CMakeTmp'
Building C object CMakeFiles/cmTC_add1a.dir/CheckIncludeFile.c.o
/usr/lib/ccache/cc    -pipe -Wall -Wno-unknown-pragmas    -o CMakeFiles/cmTC_add1a.dir/CheckIncludeFile.c.o   -c /var/lib/jenkins/workspace/opm-simulators-PR-builder/mpi/build-opm-material/CMakeFiles/CMakeTmp/CheckIncludeFile.c
Linking C executable cmTC_add1a
/usr/bin/cmake -E cmake_link_script CMakeFiles/cmTC_add1a.dir/link.txt --verbose=1
/usr/lib/ccache/cc  -pipe -Wall -Wno-unknown-pragmas     CMakeFiles/cmTC_add1a.dir/CheckIncludeFile.c.o  -o cmTC_add1a -rdynamic 
make[1]: Leaving directory '/var/lib/jenkins/workspace/opm-simulators-PR-builder/mpi/build-opm-material/CMakeFiles/CMakeTmp'


Determining if the function pthread_create exists in the pthread passed with the following output:
Change Dir: /var/lib/jenkins/workspace/opm-simulators-PR-builder/mpi/build-opm-material/CMakeFiles/CMakeTmp

Run Build Command:"/usr/bin/make" "cmTC_5b804/fast"
/usr/bin/make -f CMakeFiles/cmTC_5b804.dir/build.make CMakeFiles/cmTC_5b804.dir/build
make[1]: Entering directory '/var/lib/jenkins/workspace/opm-simulators-PR-builder/mpi/build-opm-material/CMakeFiles/CMakeTmp'
Building C object CMakeFiles/cmTC_5b804.dir/CheckFunctionExists.c.o
/usr/lib/ccache/cc    -pipe -Wall -Wno-unknown-pragmas -DCHECK_FUNCTION_EXISTS=pthread_create   -o CMakeFiles/cmTC_5b804.dir/CheckFunctionExists.c.o   -c /usr/share/cmake-3.7/Modules/CheckFunctionExists.c
Linking C executable cmTC_5b804
/usr/bin/cmake -E cmake_link_script CMakeFiles/cmTC_5b804.dir/link.txt --verbose=1
/usr/lib/ccache/cc  -pipe -Wall -Wno-unknown-pragmas -DCHECK_FUNCTION_EXISTS=pthread_create    CMakeFiles/cmTC_5b804.dir/CheckFunctionExists.c.o  -o cmTC_5b804 -rdynamic -lpthread 
make[1]: Leaving directory '/var/lib/jenkins/workspace/opm-simulators-PR-builder/mpi/build-opm-material/CMakeFiles/CMakeTmp'


Determining if the CXX compiler accepts the flag -pthread passed with the following output:
Change Dir: /var/lib/jenkins/workspace/opm-simulators-PR-builder/mpi/build-opm-material/CMakeFiles/CMakeTmp

Run Build Command:"/usr/bin/make" "cmTC_5766d/fast"
/usr/bin/make -f CMakeFiles/cmTC_5766d.dir/build.make CMakeFiles/cmTC_5766d.dir/build
make[1]: Entering directory '/var/lib/jenkins/workspace/opm-simulators-PR-builder/mpi/build-opm-material/CMakeFiles/CMakeTmp'
Building CXX object CMakeFiles/cmTC_5766d.dir/DummyCXXFile.cxx.o
/usr/lib/ccache/c++     -std=c++14 -pipe -Wall -Wno-unknown-pragmas -pthread   -o CMakeFiles/cmTC_5766d.dir/DummyCXXFile.cxx.o -c /usr/share/cmake-3.7/Modules/DummyCXXFile.cxx
Linking CXX executable cmTC_5766d
/usr/bin/cmake -E cmake_link_script CMakeFiles/cmTC_5766d.dir/link.txt --verbose=1
/usr/lib/ccache/c++   -std=c++14 -pipe -Wall -Wno-unknown-pragmas -pthread    CMakeFiles/cmTC_5766d.dir/DummyCXXFile.cxx.o  -o cmTC_5766d -rdynamic 
make[1]: Leaving directory '/var/lib/jenkins/workspace/opm-simulators-PR-builder/mpi/build-opm-material/CMakeFiles/CMakeTmp'


Performing C SOURCE FILE Test HAVE_C99 succeeded with the following output:
Change Dir: /var/lib/jenkins/workspace/opm-simulators-PR-builder/mpi/build-opm-material/CMakeFiles/CMakeTmp

Run Build Command:"/usr/bin/make" "cmTC_5fee2/fast"
/usr/bin/make -f CMakeFiles/cmTC_5fee2.dir/build.make CMakeFiles/cmTC_5fee2.dir/build
make[1]: Entering directory '/var/lib/jenkins/workspace/opm-simulators-PR-builder/mpi/build-opm-material/CMakeFiles/CMakeTmp'
Building C object CMakeFiles/cmTC_5fee2.dir/src.c.o
/usr/lib/ccache/cc    -pipe -Wall -Wno-unknown-pragmas -pthread -DHAVE_C99   -std=c99 -o CMakeFiles/cmTC_5fee2.dir/src.c.o   -c /var/lib/jenkins/workspace/opm-simulators-PR-builder/mpi/build-opm-material/CMakeFiles/CMakeTmp/src.c
Linking C executable cmTC_5fee2
/usr/bin/cmake -E cmake_link_script CMakeFiles/cmTC_5fee2.dir/link.txt --verbose=1
/usr/lib/ccache/cc  -pipe -Wall -Wno-unknown-pragmas -pthread -DHAVE_C99    CMakeFiles/cmTC_5fee2.dir/src.c.o  -o cmTC_5fee2 -rdynamic 
make[1]: Leaving directory '/var/lib/jenkins/workspace/opm-simulators-PR-builder/mpi/build-opm-material/CMakeFiles/CMakeTmp'

Source file was:
int main(void) { return 0; }
Determining if the CXX compiler accepts the flag -std=c++14 passed with the following output:
Change Dir: /var/lib/jenkins/workspace/opm-simulators-PR-builder/mpi/build-opm-material/CMakeFiles/CMakeTmp

Run Build Command:"/usr/bin/make" "cmTC_47664/fast"
/usr/bin/make -f CMakeFiles/cmTC_47664.dir/build.make CMakeFiles/cmTC_47664.dir/build
make[1]: Entering directory '/var/lib/jenkins/workspace/opm-simulators-PR-builder/mpi/build-opm-material/CMakeFiles/CMakeTmp'
Building CXX object CMakeFiles/cmTC_47664.dir/DummyCXXFile.cxx.o
/usr/lib/ccache/c++     -std=c++14 -pipe -Wall -Wno-unknown-pragmas -pthread -std=c++14   -o CMakeFiles/cmTC_47664.dir/DummyCXXFile.cxx.o -c /usr/share/cmake-3.7/Modules/DummyCXXFile.cxx
Linking CXX executable cmTC_47664
/usr/bin/cmake -E cmake_link_script CMakeFiles/cmTC_47664.dir/link.txt --verbose=1
/usr/lib/ccache/c++   -std=c++14 -pipe -Wall -Wno-unknown-pragmas -pthread -std=c++14    CMakeFiles/cmTC_47664.dir/DummyCXXFile.cxx.o  -o cmTC_47664 -rdynamic 
make[1]: Leaving directory '/var/lib/jenkins/workspace/opm-simulators-PR-builder/mpi/build-opm-material/CMakeFiles/CMakeTmp'


Performing C++ SOURCE FILE Test HAVE_FINAL succeeded with the following output:
Change Dir: /var/lib/jenkins/workspace/opm-simulators-PR-builder/mpi/build-opm-material/CMakeFiles/CMakeTmp

Run Build Command:"/usr/bin/make" "cmTC_025c9/fast"
/usr/bin/make -f CMakeFiles/cmTC_025c9.dir/build.make CMakeFiles/cmTC_025c9.dir/build
make[1]: Entering directory '/var/lib/jenkins/workspace/opm-simulators-PR-builder/mpi/build-opm-material/CMakeFiles/CMakeTmp'
Building CXX object CMakeFiles/cmTC_025c9.dir/src.cxx.o
/usr/lib/ccache/c++     -std=c++14 -pipe -Wall -Wno-unknown-pragmas -pthread -DHAVE_FINAL   -o CMakeFiles/cmTC_025c9.dir/src.cxx.o -c /var/lib/jenkins/workspace/opm-simulators-PR-builder/mpi/build-opm-material/CMakeFiles/CMakeTmp/src.cxx
Linking CXX executable cmTC_025c9
/usr/bin/cmake -E cmake_link_script CMakeFiles/cmTC_025c9.dir/link.txt --verbose=1
/usr/lib/ccache/c++   -std=c++14 -pipe -Wall -Wno-unknown-pragmas -pthread -DHAVE_FINAL    CMakeFiles/cmTC_025c9.dir/src.cxx.o  -o cmTC_025c9 -rdynamic 
make[1]: Leaving directory '/var/lib/jenkins/workspace/opm-simulators-PR-builder/mpi/build-opm-material/CMakeFiles/CMakeTmp'

Source file was:

struct Base {
  virtual void foo() = 0;
};
struct Derived : public Base {
  virtual void foo() final {};
};

int main()
{
    return 0;
}

Performing C++ SOURCE FILE Test HAVE_TYPE_TRAITS succeeded with the following output:
Change Dir: /var/lib/jenkins/workspace/opm-simulators-PR-builder/mpi/build-opm-material/CMakeFiles/CMakeTmp

Run Build Command:"/usr/bin/make" "cmTC_c460e/fast"
/usr/bin/make -f CMakeFiles/cmTC_c460e.dir/build.make CMakeFiles/cmTC_c460e.dir/build
make[1]: Entering directory '/var/lib/jenkins/workspace/opm-simulators-PR-builder/mpi/build-opm-material/CMakeFiles/CMakeTmp'
Building CXX object CMakeFiles/cmTC_c460e.dir/src.cxx.o
/usr/lib/ccache/c++     -std=c++14 -pipe -Wall -Wno-unknown-pragmas -pthread -DHAVE_TYPE_TRAITS   -o CMakeFiles/cmTC_c460e.dir/src.cxx.o -c /var/lib/jenkins/workspace/opm-simulators-PR-builder/mpi/build-opm-material/CMakeFiles/CMakeTmp/src.cxx
/var/lib/jenkins/workspace/opm-simulators-PR-builder/mpi/build-opm-material/CMakeFiles/CMakeTmp/src.cxx: In function 'int main()':
/var/lib/jenkins/workspace/opm-simulators-PR-builder/mpi/build-opm-material/CMakeFiles/CMakeTmp/src.cxx:9:10: warning: unused variable 'foo' [-Wunused-variable]
     bool foo = std::is_convertible<int, double>::value;
          ^~~
/var/lib/jenkins/workspace/opm-simulators-PR-builder/mpi/build-opm-material/CMakeFiles/CMakeTmp/src.cxx:10:10: warning: unused variable 'bar' [-Wunused-variable]
     bool bar = std::is_base_of<Base, Derived>::value;
          ^~~
/var/lib/jenkins/workspace/opm-simulators-PR-builder/mpi/build-opm-material/CMakeFiles/CMakeTmp/src.cxx:11:10: warning: unused variable 'foobar' [-Wunused-variable]
     bool foobar = std::is_integral<double>::value;
          ^~~~~~
Linking CXX executable cmTC_c460e
/usr/bin/cmake -E cmake_link_script CMakeFiles/cmTC_c460e.dir/link.txt --verbose=1
/usr/lib/ccache/c++   -std=c++14 -pipe -Wall -Wno-unknown-pragmas -pthread -DHAVE_TYPE_TRAITS    CMakeFiles/cmTC_c460e.dir/src.cxx.o  -o cmTC_c460e -rdynamic 
make[1]: Leaving directory '/var/lib/jenkins/workspace/opm-simulators-PR-builder/mpi/build-opm-material/CMakeFiles/CMakeTmp'

Source file was:

#include <type_traits>

class Base {};
class Derived : public Base {};

int main()
{
    bool foo = std::is_convertible<int, double>::value;
    bool bar = std::is_base_of<Base, Derived>::value;
    bool foobar = std::is_integral<double>::value;
    return 0;
}

Performing C++ SOURCE FILE Test HAVE_SHARED_PTR succeeded with the following output:
Change Dir: /var/lib/jenkins/workspace/opm-simulators-PR-builder/mpi/build-opm-material/CMakeFiles/CMakeTmp

Run Build Command:"/usr/bin/make" "cmTC_10ab2/fast"
/usr/bin/make -f CMakeFiles/cmTC_10ab2.dir/build.make CMakeFiles/cmTC_10ab2.dir/build
make[1]: Entering directory '/var/lib/jenkins/workspace/opm-simulators-PR-builder/mpi/build-opm-material/CMakeFiles/CMakeTmp'
Building CXX object CMakeFiles/cmTC_10ab2.dir/src.cxx.o
/usr/lib/ccache/c++     -std=c++14 -pipe -Wall -Wno-unknown-pragmas -pthread -DHAVE_SHARED_PTR   -o CMakeFiles/cmTC_10ab2.dir/src.cxx.o -c /var/lib/jenkins/workspace/opm-simulators-PR-builder/mpi/build-opm-material/CMakeFiles/CMakeTmp/src.cxx
Linking CXX executable cmTC_10ab2
/usr/bin/cmake -E cmake_link_script CMakeFiles/cmTC_10ab2.dir/link.txt --verbose=1
/usr/lib/ccache/c++   -std=c++14 -pipe -Wall -Wno-unknown-pragmas -pthread -DHAVE_SHARED_PTR    CMakeFiles/cmTC_10ab2.dir/src.cxx.o  -o cmTC_10ab2 -rdynamic 
make[1]: Leaving directory '/var/lib/jenkins/workspace/opm-simulators-PR-builder/mpi/build-opm-material/CMakeFiles/CMakeTmp'

Source file was:

    #include <memory>

    int main(void)
    {
      std::shared_ptr<int> foo(new int(123));
      return 0;
    }

Performing C++ SOURCE FILE Test HAVE_UNIQUE_PTR succeeded with the following output:
Change Dir: /var/lib/jenkins/workspace/opm-simulators-PR-builder/mpi/build-opm-material/CMakeFiles/CMakeTmp

Run Build Command:"/usr/bin/make" "cmTC_bc3ba/fast"
/usr/bin/make -f CMakeFiles/cmTC_bc3ba.dir/build.make CMakeFiles/cmTC_bc3ba.dir/build
make[1]: Entering directory '/var/lib/jenkins/workspace/opm-simulators-PR-builder/mpi/build-opm-material/CMakeFiles/CMakeTmp'
Building CXX object CMakeFiles/cmTC_bc3ba.dir/src.cxx.o
/usr/lib/ccache/c++     -std=c++14 -pipe -Wall -Wno-unknown-pragmas -pthread -DHAVE_UNIQUE_PTR   -o CMakeFiles/cmTC_bc3ba.dir/src.cxx.o -c /var/lib/jenkins/workspace/opm-simulators-PR-builder/mpi/build-opm-material/CMakeFiles/CMakeTmp/src.cxx
Linking CXX executable cmTC_bc3ba
/usr/bin/cmake -E cmake_link_script CMakeFiles/cmTC_bc3ba.dir/link.txt --verbose=1
/usr/lib/ccache/c++   -std=c++14 -pipe -Wall -Wno-unknown-pragmas -pthread -DHAVE_UNIQUE_PTR    CMakeFiles/cmTC_bc3ba.dir/src.cxx.o  -o cmTC_bc3ba -rdynamic 
make[1]: Leaving directory '/var/lib/jenkins/workspace/opm-simulators-PR-builder/mpi/build-opm-material/CMakeFiles/CMakeTmp'

Source file was:

    #include <memory>

    int main(void)
    {
      std::unique_ptr<int> foo(new int(123));
      return 0;
    }

Performing C++ SOURCE FILE Test HAVE_NULLPTR succeeded with the following output:
Change Dir: /var/lib/jenkins/workspace/opm-simulators-PR-builder/mpi/build-opm-material/CMakeFiles/CMakeTmp

Run Build Command:"/usr/bin/make" "cmTC_e71e1/fast"
/usr/bin/make -f CMakeFiles/cmTC_e71e1.dir/build.make CMakeFiles/cmTC_e71e1.dir/build
make[1]: Entering directory '/var/lib/jenkins/workspace/opm-simulators-PR-builder/mpi/build-opm-material/CMakeFiles/CMakeTmp'
Building CXX object CMakeFiles/cmTC_e71e1.dir/src.cxx.o
/usr/lib/ccache/c++     -std=c++14 -pipe -Wall -Wno-unknown-pragmas -pthread -DHAVE_NULLPTR   -o CMakeFiles/cmTC_e71e1.dir/src.cxx.o -c /var/lib/jenkins/workspace/opm-simulators-PR-builder/mpi/build-opm-material/CMakeFiles/CMakeTmp/src.cxx
/var/lib/jenkins/workspace/opm-simulators-PR-builder/mpi/build-opm-material/CMakeFiles/CMakeTmp/src.cxx: In function 'int main()':
/var/lib/jenkins/workspace/opm-simulators-PR-builder/mpi/build-opm-material/CMakeFiles/CMakeTmp/src.cxx:4:13: warning: unused variable 'ch' [-Wunused-variable]
       char* ch = nullptr;
             ^~
Linking CXX executable cmTC_e71e1
/usr/bin/cmake -E cmake_link_script CMakeFiles/cmTC_e71e1.dir/link.txt --verbose=1
/usr/lib/ccache/c++   -std=c++14 -pipe -Wall -Wno-unknown-pragmas -pthread -DHAVE_NULLPTR    CMakeFiles/cmTC_e71e1.dir/src.cxx.o  -o cmTC_e71e1 -rdynamic 
make[1]: Leaving directory '/var/lib/jenkins/workspace/opm-simulators-PR-builder/mpi/build-opm-material/CMakeFiles/CMakeTmp'

Source file was:

    int main(void)
    {
      char* ch = nullptr;
      return 0;
    }

Performing C++ SOURCE FILE Test HAVE_CONSTEXPR succeeded with the following output:
Change Dir: /var/lib/jenkins/workspace/opm-simulators-PR-builder/mpi/build-opm-material/CMakeFiles/CMakeTmp

Run Build Command:"/usr/bin/make" "cmTC_93a57/fast"
/usr/bin/make -f CMakeFiles/cmTC_93a57.dir/build.make CMakeFiles/cmTC_93a57.dir/build
make[1]: Entering directory '/var/lib/jenkins/workspace/opm-simulators-PR-builder/mpi/build-opm-material/CMakeFiles/CMakeTmp'
Building CXX object CMakeFiles/cmTC_93a57.dir/src.cxx.o
/usr/lib/ccache/c++     -std=c++14 -pipe -Wall -Wno-unknown-pragmas -pthread -DHAVE_CONSTEXPR   -o CMakeFiles/cmTC_93a57.dir/src.cxx.o -c /var/lib/jenkins/workspace/opm-simulators-PR-builder/mpi/build-opm-material/CMakeFiles/CMakeTmp/src.cxx
/var/lib/jenkins/workspace/opm-simulators-PR-builder/mpi/build-opm-material/CMakeFiles/CMakeTmp/src.cxx: In function 'int main()':
/var/lib/jenkins/workspace/opm-simulators-PR-builder/mpi/build-opm-material/CMakeFiles/CMakeTmp/src.cxx:6:21: warning: unused variable 'foobar' [-Wunused-variable]
       constexpr int foobar = foo(100);
                     ^~~~~~
Linking CXX executable cmTC_93a57
/usr/bin/cmake -E cmake_link_script CMakeFiles/cmTC_93a57.dir/link.txt --verbose=1
/usr/lib/ccache/c++   -std=c++14 -pipe -Wall -Wno-unknown-pragmas -pthread -DHAVE_CONSTEXPR    CMakeFiles/cmTC_93a57.dir/src.cxx.o  -o cmTC_93a57 -rdynamic 
make[1]: Leaving directory '/var/lib/jenkins/workspace/opm-simulators-PR-builder/mpi/build-opm-material/CMakeFiles/CMakeTmp'

Source file was:

    template <class T>
    inline constexpr int foo(T bar) { return bar*2; }
    int main(void)
    {
      constexpr int foobar = foo(100);
      return 0;
    }

Performing C++ SOURCE FILE Test HAVE_ARRAY succeeded with the following output:
Change Dir: /var/lib/jenkins/workspace/opm-simulators-PR-builder/mpi/build-opm-material/CMakeFiles/CMakeTmp

Run Build Command:"/usr/bin/make" "cmTC_7e56a/fast"
/usr/bin/make -f CMakeFiles/cmTC_7e56a.dir/build.make CMakeFiles/cmTC_7e56a.dir/build
make[1]: Entering directory '/var/lib/jenkins/workspace/opm-simulators-PR-builder/mpi/build-opm-material/CMakeFiles/CMakeTmp'
Building CXX object CMakeFiles/cmTC_7e56a.dir/src.cxx.o
/usr/lib/ccache/c++     -std=c++14 -pipe -Wall -Wno-unknown-pragmas -pthread -DHAVE_ARRAY   -o CMakeFiles/cmTC_7e56a.dir/src.cxx.o -c /var/lib/jenkins/workspace/opm-simulators-PR-builder/mpi/build-opm-material/CMakeFiles/CMakeTmp/src.cxx
Linking CXX executable cmTC_7e56a
/usr/bin/cmake -E cmake_link_script CMakeFiles/cmTC_7e56a.dir/link.txt --verbose=1
/usr/lib/ccache/c++   -std=c++14 -pipe -Wall -Wno-unknown-pragmas -pthread -DHAVE_ARRAY    CMakeFiles/cmTC_7e56a.dir/src.cxx.o  -o cmTC_7e56a -rdynamic 
make[1]: Leaving directory '/var/lib/jenkins/workspace/opm-simulators-PR-builder/mpi/build-opm-material/CMakeFiles/CMakeTmp'

Source file was:

    #include <array>

    int main(void)
    {
      std::array<int,2> a;
      a.fill(9);
      return 0;
    }

Performing C++ SOURCE FILE Test HAVE_INTEGRAL_CONSTANT succeeded with the following output:
Change Dir: /var/lib/jenkins/workspace/opm-simulators-PR-builder/mpi/build-opm-material/CMakeFiles/CMakeTmp

Run Build Command:"/usr/bin/make" "cmTC_9eb42/fast"
/usr/bin/make -f CMakeFiles/cmTC_9eb42.dir/build.make CMakeFiles/cmTC_9eb42.dir/build
make[1]: Entering directory '/var/lib/jenkins/workspace/opm-simulators-PR-builder/mpi/build-opm-material/CMakeFiles/CMakeTmp'
Building CXX object CMakeFiles/cmTC_9eb42.dir/src.cxx.o
/usr/lib/ccache/c++     -std=c++14 -pipe -Wall -Wno-unknown-pragmas -pthread -DHAVE_INTEGRAL_CONSTANT   -o CMakeFiles/cmTC_9eb42.dir/src.cxx.o -c /var/lib/jenkins/workspace/opm-simulators-PR-builder/mpi/build-opm-material/CMakeFiles/CMakeTmp/src.cxx
Linking CXX executable cmTC_9eb42
/usr/bin/cmake -E cmake_link_script CMakeFiles/cmTC_9eb42.dir/link.txt --verbose=1
/usr/lib/ccache/c++   -std=c++14 -pipe -Wall -Wno-unknown-pragmas -pthread -DHAVE_INTEGRAL_CONSTANT    CMakeFiles/cmTC_9eb42.dir/src.cxx.o  -o cmTC_9eb42 -rdynamic 
make[1]: Leaving directory '/var/lib/jenkins/workspace/opm-simulators-PR-builder/mpi/build-opm-material/CMakeFiles/CMakeTmp'

Source file was:

    #include <type_traits>
    void f( int ){}

    int main(void){
      f( std::integral_constant< int, 42 >() );
    }

Determining if the include file tuple exists passed with the following output:
Change Dir: /var/lib/jenkins/workspace/opm-simulators-PR-builder/mpi/build-opm-material/CMakeFiles/CMakeTmp

Run Build Command:"/usr/bin/make" "cmTC_ae8f0/fast"
/usr/bin/make -f CMakeFiles/cmTC_ae8f0.dir/build.make CMakeFiles/cmTC_ae8f0.dir/build
make[1]: Entering directory '/var/lib/jenkins/workspace/opm-simulators-PR-builder/mpi/build-opm-material/CMakeFiles/CMakeTmp'
Building CXX object CMakeFiles/cmTC_ae8f0.dir/CheckIncludeFile.cxx.o
/usr/lib/ccache/c++     -std=c++14 -pipe -Wall -Wno-unknown-pragmas -pthread    -o CMakeFiles/cmTC_ae8f0.dir/CheckIncludeFile.cxx.o -c /var/lib/jenkins/workspace/opm-simulators-PR-builder/mpi/build-opm-material/CMakeFiles/CMakeTmp/CheckIncludeFile.cxx
Linking CXX executable cmTC_ae8f0
/usr/bin/cmake -E cmake_link_script CMakeFiles/cmTC_ae8f0.dir/link.txt --verbose=1
/usr/lib/ccache/c++   -std=c++14 -pipe -Wall -Wno-unknown-pragmas -pthread     CMakeFiles/cmTC_ae8f0.dir/CheckIncludeFile.cxx.o  -o cmTC_ae8f0 -rdynamic 
make[1]: Leaving directory '/var/lib/jenkins/workspace/opm-simulators-PR-builder/mpi/build-opm-material/CMakeFiles/CMakeTmp'


Determining if the include file tr1/tuple exists passed with the following output:
Change Dir: /var/lib/jenkins/workspace/opm-simulators-PR-builder/mpi/build-opm-material/CMakeFiles/CMakeTmp

Run Build Command:"/usr/bin/make" "cmTC_6ad70/fast"
/usr/bin/make -f CMakeFiles/cmTC_6ad70.dir/build.make CMakeFiles/cmTC_6ad70.dir/build
make[1]: Entering directory '/var/lib/jenkins/workspace/opm-simulators-PR-builder/mpi/build-opm-material/CMakeFiles/CMakeTmp'
Building CXX object CMakeFiles/cmTC_6ad70.dir/CheckIncludeFile.cxx.o
/usr/lib/ccache/c++     -std=c++14 -pipe -Wall -Wno-unknown-pragmas -pthread    -o CMakeFiles/cmTC_6ad70.dir/CheckIncludeFile.cxx.o -c /var/lib/jenkins/workspace/opm-simulators-PR-builder/mpi/build-opm-material/CMakeFiles/CMakeTmp/CheckIncludeFile.cxx
Linking CXX executable cmTC_6ad70
/usr/bin/cmake -E cmake_link_script CMakeFiles/cmTC_6ad70.dir/link.txt --verbose=1
/usr/lib/ccache/c++   -std=c++14 -pipe -Wall -Wno-unknown-pragmas -pthread     CMakeFiles/cmTC_6ad70.dir/CheckIncludeFile.cxx.o  -o cmTC_6ad70 -rdynamic 
make[1]: Leaving directory '/var/lib/jenkins/workspace/opm-simulators-PR-builder/mpi/build-opm-material/CMakeFiles/CMakeTmp'


Performing C++ SOURCE FILE Test HAVE_ATTRIBUTE_ALWAYS_INLINE succeeded with the following output:
Change Dir: /var/lib/jenkins/workspace/opm-simulators-PR-builder/mpi/build-opm-material/CMakeFiles/CMakeTmp

Run Build Command:"/usr/bin/make" "cmTC_8df3c/fast"
/usr/bin/make -f CMakeFiles/cmTC_8df3c.dir/build.make CMakeFiles/cmTC_8df3c.dir/build
make[1]: Entering directory '/var/lib/jenkins/workspace/opm-simulators-PR-builder/mpi/build-opm-material/CMakeFiles/CMakeTmp'
Building CXX object CMakeFiles/cmTC_8df3c.dir/src.cxx.o
/usr/lib/ccache/c++     -std=c++14 -pipe -Wall -Wno-unknown-pragmas -pthread -DHAVE_ATTRIBUTE_ALWAYS_INLINE   -o CMakeFiles/cmTC_8df3c.dir/src.cxx.o -c /var/lib/jenkins/workspace/opm-simulators-PR-builder/mpi/build-opm-material/CMakeFiles/CMakeTmp/src.cxx
/var/lib/jenkins/workspace/opm-simulators-PR-builder/mpi/build-opm-material/CMakeFiles/CMakeTmp/src.cxx:2:40: warning: always_inline function might not be inlinable [-Wattributes]
    void __attribute__((always_inline)) foo(void) {}
                                        ^~~
Linking CXX executable cmTC_8df3c
/usr/bin/cmake -E cmake_link_script CMakeFiles/cmTC_8df3c.dir/link.txt --verbose=1
/usr/lib/ccache/c++   -std=c++14 -pipe -Wall -Wno-unknown-pragmas -pthread -DHAVE_ATTRIBUTE_ALWAYS_INLINE    CMakeFiles/cmTC_8df3c.dir/src.cxx.o  -o cmTC_8df3c -rdynamic 
make[1]: Leaving directory '/var/lib/jenkins/workspace/opm-simulators-PR-builder/mpi/build-opm-material/CMakeFiles/CMakeTmp'

Source file was:

   void __attribute__((always_inline)) foo(void) {}
   int main(void)
   {
     foo();
     return 0;
   };

Performing C++ SOURCE FILE Test HAS_ATTRIBUTE_DEPRECATED succeeded with the following output:
Change Dir: /var/lib/jenkins/workspace/opm-simulators-PR-builder/mpi/build-opm-material/CMakeFiles/CMakeTmp

Run Build Command:"/usr/bin/make" "cmTC_3edd0/fast"
/usr/bin/make -f CMakeFiles/cmTC_3edd0.dir/build.make CMakeFiles/cmTC_3edd0.dir/build
make[1]: Entering directory '/var/lib/jenkins/workspace/opm-simulators-PR-builder/mpi/build-opm-material/CMakeFiles/CMakeTmp'
Building CXX object CMakeFiles/cmTC_3edd0.dir/src.cxx.o
/usr/lib/ccache/c++     -std=c++14 -pipe -Wall -Wno-unknown-pragmas -pthread -DHAS_ATTRIBUTE_DEPRECATED   -o CMakeFiles/cmTC_3edd0.dir/src.cxx.o -c /var/lib/jenkins/workspace/opm-simulators-PR-builder/mpi/build-opm-material/CMakeFiles/CMakeTmp/src.cxx
Linking CXX executable cmTC_3edd0
/usr/bin/cmake -E cmake_link_script CMakeFiles/cmTC_3edd0.dir/link.txt --verbose=1
/usr/lib/ccache/c++   -std=c++14 -pipe -Wall -Wno-unknown-pragmas -pthread -DHAS_ATTRIBUTE_DEPRECATED    CMakeFiles/cmTC_3edd0.dir/src.cxx.o  -o cmTC_3edd0 -rdynamic 
make[1]: Leaving directory '/var/lib/jenkins/workspace/opm-simulators-PR-builder/mpi/build-opm-material/CMakeFiles/CMakeTmp'

Source file was:

#define DEP __attribute__((deprecated))
   class bar
   {
     bar() DEP;
   };

   class peng { } DEP;

   template <class T>
   class t_bar
   {
     t_bar() DEP;
   };

   template <class T>
   class t_peng {
     t_peng() {};
   } DEP;

   void foo() DEP;

   void foo() {};

   int main(void)
   {
     return 0;
   };

Performing C++ SOURCE FILE Test HAS_ATTRIBUTE_DEPRECATED_MSG succeeded with the following output:
Change Dir: /var/lib/jenkins/workspace/opm-simulators-PR-builder/mpi/build-opm-material/CMakeFiles/CMakeTmp

Run Build Command:"/usr/bin/make" "cmTC_834b2/fast"
/usr/bin/make -f CMakeFiles/cmTC_834b2.dir/build.make CMakeFiles/cmTC_834b2.dir/build
make[1]: Entering directory '/var/lib/jenkins/workspace/opm-simulators-PR-builder/mpi/build-opm-material/CMakeFiles/CMakeTmp'
Building CXX object CMakeFiles/cmTC_834b2.dir/src.cxx.o
/usr/lib/ccache/c++     -std=c++14 -pipe -Wall -Wno-unknown-pragmas -pthread -DHAS_ATTRIBUTE_DEPRECATED_MSG   -o CMakeFiles/cmTC_834b2.dir/src.cxx.o -c /var/lib/jenkins/workspace/opm-simulators-PR-builder/mpi/build-opm-material/CMakeFiles/CMakeTmp/src.cxx
Linking CXX executable cmTC_834b2
/usr/bin/cmake -E cmake_link_script CMakeFiles/cmTC_834b2.dir/link.txt --verbose=1
/usr/lib/ccache/c++   -std=c++14 -pipe -Wall -Wno-unknown-pragmas -pthread -DHAS_ATTRIBUTE_DEPRECATED_MSG    CMakeFiles/cmTC_834b2.dir/src.cxx.o  -o cmTC_834b2 -rdynamic 
make[1]: Leaving directory '/var/lib/jenkins/workspace/opm-simulators-PR-builder/mpi/build-opm-material/CMakeFiles/CMakeTmp'

Source file was:

#define DEP __attribute__((deprecated("message")))
   class bar {
     bar() DEP;
   };

   class peng { } DEP;

   template <class T>
   class t_bar
   {
     t_bar() DEP;
   };

   template <class T>
   class t_peng
   {
     t_peng() {};
   } DEP;

   void foo() DEP;

   void foo() {};

   int main(void)
   {
     return 0;
   };

Performing C++ SOURCE FILE Test HAVE_STATIC_ASSERT succeeded with the following output:
Change Dir: /var/lib/jenkins/workspace/opm-simulators-PR-builder/mpi/build-opm-material/CMakeFiles/CMakeTmp

Run Build Command:"/usr/bin/make" "cmTC_09d52/fast"
/usr/bin/make -f CMakeFiles/cmTC_09d52.dir/build.make CMakeFiles/cmTC_09d52.dir/build
make[1]: Entering directory '/var/lib/jenkins/workspace/opm-simulators-PR-builder/mpi/build-opm-material/CMakeFiles/CMakeTmp'
Building CXX object CMakeFiles/cmTC_09d52.dir/src.cxx.o
/usr/lib/ccache/c++     -std=c++14 -pipe -Wall -Wno-unknown-pragmas -pthread -DHAVE_STATIC_ASSERT   -o CMakeFiles/cmTC_09d52.dir/src.cxx.o -c /var/lib/jenkins/workspace/opm-simulators-PR-builder/mpi/build-opm-material/CMakeFiles/CMakeTmp/src.cxx
Linking CXX executable cmTC_09d52
/usr/bin/cmake -E cmake_link_script CMakeFiles/cmTC_09d52.dir/link.txt --verbose=1
/usr/lib/ccache/c++   -std=c++14 -pipe -Wall -Wno-unknown-pragmas -pthread -DHAVE_STATIC_ASSERT    CMakeFiles/cmTC_09d52.dir/src.cxx.o  -o cmTC_09d52 -rdynamic 
make[1]: Leaving directory '/var/lib/jenkins/workspace/opm-simulators-PR-builder/mpi/build-opm-material/CMakeFiles/CMakeTmp'

Source file was:

   int main(void)
   {
     static_assert(true,"MSG");
     return 0;
   }

Performing C++ SOURCE FILE Test HAVE_AUTO succeeded with the following output:
Change Dir: /var/lib/jenkins/workspace/opm-simulators-PR-builder/mpi/build-opm-material/CMakeFiles/CMakeTmp

Run Build Command:"/usr/bin/make" "cmTC_c3e90/fast"
/usr/bin/make -f CMakeFiles/cmTC_c3e90.dir/build.make CMakeFiles/cmTC_c3e90.dir/build
make[1]: Entering directory '/var/lib/jenkins/workspace/opm-simulators-PR-builder/mpi/build-opm-material/CMakeFiles/CMakeTmp'
Building CXX object CMakeFiles/cmTC_c3e90.dir/src.cxx.o
/usr/lib/ccache/c++     -std=c++14 -pipe -Wall -Wno-unknown-pragmas -pthread -DHAVE_AUTO   -o CMakeFiles/cmTC_c3e90.dir/src.cxx.o -c /var/lib/jenkins/workspace/opm-simulators-PR-builder/mpi/build-opm-material/CMakeFiles/CMakeTmp/src.cxx
/var/lib/jenkins/workspace/opm-simulators-PR-builder/mpi/build-opm-material/CMakeFiles/CMakeTmp/src.cxx: In function 'int main()':
/var/lib/jenkins/workspace/opm-simulators-PR-builder/mpi/build-opm-material/CMakeFiles/CMakeTmp/src.cxx:4:11: warning: unused variable 'foo' [-Wunused-variable]
      auto foo = 1.23;
           ^~~
Linking CXX executable cmTC_c3e90
/usr/bin/cmake -E cmake_link_script CMakeFiles/cmTC_c3e90.dir/link.txt --verbose=1
/usr/lib/ccache/c++   -std=c++14 -pipe -Wall -Wno-unknown-pragmas -pthread -DHAVE_AUTO    CMakeFiles/cmTC_c3e90.dir/src.cxx.o  -o cmTC_c3e90 -rdynamic 
make[1]: Leaving directory '/var/lib/jenkins/workspace/opm-simulators-PR-builder/mpi/build-opm-material/CMakeFiles/CMakeTmp'

Source file was:

   int main(void)
   {
     auto foo = 1.23;
     return 0;
   }

Performing C++ SOURCE FILE Test HAVE_VARIADIC_TEMPLATES succeeded with the following output:
Change Dir: /var/lib/jenkins/workspace/opm-simulators-PR-builder/mpi/build-opm-material/CMakeFiles/CMakeTmp

Run Build Command:"/usr/bin/make" "cmTC_30986/fast"
/usr/bin/make -f CMakeFiles/cmTC_30986.dir/build.make CMakeFiles/cmTC_30986.dir/build
make[1]: Entering directory '/var/lib/jenkins/workspace/opm-simulators-PR-builder/mpi/build-opm-material/CMakeFiles/CMakeTmp'
Building CXX object CMakeFiles/cmTC_30986.dir/src.cxx.o
/usr/lib/ccache/c++     -std=c++14 -pipe -Wall -Wno-unknown-pragmas -pthread -DHAVE_VARIADIC_TEMPLATES   -o CMakeFiles/cmTC_30986.dir/src.cxx.o -c /var/lib/jenkins/workspace/opm-simulators-PR-builder/mpi/build-opm-material/CMakeFiles/CMakeTmp/src.cxx
Linking CXX executable cmTC_30986
/usr/bin/cmake -E cmake_link_script CMakeFiles/cmTC_30986.dir/link.txt --verbose=1
/usr/lib/ccache/c++   -std=c++14 -pipe -Wall -Wno-unknown-pragmas -pthread -DHAVE_VARIADIC_TEMPLATES    CMakeFiles/cmTC_30986.dir/src.cxx.o  -o cmTC_30986 -rdynamic 
make[1]: Leaving directory '/var/lib/jenkins/workspace/opm-simulators-PR-builder/mpi/build-opm-material/CMakeFiles/CMakeTmp'

Source file was:

   #include <cassert>

   template<typename... T>
   int addints(T... x);

   int add_ints()
   {
     return 0;
   }

   template<typename T1, typename... T>
   int add_ints(T1 t1, T... t)
   {
     return t1 + add_ints(t...);
   }

   int main(void)
   {
     assert( 5 == add_ints(9,3,-5,-2) );
     return 0;
   }

Performing C++ SOURCE FILE Test HAVE_VARIADIC_CONSTRUCTOR_SFINAE succeeded with the following output:
Change Dir: /var/lib/jenkins/workspace/opm-simulators-PR-builder/mpi/build-opm-material/CMakeFiles/CMakeTmp

Run Build Command:"/usr/bin/make" "cmTC_4abb1/fast"
/usr/bin/make -f CMakeFiles/cmTC_4abb1.dir/build.make CMakeFiles/cmTC_4abb1.dir/build
make[1]: Entering directory '/var/lib/jenkins/workspace/opm-simulators-PR-builder/mpi/build-opm-material/CMakeFiles/CMakeTmp'
Building CXX object CMakeFiles/cmTC_4abb1.dir/src.cxx.o
/usr/lib/ccache/c++     -std=c++14 -pipe -Wall -Wno-unknown-pragmas -pthread -DHAVE_VARIADIC_CONSTRUCTOR_SFINAE   -o CMakeFiles/cmTC_4abb1.dir/src.cxx.o -c /var/lib/jenkins/workspace/opm-simulators-PR-builder/mpi/build-opm-material/CMakeFiles/CMakeTmp/src.cxx
Linking CXX executable cmTC_4abb1
/usr/bin/cmake -E cmake_link_script CMakeFiles/cmTC_4abb1.dir/link.txt --verbose=1
/usr/lib/ccache/c++   -std=c++14 -pipe -Wall -Wno-unknown-pragmas -pthread -DHAVE_VARIADIC_CONSTRUCTOR_SFINAE    CMakeFiles/cmTC_4abb1.dir/src.cxx.o  -o cmTC_4abb1 -rdynamic 
make[1]: Leaving directory '/var/lib/jenkins/workspace/opm-simulators-PR-builder/mpi/build-opm-material/CMakeFiles/CMakeTmp'

Source file was:

  #include <functional>

  template<typename... U>
  struct A
  {
    template<typename... T,
             typename = typename std::enable_if<(sizeof...(T) < 2)>::type
            >
    A(T... t)
    : i(1)
    {}

    template<typename... T,
             typename = typename std::enable_if<(sizeof...(T) >= 2)>::type,
             typename = void
            >
    A(T... t)
    : i(-1)
    {}

    A()
    : i(1)
    {}

    int i;
  };

  int main(void)
  {
    return (A<int>().i + A<int>(2).i + A<int>("foo",3.4).i + A<int>(8,'a',A<int>()).i == 0 ? 0 : 1);
  }

Performing C++ SOURCE FILE Test HAVE_RVALUE_REFERENCES succeeded with the following output:
Change Dir: /var/lib/jenkins/workspace/opm-simulators-PR-builder/mpi/build-opm-material/CMakeFiles/CMakeTmp

Run Build Command:"/usr/bin/make" "cmTC_f3663/fast"
/usr/bin/make -f CMakeFiles/cmTC_f3663.dir/build.make CMakeFiles/cmTC_f3663.dir/build
make[1]: Entering directory '/var/lib/jenkins/workspace/opm-simulators-PR-builder/mpi/build-opm-material/CMakeFiles/CMakeTmp'
Building CXX object CMakeFiles/cmTC_f3663.dir/src.cxx.o
/usr/lib/ccache/c++     -std=c++14 -pipe -Wall -Wno-unknown-pragmas -pthread -DHAVE_RVALUE_REFERENCES   -o CMakeFiles/cmTC_f3663.dir/src.cxx.o -c /var/lib/jenkins/workspace/opm-simulators-PR-builder/mpi/build-opm-material/CMakeFiles/CMakeTmp/src.cxx
Linking CXX executable cmTC_f3663
/usr/bin/cmake -E cmake_link_script CMakeFiles/cmTC_f3663.dir/link.txt --verbose=1
/usr/lib/ccache/c++   -std=c++14 -pipe -Wall -Wno-unknown-pragmas -pthread -DHAVE_RVALUE_REFERENCES    CMakeFiles/cmTC_f3663.dir/src.cxx.o  -o cmTC_f3663 -rdynamic 
make[1]: Leaving directory '/var/lib/jenkins/workspace/opm-simulators-PR-builder/mpi/build-opm-material/CMakeFiles/CMakeTmp'

Source file was:

  #include <cassert>
  #include <utility>
  int foo(int&& x) { return 1; }
  int foo(const int& x) { return -1; }

  template<typename T>
  int forward(T&& x)
  {
    return foo(std::forward<T>(x));
  }

  int main(void)
  {
    int i = 0;
    assert( forward(i) + forward(int(2)) == 0);
    return 0;
  }

Determining if the include file tr1/type_traits exists passed with the following output:
Change Dir: /var/lib/jenkins/workspace/opm-simulators-PR-builder/mpi/build-opm-material/CMakeFiles/CMakeTmp

Run Build Command:"/usr/bin/make" "cmTC_eb31a/fast"
/usr/bin/make -f CMakeFiles/cmTC_eb31a.dir/build.make CMakeFiles/cmTC_eb31a.dir/build
make[1]: Entering directory '/var/lib/jenkins/workspace/opm-simulators-PR-builder/mpi/build-opm-material/CMakeFiles/CMakeTmp'
Building CXX object CMakeFiles/cmTC_eb31a.dir/CheckIncludeFile.cxx.o
/usr/lib/ccache/c++     -std=c++14 -pipe -Wall -Wno-unknown-pragmas -pthread    -o CMakeFiles/cmTC_eb31a.dir/CheckIncludeFile.cxx.o -c /var/lib/jenkins/workspace/opm-simulators-PR-builder/mpi/build-opm-material/CMakeFiles/CMakeTmp/CheckIncludeFile.cxx
Linking CXX executable cmTC_eb31a
/usr/bin/cmake -E cmake_link_script CMakeFiles/cmTC_eb31a.dir/link.txt --verbose=1
/usr/lib/ccache/c++   -std=c++14 -pipe -Wall -Wno-unknown-pragmas -pthread     CMakeFiles/cmTC_eb31a.dir/CheckIncludeFile.cxx.o  -o cmTC_eb31a -rdynamic 
make[1]: Leaving directory '/var/lib/jenkins/workspace/opm-simulators-PR-builder/mpi/build-opm-material/CMakeFiles/CMakeTmp'


Performing C++ SOURCE FILE Test HAVE_OPM_COMMON succeeded with the following output:
Change Dir: /var/lib/jenkins/workspace/opm-simulators-PR-builder/mpi/build-opm-material/CMakeFiles/CMakeTmp

Run Build Command:"/usr/bin/make" "cmTC_0da3c/fast"
/usr/bin/make -f CMakeFiles/cmTC_0da3c.dir/build.make CMakeFiles/cmTC_0da3c.dir/build
make[1]: Entering directory '/var/lib/jenkins/workspace/opm-simulators-PR-builder/mpi/build-opm-material/CMakeFiles/CMakeTmp'
Building CXX object CMakeFiles/cmTC_0da3c.dir/src.cxx.o
/usr/lib/ccache/c++   -DHAS_ATTRIBUTE_UNUSED=1 -I/var/lib/jenkins/workspace/opm-simulators-PR-builder/mpi/install/include  -std=c++14 -pipe -Wall -Wno-unknown-pragmas -pthread -DHAVE_OPM_COMMON   -o CMakeFiles/cmTC_0da3c.dir/src.cxx.o -c /var/lib/jenkins/workspace/opm-simulators-PR-builder/mpi/build-opm-material/CMakeFiles/CMakeTmp/src.cxx
Linking CXX executable cmTC_0da3c
/usr/bin/cmake -E cmake_link_script CMakeFiles/cmTC_0da3c.dir/link.txt --verbose=1
/usr/lib/ccache/c++   -std=c++14 -pipe -Wall -Wno-unknown-pragmas -pthread -DHAVE_OPM_COMMON    CMakeFiles/cmTC_0da3c.dir/src.cxx.o  -o cmTC_0da3c -rdynamic /var/lib/jenkins/workspace/opm-simulators-PR-builder/mpi/install/lib/x86_64-linux-gnu/libopmcommon.a -lpthread /usr/lib/x86_64-linux-gnu/libboost_regex.so /usr/lib/x86_64-linux-gnu/libboost_filesystem.so /usr/lib/x86_64-linux-gnu/libboost_system.so /usr/lib/x86_64-linux-gnu/libboost_date_time.so 
make[1]: Leaving directory '/var/lib/jenkins/workspace/opm-simulators-PR-builder/mpi/build-opm-material/CMakeFiles/CMakeTmp'

Source file was:
#include <opm/common/utility/platform_dependent/disable_warnings.h>
int main (void) {
  return 0;  
}

Performing C++ SOURCE FILE Test HAVE_DYNAMIC_BOOST_TEST succeeded with the following output:
Change Dir: /var/lib/jenkins/workspace/opm-simulators-PR-builder/mpi/build-opm-material/CMakeFiles/CMakeTmp

Run Build Command:"/usr/bin/make" "cmTC_3c268/fast"
/usr/bin/make -f CMakeFiles/cmTC_3c268.dir/build.make CMakeFiles/cmTC_3c268.dir/build
make[1]: Entering directory '/var/lib/jenkins/workspace/opm-simulators-PR-builder/mpi/build-opm-material/CMakeFiles/CMakeTmp'
Building CXX object CMakeFiles/cmTC_3c268.dir/src.cxx.o
/usr/lib/ccache/c++     -std=c++14 -pipe -Wall -Wno-unknown-pragmas -pthread -DHAVE_DYNAMIC_BOOST_TEST   -o CMakeFiles/cmTC_3c268.dir/src.cxx.o -c /var/lib/jenkins/workspace/opm-simulators-PR-builder/mpi/build-opm-material/CMakeFiles/CMakeTmp/src.cxx
Linking CXX executable cmTC_3c268
/usr/bin/cmake -E cmake_link_script CMakeFiles/cmTC_3c268.dir/link.txt --verbose=1
/usr/lib/ccache/c++   -std=c++14 -pipe -Wall -Wno-unknown-pragmas -pthread -DHAVE_DYNAMIC_BOOST_TEST    CMakeFiles/cmTC_3c268.dir/src.cxx.o  -o cmTC_3c268 -rdynamic /usr/lib/x86_64-linux-gnu/libboost_unit_test_framework.so 
make[1]: Leaving directory '/var/lib/jenkins/workspace/opm-simulators-PR-builder/mpi/build-opm-material/CMakeFiles/CMakeTmp'

Source file was:

#define BOOST_TEST_DYN_LINK
#define BOOST_TEST_MODULE DYNLINK_TEST
#include <boost/test/unit_test.hpp>

int f(int x) { return 2 * x; }

BOOST_AUTO_TEST_CASE(DynlinkConfigureTest) {
  BOOST_CHECK_MESSAGE(f(2) == 4,
                      "Apparently, multiplication doesn't "
                      "work: f(2) = " << f(2));
}
Determining if the function sgemm_ exists passed with the following output:
Change Dir: /var/lib/jenkins/workspace/opm-simulators-PR-builder/mpi/build-opm-material/CMakeFiles/CMakeTmp

Run Build Command:"/usr/bin/make" "cmTC_b910b/fast"
/usr/bin/make -f CMakeFiles/cmTC_b910b.dir/build.make CMakeFiles/cmTC_b910b.dir/build
make[1]: Entering directory '/var/lib/jenkins/workspace/opm-simulators-PR-builder/mpi/build-opm-material/CMakeFiles/CMakeTmp'
Building C object CMakeFiles/cmTC_b910b.dir/CheckFunctionExists.c.o
/usr/lib/ccache/cc    -pipe -Wall -Wno-unknown-pragmas -pthread -std=c99 -DCHECK_FUNCTION_EXISTS=sgemm_   -o CMakeFiles/cmTC_b910b.dir/CheckFunctionExists.c.o   -c /usr/share/cmake-3.7/Modules/CheckFunctionExists.c
Linking C executable cmTC_b910b
/usr/bin/cmake -E cmake_link_script CMakeFiles/cmTC_b910b.dir/link.txt --verbose=1
/usr/lib/ccache/cc  -pipe -Wall -Wno-unknown-pragmas -pthread -std=c99 -DCHECK_FUNCTION_EXISTS=sgemm_    CMakeFiles/cmTC_b910b.dir/CheckFunctionExists.c.o  -o cmTC_b910b -rdynamic /usr/lib/libblas.so 
make[1]: Leaving directory '/var/lib/jenkins/workspace/opm-simulators-PR-builder/mpi/build-opm-material/CMakeFiles/CMakeTmp'


Determining if the function cheev_ exists passed with the following output:
Change Dir: /var/lib/jenkins/workspace/opm-simulators-PR-builder/mpi/build-opm-material/CMakeFiles/CMakeTmp

Run Build Command:"/usr/bin/make" "cmTC_65659/fast"
/usr/bin/make -f CMakeFiles/cmTC_65659.dir/build.make CMakeFiles/cmTC_65659.dir/build
make[1]: Entering directory '/var/lib/jenkins/workspace/opm-simulators-PR-builder/mpi/build-opm-material/CMakeFiles/CMakeTmp'
Building C object CMakeFiles/cmTC_65659.dir/CheckFunctionExists.c.o
/usr/lib/ccache/cc    -pipe -Wall -Wno-unknown-pragmas -pthread -std=c99 -DCHECK_FUNCTION_EXISTS=cheev_   -o CMakeFiles/cmTC_65659.dir/CheckFunctionExists.c.o   -c /usr/share/cmake-3.7/Modules/CheckFunctionExists.c
Linking C executable cmTC_65659
/usr/bin/cmake -E cmake_link_script CMakeFiles/cmTC_65659.dir/link.txt --verbose=1
/usr/lib/ccache/cc  -pipe -Wall -Wno-unknown-pragmas -pthread -std=c99 -DCHECK_FUNCTION_EXISTS=cheev_    CMakeFiles/cmTC_65659.dir/CheckFunctionExists.c.o  -o cmTC_65659 -rdynamic /usr/lib/liblapack.so /usr/lib/libblas.so 
make[1]: Leaving directory '/var/lib/jenkins/workspace/opm-simulators-PR-builder/mpi/build-opm-material/CMakeFiles/CMakeTmp'


Performing C++ SOURCE FILE Test HAVE_CXA_DEMANGLE succeeded with the following output:
Change Dir: /var/lib/jenkins/workspace/opm-simulators-PR-builder/mpi/build-opm-material/CMakeFiles/CMakeTmp

Run Build Command:"/usr/bin/make" "cmTC_43fe8/fast"
/usr/bin/make -f CMakeFiles/cmTC_43fe8.dir/build.make CMakeFiles/cmTC_43fe8.dir/build
make[1]: Entering directory '/var/lib/jenkins/workspace/opm-simulators-PR-builder/mpi/build-opm-material/CMakeFiles/CMakeTmp'
Building CXX object CMakeFiles/cmTC_43fe8.dir/src.cxx.o
/usr/lib/ccache/c++     -std=c++14 -pipe -Wall -Wno-unknown-pragmas -pthread -DHAVE_CXA_DEMANGLE   -o CMakeFiles/cmTC_43fe8.dir/src.cxx.o -c /var/lib/jenkins/workspace/opm-simulators-PR-builder/mpi/build-opm-material/CMakeFiles/CMakeTmp/src.cxx
/var/lib/jenkins/workspace/opm-simulators-PR-builder/mpi/build-opm-material/CMakeFiles/CMakeTmp/src.cxx: In function 'int main()':
/var/lib/jenkins/workspace/opm-simulators-PR-builder/mpi/build-opm-material/CMakeFiles/CMakeTmp/src.cxx:6:11: warning: unused variable 'demangled' [-Wunused-variable]
     char *demangled = abi::__cxa_demangle( foo, 0, 0, &status );
           ^~~~~~~~~
Linking CXX executable cmTC_43fe8
/usr/bin/cmake -E cmake_link_script CMakeFiles/cmTC_43fe8.dir/link.txt --verbose=1
/usr/lib/ccache/c++   -std=c++14 -pipe -Wall -Wno-unknown-pragmas -pthread -DHAVE_CXA_DEMANGLE    CMakeFiles/cmTC_43fe8.dir/src.cxx.o  -o cmTC_43fe8 -rdynamic 
make[1]: Leaving directory '/var/lib/jenkins/workspace/opm-simulators-PR-builder/mpi/build-opm-material/CMakeFiles/CMakeTmp'

Source file was:
#include <cxxabi.h>
int main(void){
    int foobar = 0;
    const char *foo = typeid(foobar).name();
    int status;
    char *demangled = abi::__cxa_demangle( foo, 0, 0, &status );
}
Performing C++ SOURCE FILE Test HAVE_DUNE_COMMON succeeded with the following output:
Change Dir: /var/lib/jenkins/workspace/opm-simulators-PR-builder/mpi/build-opm-material/CMakeFiles/CMakeTmp

Run Build Command:"/usr/bin/make" "cmTC_6bc8b/fast"
/usr/bin/make -f CMakeFiles/cmTC_6bc8b.dir/build.make CMakeFiles/cmTC_6bc8b.dir/build
make[1]: Entering directory '/var/lib/jenkins/workspace/opm-simulators-PR-builder/mpi/build-opm-material/CMakeFiles/CMakeTmp'
Building CXX object CMakeFiles/cmTC_6bc8b.dir/src.cxx.o
/usr/lib/ccache/c++   -DDUNE_COMMON_FIELDVECTOR_SIZE_IS_METHOD=1 -DHAS_ATTRIBUTE_DEPRECATED=1 -DHAS_ATTRIBUTE_DEPRECATED_MSG=1 -DHAS_ATTRIBUTE_UNUSED=1 -DHAVE_ARRAY=1 -DHAVE_CXA_DEMANGLE=1 -DHAVE_MAKE_SHARED=1 -DHAVE_MPI=1 -DHAVE_NULLPTR=1 -DHAVE_SHARED_PTR=1 -DHAVE_STATIC_ASSERT=1 -DHAVE_TR1_TUPLE=1 -DHAVE_TUPLE=1 -DHAVE_TYPE_TRAITS=1 -DSHARED_PTR_HEADER="<memory>" -DSHARED_PTR_NAMESPACE=std -I/usr/lib/x86_64-linux-gnu/openmpi/include/openmpi -I/usr/lib/x86_64-linux-gnu/openmpi/include/openmpi/opal/mca/event/libevent2022/libevent -I/usr/lib/x86_64-linux-gnu/openmpi/include/openmpi/opal/mca/event/libevent2022/libevent/include -I/usr/lib/x86_64-linux-gnu/openmpi/include  -std=c++14 -pipe -Wall -Wno-unknown-pragmas -pthread -DHAVE_DUNE_COMMON   -o CMakeFiles/cmTC_6bc8b.dir/src.cxx.o -c /var/lib/jenkins/workspace/opm-simulators-PR-builder/mpi/build-opm-material/CMakeFiles/CMakeTmp/src.cxx
/var/lib/jenkins/workspace/opm-simulators-PR-builder/mpi/build-opm-material/CMakeFiles/CMakeTmp/src.cxx: In function 'int main()':
/var/lib/jenkins/workspace/opm-simulators-PR-builder/mpi/build-opm-material/CMakeFiles/CMakeTmp/src.cxx:8:31: warning: variable 'w' set but not used [-Wunused-but-set-variable]
   Dune::FieldVector<double,1> w = m*v;
                               ^
Linking CXX executable cmTC_6bc8b
/usr/bin/cmake -E cmake_link_script CMakeFiles/cmTC_6bc8b.dir/link.txt --verbose=1
/usr/lib/ccache/c++   -std=c++14 -pipe -Wall -Wno-unknown-pragmas -pthread -DHAVE_DUNE_COMMON    CMakeFiles/cmTC_6bc8b.dir/src.cxx.o  -o cmTC_6bc8b -Wl,-rpath,/usr/lib/x86_64-linux-gnu/openmpi/lib -rdynamic /usr/lib/x86_64-linux-gnu/libdunecommon.so.2.5.0 /usr/lib/liblapack.so /usr/lib/libblas.so /usr/lib/x86_64-linux-gnu/openmpi/lib/libmpi_cxx.so /usr/lib/x86_64-linux-gnu/openmpi/lib/libmpi.so 
make[1]: Leaving directory '/var/lib/jenkins/workspace/opm-simulators-PR-builder/mpi/build-opm-material/CMakeFiles/CMakeTmp'

Source file was:
#include <dune/common/fvector.hh>
#include <dune/common/fmatrix.hh>
int main (void) {
  Dune::FieldVector<double,1> v;
  Dune::FieldMatrix<double,1,1> m;
  m[0][0] = 1.0;
  v[0]    = 1.0;
  Dune::FieldVector<double,1> w = m*v;
  return 0;
}

Determining if the function MPI_Finalized exists passed with the following output:
Change Dir: /var/lib/jenkins/workspace/opm-simulators-PR-builder/mpi/build-opm-material/CMakeFiles/CMakeTmp

Run Build Command:"/usr/bin/make" "cmTC_393b2/fast"
/usr/bin/make -f CMakeFiles/cmTC_393b2.dir/build.make CMakeFiles/cmTC_393b2.dir/build
make[1]: Entering directory '/var/lib/jenkins/workspace/opm-simulators-PR-builder/mpi/build-opm-material/CMakeFiles/CMakeTmp'
Building C object CMakeFiles/cmTC_393b2.dir/CheckFunctionExists.c.o
/usr/lib/ccache/cc    -pipe -Wall -Wno-unknown-pragmas -pthread -std=c99 -DCHECK_FUNCTION_EXISTS=MPI_Finalized   -o CMakeFiles/cmTC_393b2.dir/CheckFunctionExists.c.o   -c /usr/share/cmake-3.7/Modules/CheckFunctionExists.c
Linking C executable cmTC_393b2
/usr/bin/cmake -E cmake_link_script CMakeFiles/cmTC_393b2.dir/link.txt --verbose=1
/usr/lib/ccache/cc  -pipe -Wall -Wno-unknown-pragmas -pthread -std=c99 -DCHECK_FUNCTION_EXISTS=MPI_Finalized    CMakeFiles/cmTC_393b2.dir/CheckFunctionExists.c.o  -o cmTC_393b2 -Wl,-rpath,/usr/lib/x86_64-linux-gnu/openmpi/lib -rdynamic /usr/lib/x86_64-linux-gnu/openmpi/lib/libmpi.so 
make[1]: Leaving directory '/var/lib/jenkins/workspace/opm-simulators-PR-builder/mpi/build-opm-material/CMakeFiles/CMakeTmp'


Performing C++ SOURCE FILE Test HAVE_DYNAMIC_BOOST_TEST succeeded with the following output:
Change Dir: /var/lib/jenkins/workspace/opm-simulators-PR-builder/mpi/build-opm-material/CMakeFiles/CMakeTmp

Run Build Command:"/usr/bin/make" "cmTC_83b24/fast"
/usr/bin/make -f CMakeFiles/cmTC_83b24.dir/build.make CMakeFiles/cmTC_83b24.dir/build
make[1]: Entering directory '/var/lib/jenkins/workspace/opm-simulators-PR-builder/mpi/build-opm-material/CMakeFiles/CMakeTmp'
Building CXX object CMakeFiles/cmTC_83b24.dir/src.cxx.o
/usr/lib/ccache/c++     -std=c++14 -pipe -Wall -Wno-unknown-pragmas -pthread -DHAVE_DYNAMIC_BOOST_TEST   -o CMakeFiles/cmTC_83b24.dir/src.cxx.o -c /var/lib/jenkins/workspace/opm-simulators-PR-builder/mpi/build-opm-material/CMakeFiles/CMakeTmp/src.cxx
Linking CXX executable cmTC_83b24
/usr/bin/cmake -E cmake_link_script CMakeFiles/cmTC_83b24.dir/link.txt --verbose=1
/usr/lib/ccache/c++   -std=c++14 -pipe -Wall -Wno-unknown-pragmas -pthread -DHAVE_DYNAMIC_BOOST_TEST    CMakeFiles/cmTC_83b24.dir/src.cxx.o  -o cmTC_83b24 -rdynamic /usr/lib/x86_64-linux-gnu/libboost_unit_test_framework.so 
make[1]: Leaving directory '/var/lib/jenkins/workspace/opm-simulators-PR-builder/mpi/build-opm-material/CMakeFiles/CMakeTmp'

Source file was:

#define BOOST_TEST_DYN_LINK
#define BOOST_TEST_MODULE DYNLINK_TEST
#include <boost/test/unit_test.hpp>

int f(int x) { return 2 * x; }

BOOST_AUTO_TEST_CASE(DynlinkConfigureTest) {
  BOOST_CHECK_MESSAGE(f(2) == 4,
                      "Apparently, multiplication doesn't "
                      "work: f(2) = " << f(2));
}
